<?xml version="1.0" encoding="utf-8"?>
<CoverageSession>
  <Summary numSequencePoints="406" visitedSequencePoints="325" numBranchPoints="250" visitedBranchPoints="178" sequenceCoverage="80.04" branchCoverage="71.2" maxCyclomaticComplexity="319" minCyclomaticComplexity="319" visitedClasses="12" numClasses="12" visitedMethods="99" numMethods="111" />
  <Modules>
    <Module hash="27EE1433-EB55-4674-A52C-63A1DCFC872C">
      <ModulePath>Ignis.dll</ModulePath>
      <ModuleTime>2020-12-07T06:33:10</ModuleTime>
      <ModuleName>Ignis</ModuleName>
      <Files>
        <File uid="1" fullPath="/home/razer/vscode-projects/bsp-playground/External/Ignis/Ignis/EntityIdEventArgs.cs" />
        <File uid="2" fullPath="/home/razer/vscode-projects/bsp-playground/External/Ignis/Ignis/EntityManager.cs" />
        <File uid="3" fullPath="/home/razer/vscode-projects/bsp-playground/External/Ignis/Ignis/IgnisExtensions.cs" />
        <File uid="4" fullPath="/home/razer/vscode-projects/bsp-playground/External/Ignis/Ignis/SystemBase.cs" />
        <File uid="5" fullPath="/home/razer/vscode-projects/bsp-playground/External/Ignis/Ignis/Storage/DoubleListStorage.cs" />
        <File uid="6" fullPath="/home/razer/vscode-projects/bsp-playground/External/Ignis/Ignis/Storage/EntityValuePair.cs" />
        <File uid="7" fullPath="/home/razer/vscode-projects/bsp-playground/External/Ignis/Ignis/Storage/ListOfPairsStorage.cs" />
        <File uid="8" fullPath="/home/razer/vscode-projects/bsp-playground/External/Ignis/Ignis/Storage/NullStorage.cs" />
        <File uid="9" fullPath="/home/razer/vscode-projects/bsp-playground/External/Ignis/Ignis/Containers/ContainerProvider.cs" />
        <File uid="10" fullPath="/home/razer/vscode-projects/bsp-playground/External/Ignis/Ignis/Containers/MicroResolverContainer.cs" />
      </Files>
      <Classes>
        <Class>
          <Summary numSequencePoints="2" visitedSequencePoints="2" numBranchPoints="0" visitedBranchPoints="0" sequenceCoverage="100" branchCoverage="100" maxCyclomaticComplexity="1" minCyclomaticComplexity="1" visitedClasses="1" numClasses="1" visitedMethods="2" numMethods="2" />
          <FullName>Ignis.EntityIdEventArgs</FullName>
          <Methods>
            <Method cyclomaticComplexity="1" nPathComplexity="0" sequenceCoverage="100" branchCoverage="100" isConstructor="False" isGetter="True" isSetter="False" isStatic="True">
              <Summary numSequencePoints="1" visitedSequencePoints="1" numBranchPoints="0" visitedBranchPoints="0" sequenceCoverage="100" branchCoverage="100" maxCyclomaticComplexity="1" minCyclomaticComplexity="1" visitedClasses="0" numClasses="0" visitedMethods="1" numMethods="1" />
              <MetadataToken />
              <Name>System.Int32 Ignis.EntityIdEventArgs::get_EntityID()</Name>
              <FileRef uid="1" />
              <SequencePoints>
                <SequencePoint vc="4" uspid="7" ordinal="0" sl="7" sc="1" el="7" ec="2" bec="0" bev="0" fileid="1" />
              </SequencePoints>
              <BranchPoints />
              <MethodPoint vc="1" uspid="0" p8:type="SequencePoint" ordinal="0" offset="0" sc="0" sl="7" ec="1" el="7" bec="0" bev="0" fileid="1" xmlns:p8="xsi" />
            </Method>
            <Method cyclomaticComplexity="1" nPathComplexity="0" sequenceCoverage="100" branchCoverage="100" isConstructor="True" isGetter="False" isSetter="False" isStatic="True">
              <Summary numSequencePoints="1" visitedSequencePoints="1" numBranchPoints="0" visitedBranchPoints="0" sequenceCoverage="100" branchCoverage="100" maxCyclomaticComplexity="1" minCyclomaticComplexity="1" visitedClasses="0" numClasses="0" visitedMethods="1" numMethods="1" />
              <MetadataToken />
              <Name>System.Void Ignis.EntityIdEventArgs::.ctor(System.Int32)</Name>
              <FileRef uid="1" />
              <SequencePoints>
                <SequencePoint vc="4" uspid="8" ordinal="0" sl="8" sc="1" el="8" ec="2" bec="0" bev="0" fileid="1" />
              </SequencePoints>
              <BranchPoints />
              <MethodPoint vc="1" uspid="0" p8:type="SequencePoint" ordinal="1" offset="1" sc="0" sl="8" ec="1" el="8" bec="0" bev="0" fileid="1" xmlns:p8="xsi" />
            </Method>
          </Methods>
        </Class>
        <Class>
          <Summary numSequencePoints="192" visitedSequencePoints="144" numBranchPoints="180" visitedBranchPoints="132" sequenceCoverage="75" branchCoverage="73.33" maxCyclomaticComplexity="16" minCyclomaticComplexity="1" visitedClasses="1" numClasses="1" visitedMethods="32" numMethods="38" />
          <FullName>Ignis.EntityManager</FullName>
          <Methods>
            <Method cyclomaticComplexity="1" nPathComplexity="0" sequenceCoverage="100" branchCoverage="100" isConstructor="False" isGetter="True" isSetter="False" isStatic="True">
              <Summary numSequencePoints="1" visitedSequencePoints="1" numBranchPoints="0" visitedBranchPoints="0" sequenceCoverage="100" branchCoverage="100" maxCyclomaticComplexity="1" minCyclomaticComplexity="1" visitedClasses="0" numClasses="0" visitedMethods="1" numMethods="1" />
              <MetadataToken />
              <Name>System.EventHandler`1&lt;Ignis.EntityIdEventArgs&gt; Ignis.EntityManager::get_OnEntityCreated()</Name>
              <FileRef uid="2" />
              <SequencePoints>
                <SequencePoint vc="37" uspid="13" ordinal="0" sl="13" sc="1" el="13" ec="2" bec="0" bev="0" fileid="2" />
              </SequencePoints>
              <BranchPoints />
              <MethodPoint vc="1" uspid="0" p8:type="SequencePoint" ordinal="0" offset="0" sc="0" sl="13" ec="1" el="13" bec="0" bev="0" fileid="2" xmlns:p8="xsi" />
            </Method>
            <Method cyclomaticComplexity="1" nPathComplexity="0" sequenceCoverage="100" branchCoverage="100" isConstructor="False" isGetter="True" isSetter="False" isStatic="True">
              <Summary numSequencePoints="1" visitedSequencePoints="1" numBranchPoints="0" visitedBranchPoints="0" sequenceCoverage="100" branchCoverage="100" maxCyclomaticComplexity="1" minCyclomaticComplexity="1" visitedClasses="0" numClasses="0" visitedMethods="1" numMethods="1" />
              <MetadataToken />
              <Name>System.EventHandler`1&lt;Ignis.EntityIdEventArgs&gt; Ignis.EntityManager::get_OnEntityDestroyed()</Name>
              <FileRef uid="2" />
              <SequencePoints>
                <SequencePoint vc="4" uspid="14" ordinal="0" sl="14" sc="1" el="14" ec="2" bec="0" bev="0" fileid="2" />
              </SequencePoints>
              <BranchPoints />
              <MethodPoint vc="1" uspid="0" p8:type="SequencePoint" ordinal="1" offset="1" sc="0" sl="14" ec="1" el="14" bec="0" bev="0" fileid="2" xmlns:p8="xsi" />
            </Method>
            <Method cyclomaticComplexity="1" nPathComplexity="0" sequenceCoverage="100" branchCoverage="100" isConstructor="False" isGetter="True" isSetter="False" isStatic="True">
              <Summary numSequencePoints="1" visitedSequencePoints="1" numBranchPoints="0" visitedBranchPoints="0" sequenceCoverage="100" branchCoverage="100" maxCyclomaticComplexity="1" minCyclomaticComplexity="1" visitedClasses="0" numClasses="0" visitedMethods="1" numMethods="1" />
              <MetadataToken />
              <Name>System.EventHandler`1&lt;Ignis.EntityComponentEventArgs&gt; Ignis.EntityManager::get_OnEntityComponentAdded()</Name>
              <FileRef uid="2" />
              <SequencePoints>
                <SequencePoint vc="30" uspid="15" ordinal="0" sl="15" sc="1" el="15" ec="2" bec="0" bev="0" fileid="2" />
              </SequencePoints>
              <BranchPoints />
              <MethodPoint vc="1" uspid="0" p8:type="SequencePoint" ordinal="2" offset="2" sc="0" sl="15" ec="1" el="15" bec="0" bev="0" fileid="2" xmlns:p8="xsi" />
            </Method>
            <Method cyclomaticComplexity="1" nPathComplexity="0" sequenceCoverage="0" branchCoverage="100" isConstructor="False" isGetter="True" isSetter="False" isStatic="True">
              <Summary numSequencePoints="1" visitedSequencePoints="0" numBranchPoints="0" visitedBranchPoints="0" sequenceCoverage="0" branchCoverage="100" maxCyclomaticComplexity="1" minCyclomaticComplexity="1" visitedClasses="0" numClasses="0" visitedMethods="0" numMethods="1" />
              <MetadataToken />
              <Name>System.EventHandler`1&lt;Ignis.EntityComponentEventArgs&gt; Ignis.EntityManager::get_OnEntityComponentRemoving()</Name>
              <FileRef uid="2" />
              <SequencePoints>
                <SequencePoint vc="0" uspid="16" ordinal="0" sl="16" sc="1" el="16" ec="2" bec="0" bev="0" fileid="2" />
              </SequencePoints>
              <BranchPoints />
              <MethodPoint vc="0" uspid="0" p8:type="SequencePoint" ordinal="3" offset="3" sc="0" sl="16" ec="1" el="16" bec="0" bev="0" fileid="2" xmlns:p8="xsi" />
            </Method>
            <Method cyclomaticComplexity="1" nPathComplexity="0" sequenceCoverage="100" branchCoverage="100" isConstructor="False" isGetter="True" isSetter="False" isStatic="True">
              <Summary numSequencePoints="1" visitedSequencePoints="1" numBranchPoints="0" visitedBranchPoints="0" sequenceCoverage="100" branchCoverage="100" maxCyclomaticComplexity="1" minCyclomaticComplexity="1" visitedClasses="0" numClasses="0" visitedMethods="1" numMethods="1" />
              <MetadataToken />
              <Name>System.EventHandler`1&lt;Ignis.EntityComponentEventArgs&gt; Ignis.EntityManager::get_OnEntityComponentRemoved()</Name>
              <FileRef uid="2" />
              <SequencePoints>
                <SequencePoint vc="7" uspid="17" ordinal="0" sl="17" sc="1" el="17" ec="2" bec="0" bev="0" fileid="2" />
              </SequencePoints>
              <BranchPoints />
              <MethodPoint vc="1" uspid="0" p8:type="SequencePoint" ordinal="4" offset="4" sc="0" sl="17" ec="1" el="17" bec="0" bev="0" fileid="2" xmlns:p8="xsi" />
            </Method>
            <Method cyclomaticComplexity="1" nPathComplexity="0" sequenceCoverage="100" branchCoverage="100" isConstructor="False" isGetter="True" isSetter="False" isStatic="True">
              <Summary numSequencePoints="1" visitedSequencePoints="1" numBranchPoints="0" visitedBranchPoints="0" sequenceCoverage="100" branchCoverage="100" maxCyclomaticComplexity="1" minCyclomaticComplexity="1" visitedClasses="0" numClasses="0" visitedMethods="1" numMethods="1" />
              <MetadataToken />
              <Name>System.Int32 Ignis.EntityManager::get_EntityCount()</Name>
              <FileRef uid="2" />
              <SequencePoints>
                <SequencePoint vc="5" uspid="19" ordinal="0" sl="19" sc="1" el="19" ec="2" bec="0" bev="0" fileid="2" />
              </SequencePoints>
              <BranchPoints />
              <MethodPoint vc="1" uspid="0" p8:type="SequencePoint" ordinal="5" offset="5" sc="0" sl="19" ec="1" el="19" bec="0" bev="0" fileid="2" xmlns:p8="xsi" />
            </Method>
            <Method cyclomaticComplexity="1" nPathComplexity="0" sequenceCoverage="100" branchCoverage="100" isConstructor="False" isGetter="True" isSetter="False" isStatic="True">
              <Summary numSequencePoints="1" visitedSequencePoints="1" numBranchPoints="0" visitedBranchPoints="0" sequenceCoverage="100" branchCoverage="100" maxCyclomaticComplexity="1" minCyclomaticComplexity="1" visitedClasses="0" numClasses="0" visitedMethods="1" numMethods="1" />
              <MetadataToken />
              <Name>System.Int64 Ignis.EntityManager::get_EntityCountLong()</Name>
              <FileRef uid="2" />
              <SequencePoints>
                <SequencePoint vc="40" uspid="20" ordinal="0" sl="20" sc="1" el="20" ec="2" bec="0" bev="0" fileid="2" />
              </SequencePoints>
              <BranchPoints />
              <MethodPoint vc="1" uspid="0" p8:type="SequencePoint" ordinal="6" offset="6" sc="0" sl="20" ec="1" el="20" bec="0" bev="0" fileid="2" xmlns:p8="xsi" />
            </Method>
            <Method cyclomaticComplexity="8" nPathComplexity="0" sequenceCoverage="88.88" branchCoverage="87.5" isConstructor="False" isGetter="False" isSetter="False" isStatic="True">
              <Summary numSequencePoints="9" visitedSequencePoints="8" numBranchPoints="8" visitedBranchPoints="7" sequenceCoverage="88.88" branchCoverage="87.5" maxCyclomaticComplexity="8" minCyclomaticComplexity="8" visitedClasses="0" numClasses="0" visitedMethods="1" numMethods="1" />
              <MetadataToken />
              <Name>System.Int32 Ignis.EntityManager::Create()</Name>
              <FileRef uid="2" />
              <SequencePoints>
                <SequencePoint vc="35" uspid="39" ordinal="0" sl="39" sc="1" el="39" ec="2" bec="2" bev="1" fileid="2" />
                <SequencePoint vc="0" uspid="40" ordinal="1" sl="40" sc="1" el="40" ec="2" bec="0" bev="0" fileid="2" />
                <SequencePoint vc="35" uspid="42" ordinal="2" sl="42" sc="1" el="42" ec="2" bec="0" bev="0" fileid="2" />
                <SequencePoint vc="145" uspid="43" ordinal="3" sl="43" sc="1" el="43" ec="2" bec="4" bev="4" fileid="2" />
                <SequencePoint vc="110" uspid="46" ordinal="4" sl="46" sc="1" el="46" ec="2" bec="0" bev="0" fileid="2" />
                <SequencePoint vc="35" uspid="49" ordinal="5" sl="49" sc="1" el="49" ec="2" bec="0" bev="0" fileid="2" />
                <SequencePoint vc="35" uspid="50" ordinal="6" sl="50" sc="1" el="50" ec="2" bec="0" bev="0" fileid="2" />
                <SequencePoint vc="35" uspid="51" ordinal="7" sl="51" sc="1" el="51" ec="2" bec="2" bev="2" fileid="2" />
                <SequencePoint vc="35" uspid="52" ordinal="8" sl="52" sc="1" el="52" ec="2" bec="0" bev="0" fileid="2" />
              </SequencePoints>
              <BranchPoints>
                <BranchPoint vc="0" uspid="39" ordinal="0" path="0" offset="15" offsetend="17" sl="39" fileid="2" />
                <BranchPoint vc="35" uspid="39" ordinal="1" path="1" offset="15" offsetend="28" sl="39" fileid="2" />
                <BranchPoint vc="110" uspid="43" ordinal="3" path="1" offset="48" offsetend="37" sl="43" fileid="2" />
                <BranchPoint vc="110" uspid="43" ordinal="5" path="1" offset="51" offsetend="37" sl="43" fileid="2" />
                <BranchPoint vc="35" uspid="43" ordinal="2" path="0" offset="48" offsetend="50" sl="43" fileid="2" />
                <BranchPoint vc="35" uspid="43" ordinal="4" path="0" offset="51" offsetend="53" sl="43" fileid="2" />
                <BranchPoint vc="33" uspid="51" ordinal="6" path="0" offset="85" offsetend="87" sl="51" fileid="2" />
                <BranchPoint vc="2" uspid="51" ordinal="7" path="1" offset="85" offsetend="90" sl="51" fileid="2" />
              </BranchPoints>
              <MethodPoint vc="8" uspid="0" p8:type="SequencePoint" ordinal="7" offset="7" sc="0" sl="39" ec="1" el="52" bec="0" bev="0" fileid="2" xmlns:p8="xsi" />
            </Method>
            <Method cyclomaticComplexity="4" nPathComplexity="0" sequenceCoverage="100" branchCoverage="100" isConstructor="False" isGetter="False" isSetter="False" isStatic="True">
              <Summary numSequencePoints="5" visitedSequencePoints="5" numBranchPoints="4" visitedBranchPoints="4" sequenceCoverage="100" branchCoverage="100" maxCyclomaticComplexity="4" minCyclomaticComplexity="4" visitedClasses="0" numClasses="0" visitedMethods="1" numMethods="1" />
              <MetadataToken />
              <Name>System.Boolean Ignis.EntityManager::Create(System.Int32)</Name>
              <FileRef uid="2" />
              <SequencePoints>
                <SequencePoint vc="4" uspid="57" ordinal="0" sl="57" sc="1" el="57" ec="2" bec="2" bev="2" fileid="2" />
                <SequencePoint vc="3" uspid="58" ordinal="1" sl="58" sc="1" el="58" ec="2" bec="2" bev="2" fileid="2" />
                <SequencePoint vc="1" uspid="59" ordinal="2" sl="59" sc="1" el="59" ec="2" bec="0" bev="0" fileid="2" />
                <SequencePoint vc="1" uspid="60" ordinal="3" sl="60" sc="1" el="60" ec="2" bec="0" bev="0" fileid="2" />
                <SequencePoint vc="1" uspid="61" ordinal="4" sl="61" sc="1" el="61" ec="2" bec="0" bev="0" fileid="2" />
              </SequencePoints>
              <BranchPoints>
                <BranchPoint vc="1" uspid="57" ordinal="0" path="0" offset="1" offsetend="3" sl="57" fileid="2" />
                <BranchPoint vc="2" uspid="57" ordinal="1" path="1" offset="1" offsetend="5" sl="57" fileid="2" />
                <BranchPoint vc="1" uspid="58" ordinal="2" path="0" offset="12" offsetend="14" sl="58" fileid="2" />
                <BranchPoint vc="1" uspid="58" ordinal="3" path="1" offset="12" offsetend="16" sl="58" fileid="2" />
              </BranchPoints>
              <MethodPoint vc="5" uspid="0" p8:type="SequencePoint" ordinal="8" offset="8" sc="0" sl="57" ec="1" el="61" bec="0" bev="0" fileid="2" xmlns:p8="xsi" />
            </Method>
            <Method cyclomaticComplexity="6" nPathComplexity="0" sequenceCoverage="75" branchCoverage="66.66" isConstructor="False" isGetter="False" isSetter="False" isStatic="True">
              <Summary numSequencePoints="8" visitedSequencePoints="6" numBranchPoints="6" visitedBranchPoints="4" sequenceCoverage="75" branchCoverage="66.66" maxCyclomaticComplexity="6" minCyclomaticComplexity="6" visitedClasses="0" numClasses="0" visitedMethods="1" numMethods="1" />
              <MetadataToken />
              <Name>System.Void Ignis.EntityManager::Destroy(System.Int32)</Name>
              <FileRef uid="2" />
              <SequencePoints>
                <SequencePoint vc="3" uspid="66" ordinal="0" sl="66" sc="1" el="66" ec="2" bec="2" bev="2" fileid="2" />
                <SequencePoint vc="1" uspid="67" ordinal="1" sl="67" sc="1" el="67" ec="2" bec="0" bev="0" fileid="2" />
                <SequencePoint vc="2" uspid="69" ordinal="2" sl="69" sc="1" el="69" ec="2" bec="0" bev="0" fileid="2" />
                <SequencePoint vc="0" uspid="70" ordinal="3" sl="70" sc="1" el="70" ec="2" bec="2" bev="1" fileid="2" />
                <SequencePoint vc="0" uspid="71" ordinal="4" sl="71" sc="1" el="71" ec="2" bec="0" bev="0" fileid="2" />
                <SequencePoint vc="2" uspid="73" ordinal="5" sl="73" sc="1" el="73" ec="2" bec="0" bev="0" fileid="2" />
                <SequencePoint vc="2" uspid="74" ordinal="6" sl="74" sc="1" el="74" ec="2" bec="2" bev="1" fileid="2" />
                <SequencePoint vc="2" uspid="75" ordinal="7" sl="75" sc="1" el="75" ec="2" bec="0" bev="0" fileid="2" />
              </SequencePoints>
              <BranchPoints>
                <BranchPoint vc="1" uspid="66" ordinal="0" path="0" offset="7" offsetend="9" sl="66" fileid="2" />
                <BranchPoint vc="2" uspid="66" ordinal="1" path="1" offset="7" offsetend="10" sl="66" fileid="2" />
                <BranchPoint vc="0" uspid="70" ordinal="3" path="1" offset="63" offsetend="42" sl="70" fileid="2" />
                <BranchPoint vc="2" uspid="70" ordinal="2" path="0" offset="63" offsetend="65" sl="70" fileid="2" />
                <BranchPoint vc="0" uspid="74" ordinal="4" path="0" offset="96" offsetend="98" sl="74" fileid="2" />
                <BranchPoint vc="2" uspid="74" ordinal="5" path="1" offset="96" offsetend="100" sl="74" fileid="2" />
              </BranchPoints>
              <MethodPoint vc="6" uspid="0" p8:type="SequencePoint" ordinal="9" offset="9" sc="0" sl="66" ec="1" el="75" bec="0" bev="0" fileid="2" xmlns:p8="xsi" />
            </Method>
            <Method cyclomaticComplexity="1" nPathComplexity="0" sequenceCoverage="100" branchCoverage="100" isConstructor="False" isGetter="False" isSetter="False" isStatic="True">
              <Summary numSequencePoints="1" visitedSequencePoints="1" numBranchPoints="0" visitedBranchPoints="0" sequenceCoverage="100" branchCoverage="100" maxCyclomaticComplexity="1" minCyclomaticComplexity="1" visitedClasses="0" numClasses="0" visitedMethods="1" numMethods="1" />
              <MetadataToken />
              <Name>System.Boolean Ignis.EntityManager::Exists(System.Int32)</Name>
              <FileRef uid="2" />
              <SequencePoints>
                <SequencePoint vc="169" uspid="77" ordinal="0" sl="77" sc="1" el="77" ec="2" bec="0" bev="0" fileid="2" />
              </SequencePoints>
              <BranchPoints />
              <MethodPoint vc="1" uspid="0" p8:type="SequencePoint" ordinal="10" offset="10" sc="0" sl="77" ec="1" el="77" bec="0" bev="0" fileid="2" xmlns:p8="xsi" />
            </Method>
            <Method cyclomaticComplexity="1" nPathComplexity="0" sequenceCoverage="100" branchCoverage="100" isConstructor="False" isGetter="False" isSetter="False" isStatic="True">
              <Summary numSequencePoints="1" visitedSequencePoints="1" numBranchPoints="0" visitedBranchPoints="0" sequenceCoverage="100" branchCoverage="100" maxCyclomaticComplexity="1" minCyclomaticComplexity="1" visitedClasses="0" numClasses="0" visitedMethods="1" numMethods="1" />
              <MetadataToken />
              <Name>Ignis.IComponentCollectionStorage Ignis.EntityManager::GetStorage(System.Type)</Name>
              <FileRef uid="2" />
              <SequencePoints>
                <SequencePoint vc="33" uspid="80" ordinal="0" sl="80" sc="1" el="80" ec="2" bec="0" bev="0" fileid="2" />
              </SequencePoints>
              <BranchPoints />
              <MethodPoint vc="1" uspid="0" p8:type="SequencePoint" ordinal="11" offset="11" sc="0" sl="80" ec="1" el="80" bec="0" bev="0" fileid="2" xmlns:p8="xsi" />
            </Method>
            <Method cyclomaticComplexity="4" nPathComplexity="0" sequenceCoverage="83.33" branchCoverage="75" isConstructor="False" isGetter="False" isSetter="False" isStatic="True">
              <Summary numSequencePoints="6" visitedSequencePoints="5" numBranchPoints="4" visitedBranchPoints="3" sequenceCoverage="83.33" branchCoverage="75" maxCyclomaticComplexity="4" minCyclomaticComplexity="4" visitedClasses="0" numClasses="0" visitedMethods="1" numMethods="1" />
              <MetadataToken />
              <Name>System.Void Ignis.EntityManager::AddComponent(System.Int32,System.Type)</Name>
              <FileRef uid="2" />
              <SequencePoints>
                <SequencePoint vc="0" uspid="84" ordinal="0" sl="84" sc="1" el="84" ec="2" bec="2" bev="1" fileid="2" />
                <SequencePoint vc="28" uspid="85" ordinal="1" sl="85" sc="1" el="85" ec="2" bec="0" bev="0" fileid="2" />
                <SequencePoint vc="28" uspid="86" ordinal="2" sl="86" sc="1" el="86" ec="2" bec="0" bev="0" fileid="2" />
                <SequencePoint vc="28" uspid="87" ordinal="3" sl="87" sc="1" el="87" ec="2" bec="0" bev="0" fileid="2" />
                <SequencePoint vc="28" uspid="88" ordinal="4" sl="88" sc="1" el="88" ec="2" bec="2" bev="2" fileid="2" />
                <SequencePoint vc="1" uspid="89" ordinal="5" sl="89" sc="1" el="89" ec="2" bec="0" bev="0" fileid="2" />
              </SequencePoints>
              <BranchPoints>
                <BranchPoint vc="0" uspid="84" ordinal="0" path="0" offset="8" offsetend="10" sl="84" fileid="2" />
                <BranchPoint vc="28" uspid="84" ordinal="1" path="1" offset="8" offsetend="11" sl="84" fileid="2" />
                <BranchPoint vc="27" uspid="88" ordinal="2" path="0" offset="52" offsetend="54" sl="88" fileid="2" />
                <BranchPoint vc="1" uspid="88" ordinal="3" path="1" offset="52" offsetend="56" sl="88" fileid="2" />
              </BranchPoints>
              <MethodPoint vc="5" uspid="0" p8:type="SequencePoint" ordinal="12" offset="12" sc="0" sl="84" ec="1" el="89" bec="0" bev="0" fileid="2" xmlns:p8="xsi" />
            </Method>
            <Method cyclomaticComplexity="1" nPathComplexity="0" sequenceCoverage="100" branchCoverage="100" isConstructor="False" isGetter="False" isSetter="False" isStatic="True">
              <Summary numSequencePoints="1" visitedSequencePoints="1" numBranchPoints="0" visitedBranchPoints="0" sequenceCoverage="100" branchCoverage="100" maxCyclomaticComplexity="1" minCyclomaticComplexity="1" visitedClasses="0" numClasses="0" visitedMethods="1" numMethods="1" />
              <MetadataToken />
              <Name>System.Void Ignis.EntityManager::AddComponent(System.Int32)</Name>
              <FileRef uid="2" />
              <SequencePoints>
                <SequencePoint vc="28" uspid="92" ordinal="0" sl="92" sc="1" el="92" ec="2" bec="0" bev="0" fileid="2" />
              </SequencePoints>
              <BranchPoints />
              <MethodPoint vc="1" uspid="0" p8:type="SequencePoint" ordinal="13" offset="13" sc="0" sl="92" ec="1" el="92" bec="0" bev="0" fileid="2" xmlns:p8="xsi" />
            </Method>
            <Method cyclomaticComplexity="6" nPathComplexity="0" sequenceCoverage="85.71" branchCoverage="66.66" isConstructor="False" isGetter="False" isSetter="False" isStatic="True">
              <Summary numSequencePoints="7" visitedSequencePoints="6" numBranchPoints="6" visitedBranchPoints="4" sequenceCoverage="85.71" branchCoverage="66.66" maxCyclomaticComplexity="6" minCyclomaticComplexity="6" visitedClasses="0" numClasses="0" visitedMethods="1" numMethods="1" />
              <MetadataToken />
              <Name>System.Void Ignis.EntityManager::RemoveComponent(System.Int32,System.Type)</Name>
              <FileRef uid="2" />
              <SequencePoints>
                <SequencePoint vc="0" uspid="96" ordinal="0" sl="96" sc="1" el="96" ec="2" bec="2" bev="1" fileid="2" />
                <SequencePoint vc="5" uspid="97" ordinal="1" sl="97" sc="1" el="97" ec="2" bec="2" bev="1" fileid="2" />
                <SequencePoint vc="5" uspid="98" ordinal="2" sl="98" sc="1" el="98" ec="2" bec="0" bev="0" fileid="2" />
                <SequencePoint vc="5" uspid="99" ordinal="3" sl="99" sc="1" el="99" ec="2" bec="0" bev="0" fileid="2" />
                <SequencePoint vc="5" uspid="100" ordinal="4" sl="100" sc="1" el="100" ec="2" bec="0" bev="0" fileid="2" />
                <SequencePoint vc="5" uspid="101" ordinal="5" sl="101" sc="1" el="101" ec="2" bec="2" bev="2" fileid="2" />
                <SequencePoint vc="1" uspid="102" ordinal="6" sl="102" sc="1" el="102" ec="2" bec="0" bev="0" fileid="2" />
              </SequencePoints>
              <BranchPoints>
                <BranchPoint vc="0" uspid="96" ordinal="0" path="0" offset="8" offsetend="10" sl="96" fileid="2" />
                <BranchPoint vc="5" uspid="96" ordinal="1" path="1" offset="8" offsetend="11" sl="96" fileid="2" />
                <BranchPoint vc="5" uspid="97" ordinal="2" path="0" offset="18" offsetend="20" sl="97" fileid="2" />
                <BranchPoint vc="0" uspid="97" ordinal="3" path="1" offset="18" offsetend="23" sl="97" fileid="2" />
                <BranchPoint vc="4" uspid="101" ordinal="4" path="0" offset="77" offsetend="79" sl="101" fileid="2" />
                <BranchPoint vc="1" uspid="101" ordinal="5" path="1" offset="77" offsetend="81" sl="101" fileid="2" />
              </BranchPoints>
              <MethodPoint vc="6" uspid="0" p8:type="SequencePoint" ordinal="14" offset="14" sc="0" sl="96" ec="1" el="102" bec="0" bev="0" fileid="2" xmlns:p8="xsi" />
            </Method>
            <Method cyclomaticComplexity="1" nPathComplexity="0" sequenceCoverage="100" branchCoverage="100" isConstructor="False" isGetter="False" isSetter="False" isStatic="True">
              <Summary numSequencePoints="1" visitedSequencePoints="1" numBranchPoints="0" visitedBranchPoints="0" sequenceCoverage="100" branchCoverage="100" maxCyclomaticComplexity="1" minCyclomaticComplexity="1" visitedClasses="0" numClasses="0" visitedMethods="1" numMethods="1" />
              <MetadataToken />
              <Name>System.Void Ignis.EntityManager::RemoveComponent(System.Int32)</Name>
              <FileRef uid="2" />
              <SequencePoints>
                <SequencePoint vc="5" uspid="105" ordinal="0" sl="105" sc="1" el="105" ec="2" bec="0" bev="0" fileid="2" />
              </SequencePoints>
              <BranchPoints />
              <MethodPoint vc="1" uspid="0" p8:type="SequencePoint" ordinal="15" offset="15" sc="0" sl="105" ec="1" el="105" bec="0" bev="0" fileid="2" xmlns:p8="xsi" />
            </Method>
            <Method cyclomaticComplexity="1" nPathComplexity="0" sequenceCoverage="100" branchCoverage="100" isConstructor="False" isGetter="False" isSetter="False" isStatic="True">
              <Summary numSequencePoints="1" visitedSequencePoints="1" numBranchPoints="0" visitedBranchPoints="0" sequenceCoverage="100" branchCoverage="100" maxCyclomaticComplexity="1" minCyclomaticComplexity="1" visitedClasses="0" numClasses="0" visitedMethods="1" numMethods="1" />
              <MetadataToken />
              <Name>System.Boolean Ignis.EntityManager::HasComponent(System.Int32,System.Type)</Name>
              <FileRef uid="2" />
              <SequencePoints>
                <SequencePoint vc="139" uspid="108" ordinal="0" sl="108" sc="1" el="108" ec="2" bec="0" bev="0" fileid="2" />
              </SequencePoints>
              <BranchPoints />
              <MethodPoint vc="1" uspid="0" p8:type="SequencePoint" ordinal="16" offset="16" sc="0" sl="108" ec="1" el="108" bec="0" bev="0" fileid="2" xmlns:p8="xsi" />
            </Method>
            <Method cyclomaticComplexity="1" nPathComplexity="0" sequenceCoverage="100" branchCoverage="100" isConstructor="False" isGetter="False" isSetter="False" isStatic="True">
              <Summary numSequencePoints="1" visitedSequencePoints="1" numBranchPoints="0" visitedBranchPoints="0" sequenceCoverage="100" branchCoverage="100" maxCyclomaticComplexity="1" minCyclomaticComplexity="1" visitedClasses="0" numClasses="0" visitedMethods="1" numMethods="1" />
              <MetadataToken />
              <Name>System.Boolean Ignis.EntityManager::HasComponent(System.Int32)</Name>
              <FileRef uid="2" />
              <SequencePoints>
                <SequencePoint vc="33" uspid="111" ordinal="0" sl="111" sc="1" el="111" ec="2" bec="0" bev="0" fileid="2" />
              </SequencePoints>
              <BranchPoints />
              <MethodPoint vc="1" uspid="0" p8:type="SequencePoint" ordinal="17" offset="17" sc="0" sl="111" ec="1" el="111" bec="0" bev="0" fileid="2" xmlns:p8="xsi" />
            </Method>
            <Method cyclomaticComplexity="1" nPathComplexity="0" sequenceCoverage="100" branchCoverage="100" isConstructor="False" isGetter="False" isSetter="False" isStatic="True">
              <Summary numSequencePoints="1" visitedSequencePoints="1" numBranchPoints="0" visitedBranchPoints="0" sequenceCoverage="100" branchCoverage="100" maxCyclomaticComplexity="1" minCyclomaticComplexity="1" visitedClasses="0" numClasses="0" visitedMethods="1" numMethods="1" />
              <MetadataToken />
              <Name>System.Int64 Ignis.EntityManager::HashPair(System.Int32,System.Type)</Name>
              <FileRef uid="2" />
              <SequencePoints>
                <SequencePoint vc="172" uspid="114" ordinal="0" sl="114" sc="1" el="114" ec="2" bec="0" bev="0" fileid="2" />
              </SequencePoints>
              <BranchPoints />
              <MethodPoint vc="1" uspid="0" p8:type="SequencePoint" ordinal="18" offset="18" sc="0" sl="114" ec="1" el="114" bec="0" bev="0" fileid="2" xmlns:p8="xsi" />
            </Method>
            <Method cyclomaticComplexity="1" nPathComplexity="0" sequenceCoverage="100" branchCoverage="100" isConstructor="False" isGetter="False" isSetter="False" isStatic="True">
              <Summary numSequencePoints="1" visitedSequencePoints="1" numBranchPoints="0" visitedBranchPoints="0" sequenceCoverage="100" branchCoverage="100" maxCyclomaticComplexity="1" minCyclomaticComplexity="1" visitedClasses="0" numClasses="0" visitedMethods="1" numMethods="1" />
              <MetadataToken />
              <Name>System.Collections.Generic.IEnumerable`1&lt;System.Int32&gt; Ignis.EntityManager::GetEntityIds()</Name>
              <FileRef uid="2" />
              <SequencePoints>
                <SequencePoint vc="9" uspid="116" ordinal="0" sl="116" sc="1" el="116" ec="2" bec="0" bev="0" fileid="2" />
              </SequencePoints>
              <BranchPoints />
              <MethodPoint vc="1" uspid="0" p8:type="SequencePoint" ordinal="19" offset="19" sc="0" sl="116" ec="1" el="116" bec="0" bev="0" fileid="2" xmlns:p8="xsi" />
            </Method>
            <Method cyclomaticComplexity="1" nPathComplexity="0" sequenceCoverage="100" branchCoverage="100" isConstructor="False" isGetter="False" isSetter="False" isStatic="True">
              <Summary numSequencePoints="1" visitedSequencePoints="1" numBranchPoints="0" visitedBranchPoints="0" sequenceCoverage="100" branchCoverage="100" maxCyclomaticComplexity="1" minCyclomaticComplexity="1" visitedClasses="0" numClasses="0" visitedMethods="1" numMethods="1" />
              <MetadataToken />
              <Name>System.Collections.Generic.IEnumerable`1&lt;System.Int32&gt; Ignis.EntityManager::Query(System.Type[])</Name>
              <FileRef uid="2" />
              <SequencePoints>
                <SequencePoint vc="3" uspid="119" ordinal="0" sl="119" sc="1" el="119" ec="2" bec="0" bev="0" fileid="2" />
              </SequencePoints>
              <BranchPoints />
              <MethodPoint vc="1" uspid="0" p8:type="SequencePoint" ordinal="20" offset="20" sc="0" sl="119" ec="1" el="119" bec="0" bev="0" fileid="2" xmlns:p8="xsi" />
            </Method>
            <Method cyclomaticComplexity="4" nPathComplexity="0" sequenceCoverage="83.33" branchCoverage="75" isConstructor="False" isGetter="False" isSetter="False" isStatic="True">
              <Summary numSequencePoints="6" visitedSequencePoints="5" numBranchPoints="4" visitedBranchPoints="3" sequenceCoverage="83.33" branchCoverage="75" maxCyclomaticComplexity="4" minCyclomaticComplexity="4" visitedClasses="0" numClasses="0" visitedMethods="1" numMethods="1" />
              <MetadataToken />
              <Name>System.Collections.Generic.IEnumerable`1&lt;System.Int32&gt; Ignis.EntityManager::QuerySubset(System.Collections.Generic.IEnumerable`1&lt;System.Int32&gt;,System.Boolean,System.Type[])</Name>
              <FileRef uid="2" />
              <SequencePoints>
                <SequencePoint vc="3" uspid="125" ordinal="0" sl="125" sc="1" el="125" ec="2" bec="0" bev="0" fileid="2" />
                <SequencePoint vc="3" uspid="126" ordinal="1" sl="126" sc="1" el="126" ec="2" bec="2" bev="1" fileid="2" />
                <SequencePoint vc="0" uspid="127" ordinal="2" sl="127" sc="1" el="127" ec="2" bec="0" bev="0" fileid="2" />
                <SequencePoint vc="12" uspid="128" ordinal="3" sl="128" sc="1" el="128" ec="2" bec="2" bev="2" fileid="2" />
                <SequencePoint vc="6" uspid="129" ordinal="4" sl="129" sc="1" el="129" ec="2" bec="0" bev="0" fileid="2" />
                <SequencePoint vc="3" uspid="130" ordinal="5" sl="130" sc="1" el="130" ec="2" bec="0" bev="0" fileid="2" />
              </SequencePoints>
              <BranchPoints>
                <BranchPoint vc="0" uspid="126" ordinal="0" path="0" offset="3" offsetend="5" sl="126" fileid="2" />
                <BranchPoint vc="3" uspid="126" ordinal="1" path="1" offset="3" offsetend="25" sl="126" fileid="2" />
                <BranchPoint vc="3" uspid="128" ordinal="3" path="1" offset="80" offsetend="31" sl="128" fileid="2" />
                <BranchPoint vc="3" uspid="128" ordinal="2" path="0" offset="80" offsetend="82" sl="128" fileid="2" />
              </BranchPoints>
              <MethodPoint vc="5" uspid="0" p8:type="SequencePoint" ordinal="21" offset="21" sc="0" sl="125" ec="1" el="130" bec="0" bev="0" fileid="2" xmlns:p8="xsi" />
            </Method>
            <Method cyclomaticComplexity="14" nPathComplexity="0" sequenceCoverage="100" branchCoverage="100" isConstructor="False" isGetter="False" isSetter="False" isStatic="True">
              <Summary numSequencePoints="13" visitedSequencePoints="13" numBranchPoints="14" visitedBranchPoints="14" sequenceCoverage="100" branchCoverage="100" maxCyclomaticComplexity="14" minCyclomaticComplexity="14" visitedClasses="0" numClasses="0" visitedMethods="1" numMethods="1" />
              <MetadataToken />
              <Name>System.ReadOnlySpan`1&lt;System.Int32&gt; Ignis.EntityManager::QuerySubset(System.ReadOnlySpan`1&lt;System.Int32&gt;,System.Span`1&lt;System.Int32&gt;,System.ReadOnlySpan`1&lt;System.Type&gt;,System.Boolean)</Name>
              <FileRef uid="2" />
              <SequencePoints>
                <SequencePoint vc="1" uspid="135" ordinal="0" sl="135" sc="1" el="135" ec="2" bec="0" bev="0" fileid="2" />
                <SequencePoint vc="6" uspid="136" ordinal="1" sl="136" sc="1" el="136" ec="2" bec="2" bev="2" fileid="2" />
                <SequencePoint vc="2" uspid="138" ordinal="2" sl="138" sc="1" el="138" ec="2" bec="0" bev="0" fileid="2" />
                <SequencePoint vc="2" uspid="139" ordinal="3" sl="139" sc="1" el="139" ec="2" bec="2" bev="2" fileid="2" />
                <SequencePoint vc="2" uspid="140" ordinal="4" sl="140" sc="1" el="140" ec="2" bec="4" bev="4" fileid="2" />
                <SequencePoint vc="2" uspid="142" ordinal="5" sl="142" sc="1" el="142" ec="2" bec="0" bev="0" fileid="2" />
                <SequencePoint vc="6" uspid="143" ordinal="6" sl="143" sc="1" el="143" ec="2" bec="2" bev="2" fileid="2" />
                <SequencePoint vc="2" uspid="144" ordinal="7" sl="144" sc="1" el="144" ec="2" bec="2" bev="2" fileid="2" />
                <SequencePoint vc="1" uspid="146" ordinal="8" sl="146" sc="1" el="146" ec="2" bec="0" bev="0" fileid="2" />
                <SequencePoint vc="1" uspid="147" ordinal="9" sl="147" sc="1" el="147" ec="2" bec="0" bev="0" fileid="2" />
                <SequencePoint vc="2" uspid="149" ordinal="10" sl="149" sc="1" el="149" ec="2" bec="2" bev="2" fileid="2" />
                <SequencePoint vc="1" uspid="150" ordinal="11" sl="150" sc="1" el="150" ec="2" bec="0" bev="0" fileid="2" />
                <SequencePoint vc="1" uspid="152" ordinal="12" sl="152" sc="1" el="152" ec="2" bec="0" bev="0" fileid="2" />
              </SequencePoints>
              <BranchPoints>
                <BranchPoint vc="2" uspid="136" ordinal="13" path="1" offset="115" offsetend="6" sl="136" fileid="2" />
                <BranchPoint vc="2" uspid="139" ordinal="0" path="0" offset="24" offsetend="26" sl="139" fileid="2" />
                <BranchPoint vc="2" uspid="140" ordinal="2" path="0" offset="28" offsetend="30" sl="140" fileid="2" />
                <BranchPoint vc="2" uspid="140" ordinal="3" path="1" offset="28" offsetend="39" sl="140" fileid="2" />
                <BranchPoint vc="2" uspid="140" ordinal="4" path="0" offset="37" offsetend="39" sl="140" fileid="2" />
                <BranchPoint vc="2" uspid="143" ordinal="9" path="1" offset="84" offsetend="46" sl="143" fileid="2" />
                <BranchPoint vc="1" uspid="144" ordinal="6" path="0" offset="63" offsetend="65" sl="144" fileid="2" />
                <BranchPoint vc="1" uspid="144" ordinal="7" path="1" offset="63" offsetend="69" sl="144" fileid="2" />
                <BranchPoint vc="2" uspid="143" ordinal="8" path="0" offset="84" offsetend="86" sl="143" fileid="2" />
                <BranchPoint vc="1" uspid="149" ordinal="10" path="0" offset="87" offsetend="89" sl="149" fileid="2" />
                <BranchPoint vc="2" uspid="140" ordinal="5" path="1" offset="37" offsetend="103" sl="140" fileid="2" />
                <BranchPoint vc="2" uspid="149" ordinal="11" path="1" offset="87" offsetend="103" sl="149" fileid="2" />
                <BranchPoint vc="1" uspid="139" ordinal="1" path="1" offset="24" offsetend="117" sl="139" fileid="2" />
                <BranchPoint vc="1" uspid="136" ordinal="12" path="0" offset="115" offsetend="117" sl="136" fileid="2" />
              </BranchPoints>
              <MethodPoint vc="13" uspid="0" p8:type="SequencePoint" ordinal="22" offset="22" sc="0" sl="135" ec="1" el="152" bec="0" bev="0" fileid="2" xmlns:p8="xsi" />
            </Method>
            <Method cyclomaticComplexity="10" nPathComplexity="0" sequenceCoverage="90.9" branchCoverage="90" isConstructor="False" isGetter="False" isSetter="False" isStatic="True">
              <Summary numSequencePoints="11" visitedSequencePoints="10" numBranchPoints="10" visitedBranchPoints="9" sequenceCoverage="90.9" branchCoverage="90" maxCyclomaticComplexity="10" minCyclomaticComplexity="10" visitedClasses="0" numClasses="0" visitedMethods="1" numMethods="1" />
              <MetadataToken />
              <Name>System.ReadOnlySpan`1&lt;System.Int32&gt; Ignis.EntityManager::Query(System.Span`1&lt;System.Int32&gt;,System.ReadOnlySpan`1&lt;System.Type&gt;)</Name>
              <FileRef uid="2" />
              <SequencePoints>
                <SequencePoint vc="2" uspid="157" ordinal="0" sl="157" sc="1" el="157" ec="2" bec="0" bev="0" fileid="2" />
                <SequencePoint vc="8" uspid="158" ordinal="1" sl="158" sc="1" el="158" ec="2" bec="2" bev="2" fileid="2" />
                <SequencePoint vc="0" uspid="160" ordinal="2" sl="160" sc="1" el="160" ec="2" bec="2" bev="1" fileid="2" />
                <SequencePoint vc="2" uspid="161" ordinal="3" sl="161" sc="1" el="161" ec="2" bec="0" bev="0" fileid="2" />
                <SequencePoint vc="6" uspid="162" ordinal="4" sl="162" sc="1" el="162" ec="2" bec="2" bev="2" fileid="2" />
                <SequencePoint vc="2" uspid="163" ordinal="5" sl="163" sc="1" el="163" ec="2" bec="2" bev="2" fileid="2" />
                <SequencePoint vc="1" uspid="165" ordinal="6" sl="165" sc="1" el="165" ec="2" bec="0" bev="0" fileid="2" />
                <SequencePoint vc="1" uspid="166" ordinal="7" sl="166" sc="1" el="166" ec="2" bec="0" bev="0" fileid="2" />
                <SequencePoint vc="2" uspid="168" ordinal="8" sl="168" sc="1" el="168" ec="2" bec="2" bev="2" fileid="2" />
                <SequencePoint vc="1" uspid="169" ordinal="9" sl="169" sc="1" el="169" ec="2" bec="0" bev="0" fileid="2" />
                <SequencePoint vc="2" uspid="171" ordinal="10" sl="171" sc="1" el="171" ec="2" bec="0" bev="0" fileid="2" />
              </SequencePoints>
              <BranchPoints>
                <BranchPoint vc="2" uspid="158" ordinal="9" path="1" offset="105" offsetend="16" sl="158" fileid="2" />
                <BranchPoint vc="0" uspid="160" ordinal="0" path="0" offset="31" offsetend="33" sl="160" fileid="2" />
                <BranchPoint vc="2" uspid="160" ordinal="1" path="1" offset="31" offsetend="35" sl="160" fileid="2" />
                <BranchPoint vc="2" uspid="162" ordinal="5" path="1" offset="80" offsetend="42" sl="162" fileid="2" />
                <BranchPoint vc="1" uspid="163" ordinal="2" path="0" offset="59" offsetend="61" sl="163" fileid="2" />
                <BranchPoint vc="1" uspid="163" ordinal="3" path="1" offset="59" offsetend="65" sl="163" fileid="2" />
                <BranchPoint vc="2" uspid="162" ordinal="4" path="0" offset="80" offsetend="82" sl="162" fileid="2" />
                <BranchPoint vc="1" uspid="168" ordinal="6" path="0" offset="83" offsetend="85" sl="168" fileid="2" />
                <BranchPoint vc="4" uspid="168" ordinal="7" path="1" offset="83" offsetend="99" sl="168" fileid="2" />
                <BranchPoint vc="2" uspid="158" ordinal="8" path="0" offset="105" offsetend="107" sl="158" fileid="2" />
              </BranchPoints>
              <MethodPoint vc="10" uspid="0" p8:type="SequencePoint" ordinal="23" offset="23" sc="0" sl="157" ec="1" el="171" bec="0" bev="0" fileid="2" xmlns:p8="xsi" />
            </Method>
            <Method cyclomaticComplexity="6" nPathComplexity="0" sequenceCoverage="83.33" branchCoverage="83.33" isConstructor="False" isGetter="False" isSetter="False" isStatic="True">
              <Summary numSequencePoints="6" visitedSequencePoints="5" numBranchPoints="6" visitedBranchPoints="5" sequenceCoverage="83.33" branchCoverage="83.33" maxCyclomaticComplexity="6" minCyclomaticComplexity="6" visitedClasses="0" numClasses="0" visitedMethods="1" numMethods="1" />
              <MetadataToken />
              <Name>System.ReadOnlySpan`1&lt;System.Int32&gt; Ignis.EntityManager::Query(System.Span`1&lt;System.Int32&gt;,System.Type)</Name>
              <FileRef uid="2" />
              <SequencePoints>
                <SequencePoint vc="2" uspid="176" ordinal="0" sl="176" sc="1" el="176" ec="2" bec="0" bev="0" fileid="2" />
                <SequencePoint vc="14" uspid="177" ordinal="1" sl="177" sc="1" el="177" ec="2" bec="2" bev="2" fileid="2" />
                <SequencePoint vc="0" uspid="179" ordinal="2" sl="179" sc="1" el="179" ec="2" bec="2" bev="1" fileid="2" />
                <SequencePoint vc="5" uspid="180" ordinal="3" sl="180" sc="1" el="180" ec="2" bec="2" bev="2" fileid="2" />
                <SequencePoint vc="4" uspid="181" ordinal="4" sl="181" sc="1" el="181" ec="2" bec="0" bev="0" fileid="2" />
                <SequencePoint vc="2" uspid="183" ordinal="5" sl="183" sc="1" el="183" ec="2" bec="0" bev="0" fileid="2" />
              </SequencePoints>
              <BranchPoints>
                <BranchPoint vc="5" uspid="177" ordinal="5" path="1" offset="65" offsetend="16" sl="177" fileid="2" />
                <BranchPoint vc="0" uspid="179" ordinal="0" path="0" offset="31" offsetend="33" sl="179" fileid="2" />
                <BranchPoint vc="5" uspid="179" ordinal="1" path="1" offset="31" offsetend="35" sl="179" fileid="2" />
                <BranchPoint vc="4" uspid="180" ordinal="2" path="0" offset="43" offsetend="45" sl="180" fileid="2" />
                <BranchPoint vc="7" uspid="180" ordinal="3" path="1" offset="43" offsetend="59" sl="180" fileid="2" />
                <BranchPoint vc="2" uspid="177" ordinal="4" path="0" offset="65" offsetend="67" sl="177" fileid="2" />
              </BranchPoints>
              <MethodPoint vc="5" uspid="0" p8:type="SequencePoint" ordinal="24" offset="24" sc="0" sl="176" ec="1" el="183" bec="0" bev="0" fileid="2" xmlns:p8="xsi" />
            </Method>
            <Method cyclomaticComplexity="8" nPathComplexity="0" sequenceCoverage="85.71" branchCoverage="87.5" isConstructor="False" isGetter="False" isSetter="False" isStatic="True">
              <Summary numSequencePoints="7" visitedSequencePoints="6" numBranchPoints="8" visitedBranchPoints="7" sequenceCoverage="85.71" branchCoverage="87.5" maxCyclomaticComplexity="8" minCyclomaticComplexity="8" visitedClasses="0" numClasses="0" visitedMethods="1" numMethods="1" />
              <MetadataToken />
              <Name>System.ReadOnlySpan`1&lt;System.Int32&gt; Ignis.EntityManager::Query(System.Span`1&lt;System.Int32&gt;,System.Type,System.Type)</Name>
              <FileRef uid="2" />
              <SequencePoints>
                <SequencePoint vc="1" uspid="188" ordinal="0" sl="188" sc="1" el="188" ec="2" bec="0" bev="0" fileid="2" />
                <SequencePoint vc="10" uspid="189" ordinal="1" sl="189" sc="1" el="189" ec="2" bec="2" bev="2" fileid="2" />
                <SequencePoint vc="0" uspid="191" ordinal="2" sl="191" sc="1" el="191" ec="2" bec="2" bev="1" fileid="2" />
                <SequencePoint vc="4" uspid="192" ordinal="3" sl="192" sc="1" el="192" ec="2" bec="2" bev="2" fileid="2" />
                <SequencePoint vc="4" uspid="193" ordinal="4" sl="193" sc="1" el="193" ec="2" bec="2" bev="2" fileid="2" />
                <SequencePoint vc="3" uspid="194" ordinal="5" sl="194" sc="1" el="194" ec="2" bec="0" bev="0" fileid="2" />
                <SequencePoint vc="1" uspid="196" ordinal="6" sl="196" sc="1" el="196" ec="2" bec="0" bev="0" fileid="2" />
              </SequencePoints>
              <BranchPoints>
                <BranchPoint vc="4" uspid="189" ordinal="7" path="1" offset="75" offsetend="16" sl="189" fileid="2" />
                <BranchPoint vc="0" uspid="191" ordinal="0" path="0" offset="31" offsetend="33" sl="191" fileid="2" />
                <BranchPoint vc="4" uspid="191" ordinal="1" path="1" offset="31" offsetend="35" sl="191" fileid="2" />
                <BranchPoint vc="4" uspid="192" ordinal="2" path="0" offset="43" offsetend="45" sl="192" fileid="2" />
                <BranchPoint vc="3" uspid="193" ordinal="4" path="0" offset="53" offsetend="55" sl="193" fileid="2" />
                <BranchPoint vc="5" uspid="192" ordinal="3" path="1" offset="43" offsetend="69" sl="192" fileid="2" />
                <BranchPoint vc="5" uspid="193" ordinal="5" path="1" offset="53" offsetend="69" sl="193" fileid="2" />
                <BranchPoint vc="1" uspid="189" ordinal="6" path="0" offset="75" offsetend="77" sl="189" fileid="2" />
              </BranchPoints>
              <MethodPoint vc="6" uspid="0" p8:type="SequencePoint" ordinal="25" offset="25" sc="0" sl="188" ec="1" el="196" bec="0" bev="0" fileid="2" xmlns:p8="xsi" />
            </Method>
            <Method cyclomaticComplexity="10" nPathComplexity="0" sequenceCoverage="87.5" branchCoverage="90" isConstructor="False" isGetter="False" isSetter="False" isStatic="True">
              <Summary numSequencePoints="8" visitedSequencePoints="7" numBranchPoints="10" visitedBranchPoints="9" sequenceCoverage="87.5" branchCoverage="90" maxCyclomaticComplexity="10" minCyclomaticComplexity="10" visitedClasses="0" numClasses="0" visitedMethods="1" numMethods="1" />
              <MetadataToken />
              <Name>System.ReadOnlySpan`1&lt;System.Int32&gt; Ignis.EntityManager::Query(System.Span`1&lt;System.Int32&gt;,System.Type,System.Type,System.Type)</Name>
              <FileRef uid="2" />
              <SequencePoints>
                <SequencePoint vc="1" uspid="201" ordinal="0" sl="201" sc="1" el="201" ec="2" bec="0" bev="0" fileid="2" />
                <SequencePoint vc="10" uspid="202" ordinal="1" sl="202" sc="1" el="202" ec="2" bec="2" bev="2" fileid="2" />
                <SequencePoint vc="0" uspid="204" ordinal="2" sl="204" sc="1" el="204" ec="2" bec="2" bev="1" fileid="2" />
                <SequencePoint vc="4" uspid="205" ordinal="3" sl="205" sc="1" el="205" ec="2" bec="2" bev="2" fileid="2" />
                <SequencePoint vc="4" uspid="206" ordinal="4" sl="206" sc="1" el="206" ec="2" bec="2" bev="2" fileid="2" />
                <SequencePoint vc="3" uspid="207" ordinal="5" sl="207" sc="1" el="207" ec="2" bec="2" bev="2" fileid="2" />
                <SequencePoint vc="2" uspid="208" ordinal="6" sl="208" sc="1" el="208" ec="2" bec="0" bev="0" fileid="2" />
                <SequencePoint vc="1" uspid="210" ordinal="7" sl="210" sc="1" el="210" ec="2" bec="0" bev="0" fileid="2" />
              </SequencePoints>
              <BranchPoints>
                <BranchPoint vc="4" uspid="202" ordinal="9" path="1" offset="86" offsetend="16" sl="202" fileid="2" />
                <BranchPoint vc="0" uspid="204" ordinal="0" path="0" offset="31" offsetend="33" sl="204" fileid="2" />
                <BranchPoint vc="4" uspid="204" ordinal="1" path="1" offset="31" offsetend="35" sl="204" fileid="2" />
                <BranchPoint vc="4" uspid="205" ordinal="2" path="0" offset="43" offsetend="45" sl="205" fileid="2" />
                <BranchPoint vc="3" uspid="206" ordinal="4" path="0" offset="53" offsetend="55" sl="206" fileid="2" />
                <BranchPoint vc="2" uspid="207" ordinal="6" path="0" offset="64" offsetend="66" sl="207" fileid="2" />
                <BranchPoint vc="5" uspid="205" ordinal="3" path="1" offset="43" offsetend="80" sl="205" fileid="2" />
                <BranchPoint vc="5" uspid="206" ordinal="5" path="1" offset="53" offsetend="80" sl="206" fileid="2" />
                <BranchPoint vc="5" uspid="207" ordinal="7" path="1" offset="64" offsetend="80" sl="207" fileid="2" />
                <BranchPoint vc="1" uspid="202" ordinal="8" path="0" offset="86" offsetend="88" sl="202" fileid="2" />
              </BranchPoints>
              <MethodPoint vc="7" uspid="0" p8:type="SequencePoint" ordinal="26" offset="26" sc="0" sl="201" ec="1" el="210" bec="0" bev="0" fileid="2" xmlns:p8="xsi" />
            </Method>
            <Method cyclomaticComplexity="12" nPathComplexity="0" sequenceCoverage="88.88" branchCoverage="91.66" isConstructor="False" isGetter="False" isSetter="False" isStatic="True">
              <Summary numSequencePoints="9" visitedSequencePoints="8" numBranchPoints="12" visitedBranchPoints="11" sequenceCoverage="88.88" branchCoverage="91.66" maxCyclomaticComplexity="12" minCyclomaticComplexity="12" visitedClasses="0" numClasses="0" visitedMethods="1" numMethods="1" />
              <MetadataToken />
              <Name>System.ReadOnlySpan`1&lt;System.Int32&gt; Ignis.EntityManager::Query(System.Span`1&lt;System.Int32&gt;,System.Type,System.Type,System.Type,System.Type)</Name>
              <FileRef uid="2" />
              <SequencePoints>
                <SequencePoint vc="1" uspid="215" ordinal="0" sl="215" sc="1" el="215" ec="2" bec="0" bev="0" fileid="2" />
                <SequencePoint vc="10" uspid="216" ordinal="1" sl="216" sc="1" el="216" ec="2" bec="2" bev="2" fileid="2" />
                <SequencePoint vc="0" uspid="218" ordinal="2" sl="218" sc="1" el="218" ec="2" bec="2" bev="1" fileid="2" />
                <SequencePoint vc="4" uspid="219" ordinal="3" sl="219" sc="1" el="219" ec="2" bec="2" bev="2" fileid="2" />
                <SequencePoint vc="4" uspid="220" ordinal="4" sl="220" sc="1" el="220" ec="2" bec="2" bev="2" fileid="2" />
                <SequencePoint vc="3" uspid="221" ordinal="5" sl="221" sc="1" el="221" ec="2" bec="2" bev="2" fileid="2" />
                <SequencePoint vc="2" uspid="222" ordinal="6" sl="222" sc="1" el="222" ec="2" bec="2" bev="2" fileid="2" />
                <SequencePoint vc="1" uspid="223" ordinal="7" sl="223" sc="1" el="223" ec="2" bec="0" bev="0" fileid="2" />
                <SequencePoint vc="1" uspid="225" ordinal="8" sl="225" sc="1" el="225" ec="2" bec="0" bev="0" fileid="2" />
              </SequencePoints>
              <BranchPoints>
                <BranchPoint vc="4" uspid="216" ordinal="11" path="1" offset="97" offsetend="16" sl="216" fileid="2" />
                <BranchPoint vc="0" uspid="218" ordinal="0" path="0" offset="31" offsetend="33" sl="218" fileid="2" />
                <BranchPoint vc="4" uspid="218" ordinal="1" path="1" offset="31" offsetend="35" sl="218" fileid="2" />
                <BranchPoint vc="4" uspid="219" ordinal="2" path="0" offset="43" offsetend="45" sl="219" fileid="2" />
                <BranchPoint vc="3" uspid="220" ordinal="4" path="0" offset="53" offsetend="55" sl="220" fileid="2" />
                <BranchPoint vc="2" uspid="221" ordinal="6" path="0" offset="64" offsetend="66" sl="221" fileid="2" />
                <BranchPoint vc="1" uspid="222" ordinal="8" path="0" offset="75" offsetend="77" sl="222" fileid="2" />
                <BranchPoint vc="5" uspid="219" ordinal="3" path="1" offset="43" offsetend="91" sl="219" fileid="2" />
                <BranchPoint vc="5" uspid="220" ordinal="5" path="1" offset="53" offsetend="91" sl="220" fileid="2" />
                <BranchPoint vc="5" uspid="221" ordinal="7" path="1" offset="64" offsetend="91" sl="221" fileid="2" />
                <BranchPoint vc="5" uspid="222" ordinal="9" path="1" offset="75" offsetend="91" sl="222" fileid="2" />
                <BranchPoint vc="1" uspid="216" ordinal="10" path="0" offset="97" offsetend="99" sl="216" fileid="2" />
              </BranchPoints>
              <MethodPoint vc="8" uspid="0" p8:type="SequencePoint" ordinal="27" offset="27" sc="0" sl="215" ec="1" el="225" bec="0" bev="0" fileid="2" xmlns:p8="xsi" />
            </Method>
            <Method cyclomaticComplexity="10" nPathComplexity="0" sequenceCoverage="100" branchCoverage="100" isConstructor="False" isGetter="False" isSetter="False" isStatic="True">
              <Summary numSequencePoints="8" visitedSequencePoints="8" numBranchPoints="10" visitedBranchPoints="10" sequenceCoverage="100" branchCoverage="100" maxCyclomaticComplexity="10" minCyclomaticComplexity="10" visitedClasses="0" numClasses="0" visitedMethods="1" numMethods="1" />
              <MetadataToken />
              <Name>System.ReadOnlySpan`1&lt;System.Int32&gt; Ignis.EntityManager::QuerySubset(System.ReadOnlySpan`1&lt;System.Int32&gt;,System.Span`1&lt;System.Int32&gt;,System.Type,System.Boolean)</Name>
              <FileRef uid="2" />
              <SequencePoints>
                <SequencePoint vc="1" uspid="231" ordinal="0" sl="231" sc="1" el="231" ec="2" bec="0" bev="0" fileid="2" />
                <SequencePoint vc="8" uspid="232" ordinal="1" sl="232" sc="1" el="232" ec="2" bec="2" bev="2" fileid="2" />
                <SequencePoint vc="3" uspid="234" ordinal="2" sl="234" sc="1" el="234" ec="2" bec="0" bev="0" fileid="2" />
                <SequencePoint vc="3" uspid="235" ordinal="3" sl="235" sc="1" el="235" ec="2" bec="2" bev="2" fileid="2" />
                <SequencePoint vc="3" uspid="236" ordinal="4" sl="236" sc="1" el="236" ec="2" bec="4" bev="4" fileid="2" />
                <SequencePoint vc="3" uspid="238" ordinal="5" sl="238" sc="1" el="238" ec="2" bec="2" bev="2" fileid="2" />
                <SequencePoint vc="3" uspid="239" ordinal="6" sl="239" sc="1" el="239" ec="2" bec="0" bev="0" fileid="2" />
                <SequencePoint vc="1" uspid="241" ordinal="7" sl="241" sc="1" el="241" ec="2" bec="0" bev="0" fileid="2" />
              </SequencePoints>
              <BranchPoints>
                <BranchPoint vc="3" uspid="232" ordinal="9" path="1" offset="75" offsetend="6" sl="232" fileid="2" />
                <BranchPoint vc="3" uspid="235" ordinal="0" path="0" offset="24" offsetend="26" sl="235" fileid="2" />
                <BranchPoint vc="3" uspid="236" ordinal="2" path="0" offset="28" offsetend="30" sl="236" fileid="2" />
                <BranchPoint vc="3" uspid="236" ordinal="3" path="1" offset="28" offsetend="39" sl="236" fileid="2" />
                <BranchPoint vc="3" uspid="236" ordinal="4" path="0" offset="37" offsetend="39" sl="236" fileid="2" />
                <BranchPoint vc="3" uspid="238" ordinal="6" path="0" offset="47" offsetend="49" sl="238" fileid="2" />
                <BranchPoint vc="3" uspid="236" ordinal="5" path="1" offset="37" offsetend="63" sl="236" fileid="2" />
                <BranchPoint vc="3" uspid="238" ordinal="7" path="1" offset="47" offsetend="63" sl="238" fileid="2" />
                <BranchPoint vc="1" uspid="235" ordinal="1" path="1" offset="24" offsetend="77" sl="235" fileid="2" />
                <BranchPoint vc="1" uspid="232" ordinal="8" path="0" offset="75" offsetend="77" sl="232" fileid="2" />
              </BranchPoints>
              <MethodPoint vc="8" uspid="0" p8:type="SequencePoint" ordinal="28" offset="28" sc="0" sl="231" ec="1" el="241" bec="0" bev="0" fileid="2" xmlns:p8="xsi" />
            </Method>
            <Method cyclomaticComplexity="12" nPathComplexity="0" sequenceCoverage="100" branchCoverage="100" isConstructor="False" isGetter="False" isSetter="False" isStatic="True">
              <Summary numSequencePoints="9" visitedSequencePoints="9" numBranchPoints="12" visitedBranchPoints="12" sequenceCoverage="100" branchCoverage="100" maxCyclomaticComplexity="12" minCyclomaticComplexity="12" visitedClasses="0" numClasses="0" visitedMethods="1" numMethods="1" />
              <MetadataToken />
              <Name>System.ReadOnlySpan`1&lt;System.Int32&gt; Ignis.EntityManager::QuerySubset(System.ReadOnlySpan`1&lt;System.Int32&gt;,System.Span`1&lt;System.Int32&gt;,System.Type,System.Type,System.Boolean)</Name>
              <FileRef uid="2" />
              <SequencePoints>
                <SequencePoint vc="1" uspid="246" ordinal="0" sl="246" sc="1" el="246" ec="2" bec="0" bev="0" fileid="2" />
                <SequencePoint vc="8" uspid="247" ordinal="1" sl="247" sc="1" el="247" ec="2" bec="2" bev="2" fileid="2" />
                <SequencePoint vc="3" uspid="249" ordinal="2" sl="249" sc="1" el="249" ec="2" bec="0" bev="0" fileid="2" />
                <SequencePoint vc="3" uspid="250" ordinal="3" sl="250" sc="1" el="250" ec="2" bec="2" bev="2" fileid="2" />
                <SequencePoint vc="3" uspid="251" ordinal="4" sl="251" sc="1" el="251" ec="2" bec="4" bev="4" fileid="2" />
                <SequencePoint vc="3" uspid="253" ordinal="5" sl="253" sc="1" el="253" ec="2" bec="2" bev="2" fileid="2" />
                <SequencePoint vc="3" uspid="254" ordinal="6" sl="254" sc="1" el="254" ec="2" bec="2" bev="2" fileid="2" />
                <SequencePoint vc="3" uspid="255" ordinal="7" sl="255" sc="1" el="255" ec="2" bec="0" bev="0" fileid="2" />
                <SequencePoint vc="1" uspid="257" ordinal="8" sl="257" sc="1" el="257" ec="2" bec="0" bev="0" fileid="2" />
              </SequencePoints>
              <BranchPoints>
                <BranchPoint vc="3" uspid="247" ordinal="11" path="1" offset="86" offsetend="6" sl="247" fileid="2" />
                <BranchPoint vc="3" uspid="250" ordinal="0" path="0" offset="24" offsetend="26" sl="250" fileid="2" />
                <BranchPoint vc="3" uspid="251" ordinal="2" path="0" offset="28" offsetend="30" sl="251" fileid="2" />
                <BranchPoint vc="3" uspid="251" ordinal="3" path="1" offset="28" offsetend="39" sl="251" fileid="2" />
                <BranchPoint vc="3" uspid="251" ordinal="4" path="0" offset="37" offsetend="39" sl="251" fileid="2" />
                <BranchPoint vc="3" uspid="253" ordinal="6" path="0" offset="47" offsetend="49" sl="253" fileid="2" />
                <BranchPoint vc="3" uspid="254" ordinal="8" path="0" offset="58" offsetend="60" sl="254" fileid="2" />
                <BranchPoint vc="3" uspid="251" ordinal="5" path="1" offset="37" offsetend="74" sl="251" fileid="2" />
                <BranchPoint vc="3" uspid="253" ordinal="7" path="1" offset="47" offsetend="74" sl="253" fileid="2" />
                <BranchPoint vc="3" uspid="254" ordinal="9" path="1" offset="58" offsetend="74" sl="254" fileid="2" />
                <BranchPoint vc="1" uspid="250" ordinal="1" path="1" offset="24" offsetend="88" sl="250" fileid="2" />
                <BranchPoint vc="1" uspid="247" ordinal="10" path="0" offset="86" offsetend="88" sl="247" fileid="2" />
              </BranchPoints>
              <MethodPoint vc="9" uspid="0" p8:type="SequencePoint" ordinal="29" offset="29" sc="0" sl="246" ec="1" el="257" bec="0" bev="0" fileid="2" xmlns:p8="xsi" />
            </Method>
            <Method cyclomaticComplexity="14" nPathComplexity="0" sequenceCoverage="100" branchCoverage="100" isConstructor="False" isGetter="False" isSetter="False" isStatic="True">
              <Summary numSequencePoints="10" visitedSequencePoints="10" numBranchPoints="14" visitedBranchPoints="14" sequenceCoverage="100" branchCoverage="100" maxCyclomaticComplexity="14" minCyclomaticComplexity="14" visitedClasses="0" numClasses="0" visitedMethods="1" numMethods="1" />
              <MetadataToken />
              <Name>System.ReadOnlySpan`1&lt;System.Int32&gt; Ignis.EntityManager::QuerySubset(System.ReadOnlySpan`1&lt;System.Int32&gt;,System.Span`1&lt;System.Int32&gt;,System.Type,System.Type,System.Type,System.Boolean)</Name>
              <FileRef uid="2" />
              <SequencePoints>
                <SequencePoint vc="1" uspid="262" ordinal="0" sl="262" sc="1" el="262" ec="2" bec="0" bev="0" fileid="2" />
                <SequencePoint vc="8" uspid="263" ordinal="1" sl="263" sc="1" el="263" ec="2" bec="2" bev="2" fileid="2" />
                <SequencePoint vc="3" uspid="265" ordinal="2" sl="265" sc="1" el="265" ec="2" bec="0" bev="0" fileid="2" />
                <SequencePoint vc="3" uspid="266" ordinal="3" sl="266" sc="1" el="266" ec="2" bec="2" bev="2" fileid="2" />
                <SequencePoint vc="3" uspid="267" ordinal="4" sl="267" sc="1" el="267" ec="2" bec="4" bev="4" fileid="2" />
                <SequencePoint vc="3" uspid="269" ordinal="5" sl="269" sc="1" el="269" ec="2" bec="2" bev="2" fileid="2" />
                <SequencePoint vc="3" uspid="270" ordinal="6" sl="270" sc="1" el="270" ec="2" bec="2" bev="2" fileid="2" />
                <SequencePoint vc="3" uspid="271" ordinal="7" sl="271" sc="1" el="271" ec="2" bec="2" bev="2" fileid="2" />
                <SequencePoint vc="2" uspid="272" ordinal="8" sl="272" sc="1" el="272" ec="2" bec="0" bev="0" fileid="2" />
                <SequencePoint vc="1" uspid="274" ordinal="9" sl="274" sc="1" el="274" ec="2" bec="0" bev="0" fileid="2" />
              </SequencePoints>
              <BranchPoints>
                <BranchPoint vc="3" uspid="263" ordinal="13" path="1" offset="97" offsetend="6" sl="263" fileid="2" />
                <BranchPoint vc="3" uspid="266" ordinal="0" path="0" offset="24" offsetend="26" sl="266" fileid="2" />
                <BranchPoint vc="3" uspid="267" ordinal="2" path="0" offset="28" offsetend="30" sl="267" fileid="2" />
                <BranchPoint vc="3" uspid="267" ordinal="3" path="1" offset="28" offsetend="39" sl="267" fileid="2" />
                <BranchPoint vc="3" uspid="267" ordinal="4" path="0" offset="37" offsetend="39" sl="267" fileid="2" />
                <BranchPoint vc="3" uspid="269" ordinal="6" path="0" offset="47" offsetend="49" sl="269" fileid="2" />
                <BranchPoint vc="3" uspid="270" ordinal="8" path="0" offset="58" offsetend="60" sl="270" fileid="2" />
                <BranchPoint vc="2" uspid="271" ordinal="10" path="0" offset="69" offsetend="71" sl="271" fileid="2" />
                <BranchPoint vc="3" uspid="267" ordinal="5" path="1" offset="37" offsetend="85" sl="267" fileid="2" />
                <BranchPoint vc="3" uspid="269" ordinal="7" path="1" offset="47" offsetend="85" sl="269" fileid="2" />
                <BranchPoint vc="3" uspid="270" ordinal="9" path="1" offset="58" offsetend="85" sl="270" fileid="2" />
                <BranchPoint vc="3" uspid="271" ordinal="11" path="1" offset="69" offsetend="85" sl="271" fileid="2" />
                <BranchPoint vc="1" uspid="266" ordinal="1" path="1" offset="24" offsetend="99" sl="266" fileid="2" />
                <BranchPoint vc="1" uspid="263" ordinal="12" path="0" offset="97" offsetend="99" sl="263" fileid="2" />
              </BranchPoints>
              <MethodPoint vc="10" uspid="0" p8:type="SequencePoint" ordinal="30" offset="30" sc="0" sl="262" ec="1" el="274" bec="0" bev="0" fileid="2" xmlns:p8="xsi" />
            </Method>
            <Method cyclomaticComplexity="16" nPathComplexity="0" sequenceCoverage="100" branchCoverage="100" isConstructor="False" isGetter="False" isSetter="False" isStatic="True">
              <Summary numSequencePoints="11" visitedSequencePoints="11" numBranchPoints="16" visitedBranchPoints="16" sequenceCoverage="100" branchCoverage="100" maxCyclomaticComplexity="16" minCyclomaticComplexity="16" visitedClasses="0" numClasses="0" visitedMethods="1" numMethods="1" />
              <MetadataToken />
              <Name>System.ReadOnlySpan`1&lt;System.Int32&gt; Ignis.EntityManager::QuerySubset(System.ReadOnlySpan`1&lt;System.Int32&gt;,System.Span`1&lt;System.Int32&gt;,System.Type,System.Type,System.Type,System.Type,System.Boolean)</Name>
              <FileRef uid="2" />
              <SequencePoints>
                <SequencePoint vc="1" uspid="279" ordinal="0" sl="279" sc="1" el="279" ec="2" bec="0" bev="0" fileid="2" />
                <SequencePoint vc="8" uspid="280" ordinal="1" sl="280" sc="1" el="280" ec="2" bec="2" bev="2" fileid="2" />
                <SequencePoint vc="3" uspid="282" ordinal="2" sl="282" sc="1" el="282" ec="2" bec="0" bev="0" fileid="2" />
                <SequencePoint vc="3" uspid="283" ordinal="3" sl="283" sc="1" el="283" ec="2" bec="2" bev="2" fileid="2" />
                <SequencePoint vc="3" uspid="284" ordinal="4" sl="284" sc="1" el="284" ec="2" bec="4" bev="4" fileid="2" />
                <SequencePoint vc="3" uspid="286" ordinal="5" sl="286" sc="1" el="286" ec="2" bec="2" bev="2" fileid="2" />
                <SequencePoint vc="3" uspid="287" ordinal="6" sl="287" sc="1" el="287" ec="2" bec="2" bev="2" fileid="2" />
                <SequencePoint vc="3" uspid="288" ordinal="7" sl="288" sc="1" el="288" ec="2" bec="2" bev="2" fileid="2" />
                <SequencePoint vc="2" uspid="289" ordinal="8" sl="289" sc="1" el="289" ec="2" bec="2" bev="2" fileid="2" />
                <SequencePoint vc="1" uspid="290" ordinal="9" sl="290" sc="1" el="290" ec="2" bec="0" bev="0" fileid="2" />
                <SequencePoint vc="1" uspid="292" ordinal="10" sl="292" sc="1" el="292" ec="2" bec="0" bev="0" fileid="2" />
              </SequencePoints>
              <BranchPoints>
                <BranchPoint vc="3" uspid="280" ordinal="15" path="1" offset="108" offsetend="6" sl="280" fileid="2" />
                <BranchPoint vc="3" uspid="283" ordinal="0" path="0" offset="24" offsetend="26" sl="283" fileid="2" />
                <BranchPoint vc="3" uspid="284" ordinal="2" path="0" offset="28" offsetend="30" sl="284" fileid="2" />
                <BranchPoint vc="3" uspid="284" ordinal="3" path="1" offset="28" offsetend="39" sl="284" fileid="2" />
                <BranchPoint vc="3" uspid="284" ordinal="4" path="0" offset="37" offsetend="39" sl="284" fileid="2" />
                <BranchPoint vc="3" uspid="286" ordinal="6" path="0" offset="47" offsetend="49" sl="286" fileid="2" />
                <BranchPoint vc="3" uspid="287" ordinal="8" path="0" offset="58" offsetend="60" sl="287" fileid="2" />
                <BranchPoint vc="2" uspid="288" ordinal="10" path="0" offset="69" offsetend="71" sl="288" fileid="2" />
                <BranchPoint vc="1" uspid="289" ordinal="12" path="0" offset="80" offsetend="82" sl="289" fileid="2" />
                <BranchPoint vc="3" uspid="284" ordinal="5" path="1" offset="37" offsetend="96" sl="284" fileid="2" />
                <BranchPoint vc="3" uspid="286" ordinal="7" path="1" offset="47" offsetend="96" sl="286" fileid="2" />
                <BranchPoint vc="3" uspid="287" ordinal="9" path="1" offset="58" offsetend="96" sl="287" fileid="2" />
                <BranchPoint vc="3" uspid="288" ordinal="11" path="1" offset="69" offsetend="96" sl="288" fileid="2" />
                <BranchPoint vc="3" uspid="289" ordinal="13" path="1" offset="80" offsetend="96" sl="289" fileid="2" />
                <BranchPoint vc="1" uspid="283" ordinal="1" path="1" offset="24" offsetend="110" sl="283" fileid="2" />
                <BranchPoint vc="1" uspid="280" ordinal="14" path="0" offset="108" offsetend="110" sl="280" fileid="2" />
              </BranchPoints>
              <MethodPoint vc="11" uspid="0" p8:type="SequencePoint" ordinal="31" offset="31" sc="0" sl="279" ec="1" el="292" bec="0" bev="0" fileid="2" xmlns:p8="xsi" />
            </Method>
            <Method cyclomaticComplexity="8" nPathComplexity="0" sequenceCoverage="0" branchCoverage="0" isConstructor="False" isGetter="False" isSetter="False" isStatic="True">
              <Summary numSequencePoints="10" visitedSequencePoints="0" numBranchPoints="8" visitedBranchPoints="0" sequenceCoverage="0" branchCoverage="0" maxCyclomaticComplexity="8" minCyclomaticComplexity="8" visitedClasses="0" numClasses="0" visitedMethods="0" numMethods="1" />
              <MetadataToken />
              <Name>System.Void Ignis.EntityManager::QueryTo(System.Collections.Generic.IList`1&lt;System.Int32&gt;,System.Type[])</Name>
              <FileRef uid="2" />
              <SequencePoints>
                <SequencePoint vc="0" uspid="297" ordinal="0" sl="297" sc="1" el="297" ec="2" bec="0" bev="0" fileid="2" />
                <SequencePoint vc="0" uspid="298" ordinal="1" sl="298" sc="1" el="298" ec="2" bec="2" bev="0" fileid="2" />
                <SequencePoint vc="0" uspid="300" ordinal="2" sl="300" sc="1" el="300" ec="2" bec="0" bev="0" fileid="2" />
                <SequencePoint vc="0" uspid="301" ordinal="3" sl="301" sc="1" el="301" ec="2" bec="2" bev="0" fileid="2" />
                <SequencePoint vc="0" uspid="303" ordinal="4" sl="303" sc="1" el="303" ec="2" bec="2" bev="0" fileid="2" />
                <SequencePoint vc="0" uspid="305" ordinal="5" sl="305" sc="1" el="305" ec="2" bec="0" bev="0" fileid="2" />
                <SequencePoint vc="0" uspid="306" ordinal="6" sl="306" sc="1" el="306" ec="2" bec="0" bev="0" fileid="2" />
                <SequencePoint vc="0" uspid="309" ordinal="7" sl="309" sc="1" el="309" ec="2" bec="2" bev="0" fileid="2" />
                <SequencePoint vc="0" uspid="310" ordinal="8" sl="310" sc="1" el="310" ec="2" bec="0" bev="0" fileid="2" />
                <SequencePoint vc="0" uspid="312" ordinal="9" sl="312" sc="1" el="312" ec="2" bec="0" bev="0" fileid="2" />
              </SequencePoints>
              <BranchPoints>
                <BranchPoint vc="0" uspid="298" ordinal="7" path="1" offset="80" offsetend="14" sl="298" fileid="2" />
                <BranchPoint vc="0" uspid="301" ordinal="3" path="1" offset="62" offsetend="30" sl="301" fileid="2" />
                <BranchPoint vc="0" uspid="303" ordinal="0" path="0" offset="45" offsetend="47" sl="303" fileid="2" />
                <BranchPoint vc="0" uspid="303" ordinal="1" path="1" offset="45" offsetend="51" sl="303" fileid="2" />
                <BranchPoint vc="0" uspid="301" ordinal="2" path="0" offset="62" offsetend="64" sl="301" fileid="2" />
                <BranchPoint vc="0" uspid="309" ordinal="4" path="0" offset="65" offsetend="67" sl="309" fileid="2" />
                <BranchPoint vc="0" uspid="309" ordinal="5" path="1" offset="65" offsetend="74" sl="309" fileid="2" />
                <BranchPoint vc="0" uspid="298" ordinal="6" path="0" offset="80" offsetend="82" sl="298" fileid="2" />
              </BranchPoints>
              <MethodPoint vc="0" uspid="0" p8:type="SequencePoint" ordinal="32" offset="32" sc="0" sl="297" ec="1" el="312" bec="0" bev="0" fileid="2" xmlns:p8="xsi" />
            </Method>
            <Method cyclomaticComplexity="4" nPathComplexity="0" sequenceCoverage="0" branchCoverage="0" isConstructor="False" isGetter="False" isSetter="False" isStatic="True">
              <Summary numSequencePoints="5" visitedSequencePoints="0" numBranchPoints="4" visitedBranchPoints="0" sequenceCoverage="0" branchCoverage="0" maxCyclomaticComplexity="4" minCyclomaticComplexity="4" visitedClasses="0" numClasses="0" visitedMethods="0" numMethods="1" />
              <MetadataToken />
              <Name>System.Void Ignis.EntityManager::QueryTo(System.Collections.Generic.IList`1&lt;System.Int32&gt;,System.Type)</Name>
              <FileRef uid="2" />
              <SequencePoints>
                <SequencePoint vc="0" uspid="316" ordinal="0" sl="316" sc="1" el="316" ec="2" bec="0" bev="0" fileid="2" />
                <SequencePoint vc="0" uspid="317" ordinal="1" sl="317" sc="1" el="317" ec="2" bec="2" bev="0" fileid="2" />
                <SequencePoint vc="0" uspid="319" ordinal="2" sl="319" sc="1" el="319" ec="2" bec="2" bev="0" fileid="2" />
                <SequencePoint vc="0" uspid="320" ordinal="3" sl="320" sc="1" el="320" ec="2" bec="0" bev="0" fileid="2" />
                <SequencePoint vc="0" uspid="322" ordinal="4" sl="322" sc="1" el="322" ec="2" bec="0" bev="0" fileid="2" />
              </SequencePoints>
              <BranchPoints>
                <BranchPoint vc="0" uspid="317" ordinal="3" path="1" offset="44" offsetend="14" sl="317" fileid="2" />
                <BranchPoint vc="0" uspid="319" ordinal="0" path="0" offset="29" offsetend="31" sl="319" fileid="2" />
                <BranchPoint vc="0" uspid="319" ordinal="1" path="1" offset="29" offsetend="38" sl="319" fileid="2" />
                <BranchPoint vc="0" uspid="317" ordinal="2" path="0" offset="44" offsetend="46" sl="317" fileid="2" />
              </BranchPoints>
              <MethodPoint vc="0" uspid="0" p8:type="SequencePoint" ordinal="33" offset="33" sc="0" sl="316" ec="1" el="322" bec="0" bev="0" fileid="2" xmlns:p8="xsi" />
            </Method>
            <Method cyclomaticComplexity="6" nPathComplexity="0" sequenceCoverage="0" branchCoverage="0" isConstructor="False" isGetter="False" isSetter="False" isStatic="True">
              <Summary numSequencePoints="6" visitedSequencePoints="0" numBranchPoints="6" visitedBranchPoints="0" sequenceCoverage="0" branchCoverage="0" maxCyclomaticComplexity="6" minCyclomaticComplexity="6" visitedClasses="0" numClasses="0" visitedMethods="0" numMethods="1" />
              <MetadataToken />
              <Name>System.Void Ignis.EntityManager::QueryTo(System.Collections.Generic.IList`1&lt;System.Int32&gt;,System.Type,System.Type)</Name>
              <FileRef uid="2" />
              <SequencePoints>
                <SequencePoint vc="0" uspid="326" ordinal="0" sl="326" sc="1" el="326" ec="2" bec="0" bev="0" fileid="2" />
                <SequencePoint vc="0" uspid="327" ordinal="1" sl="327" sc="1" el="327" ec="2" bec="2" bev="0" fileid="2" />
                <SequencePoint vc="0" uspid="329" ordinal="2" sl="329" sc="1" el="329" ec="2" bec="2" bev="0" fileid="2" />
                <SequencePoint vc="0" uspid="330" ordinal="3" sl="330" sc="1" el="330" ec="2" bec="2" bev="0" fileid="2" />
                <SequencePoint vc="0" uspid="331" ordinal="4" sl="331" sc="1" el="331" ec="2" bec="0" bev="0" fileid="2" />
                <SequencePoint vc="0" uspid="333" ordinal="5" sl="333" sc="1" el="333" ec="2" bec="0" bev="0" fileid="2" />
              </SequencePoints>
              <BranchPoints>
                <BranchPoint vc="0" uspid="327" ordinal="5" path="1" offset="54" offsetend="14" sl="327" fileid="2" />
                <BranchPoint vc="0" uspid="329" ordinal="0" path="0" offset="29" offsetend="31" sl="329" fileid="2" />
                <BranchPoint vc="0" uspid="330" ordinal="2" path="0" offset="39" offsetend="41" sl="330" fileid="2" />
                <BranchPoint vc="0" uspid="329" ordinal="1" path="1" offset="29" offsetend="48" sl="329" fileid="2" />
                <BranchPoint vc="0" uspid="330" ordinal="3" path="1" offset="39" offsetend="48" sl="330" fileid="2" />
                <BranchPoint vc="0" uspid="327" ordinal="4" path="0" offset="54" offsetend="56" sl="327" fileid="2" />
              </BranchPoints>
              <MethodPoint vc="0" uspid="0" p8:type="SequencePoint" ordinal="34" offset="34" sc="0" sl="326" ec="1" el="333" bec="0" bev="0" fileid="2" xmlns:p8="xsi" />
            </Method>
            <Method cyclomaticComplexity="8" nPathComplexity="0" sequenceCoverage="0" branchCoverage="0" isConstructor="False" isGetter="False" isSetter="False" isStatic="True">
              <Summary numSequencePoints="7" visitedSequencePoints="0" numBranchPoints="8" visitedBranchPoints="0" sequenceCoverage="0" branchCoverage="0" maxCyclomaticComplexity="8" minCyclomaticComplexity="8" visitedClasses="0" numClasses="0" visitedMethods="0" numMethods="1" />
              <MetadataToken />
              <Name>System.Void Ignis.EntityManager::QueryTo(System.Collections.Generic.IList`1&lt;System.Int32&gt;,System.Type,System.Type,System.Type)</Name>
              <FileRef uid="2" />
              <SequencePoints>
                <SequencePoint vc="0" uspid="337" ordinal="0" sl="337" sc="1" el="337" ec="2" bec="0" bev="0" fileid="2" />
                <SequencePoint vc="0" uspid="338" ordinal="1" sl="338" sc="1" el="338" ec="2" bec="2" bev="0" fileid="2" />
                <SequencePoint vc="0" uspid="340" ordinal="2" sl="340" sc="1" el="340" ec="2" bec="2" bev="0" fileid="2" />
[...]
              <Summary numSequencePoints="1" visitedSequencePoints="0" numBranchPoints="0" visitedBranchPoints="0" sequenceCoverage="0" branchCoverage="100" maxCyclomaticComplexity="1" minCyclomaticComplexity="1" visitedClasses="0" numClasses="0" visitedMethods="0" numMethods="1" />
              <MetadataToken />
              <Name>TInterface Ignis.Containers.MicroResolverContainer`1::Resolve()</Name>
              <FileRef uid="10" />
              <SequencePoints>
                <SequencePoint vc="0" uspid="120" ordinal="0" sl="120" sc="1" el="120" ec="2" bec="0" bev="0" fileid="10" />
              </SequencePoints>
              <BranchPoints />
              <MethodPoint vc="0" uspid="0" p8:type="SequencePoint" ordinal="13" offset="13" sc="0" sl="120" ec="1" el="120" bec="0" bev="0" fileid="10" xmlns:p8="xsi" />
            </Method>
            <Method cyclomaticComplexity="1" nPathComplexity="0" sequenceCoverage="100" branchCoverage="100" isConstructor="False" isGetter="False" isSetter="False" isStatic="True">
              <Summary numSequencePoints="1" visitedSequencePoints="1" numBranchPoints="0" visitedBranchPoints="0" sequenceCoverage="100" branchCoverage="100" maxCyclomaticComplexity="1" minCyclomaticComplexity="1" visitedClasses="0" numClasses="0" visitedMethods="1" numMethods="1" />
              <MetadataToken />
              <Name>System.Object Ignis.Containers.MicroResolverContainer`1::GetStorageFor(System.Type)</Name>
              <FileRef uid="10" />
              <SequencePoints>
                <SequencePoint vc="1" uspid="123" ordinal="0" sl="123" sc="1" el="123" ec="2" bec="0" bev="0" fileid="10" />
              </SequencePoints>
              <BranchPoints />
              <MethodPoint vc="1" uspid="0" p8:type="SequencePoint" ordinal="14" offset="14" sc="0" sl="123" ec="1" el="123" bec="0" bev="0" fileid="10" xmlns:p8="xsi" />
            </Method>
            <Method cyclomaticComplexity="1" nPathComplexity="0" sequenceCoverage="100" branchCoverage="100" isConstructor="False" isGetter="False" isSetter="False" isStatic="True">
              <Summary numSequencePoints="1" visitedSequencePoints="1" numBranchPoints="0" visitedBranchPoints="0" sequenceCoverage="100" branchCoverage="100" maxCyclomaticComplexity="1" minCyclomaticComplexity="1" visitedClasses="0" numClasses="0" visitedMethods="1" numMethods="1" />
              <MetadataToken />
              <Name>Ignis.SystemBase`1&lt;TState&gt; Ignis.Containers.MicroResolverContainer`1::GetSystem(System.Type)</Name>
              <FileRef uid="10" />
              <SequencePoints>
                <SequencePoint vc="4" uspid="125" ordinal="0" sl="125" sc="1" el="125" ec="2" bec="0" bev="0" fileid="10" />
              </SequencePoints>
              <BranchPoints />
              <MethodPoint vc="1" uspid="0" p8:type="SequencePoint" ordinal="15" offset="15" sc="0" sl="125" ec="1" el="125" bec="0" bev="0" fileid="10" xmlns:p8="xsi" />
            </Method>
            <Method cyclomaticComplexity="1" nPathComplexity="0" sequenceCoverage="100" branchCoverage="100" isConstructor="False" isGetter="False" isSetter="False" isStatic="True">
              <Summary numSequencePoints="1" visitedSequencePoints="1" numBranchPoints="0" visitedBranchPoints="0" sequenceCoverage="100" branchCoverage="100" maxCyclomaticComplexity="1" minCyclomaticComplexity="1" visitedClasses="0" numClasses="0" visitedMethods="1" numMethods="1" />
              <MetadataToken />
              <Name>System.Collections.Generic.IEnumerable`1&lt;System.Type&gt; Ignis.Containers.MicroResolverContainer`1::GetComponentTypes()</Name>
              <FileRef uid="10" />
              <SequencePoints>
                <SequencePoint vc="2" uspid="127" ordinal="0" sl="127" sc="1" el="127" ec="2" bec="0" bev="0" fileid="10" />
              </SequencePoints>
              <BranchPoints />
              <MethodPoint vc="1" uspid="0" p8:type="SequencePoint" ordinal="16" offset="16" sc="0" sl="127" ec="1" el="127" bec="0" bev="0" fileid="10" xmlns:p8="xsi" />
            </Method>
            <Method cyclomaticComplexity="1" nPathComplexity="0" sequenceCoverage="100" branchCoverage="100" isConstructor="False" isGetter="False" isSetter="False" isStatic="True">
              <Summary numSequencePoints="1" visitedSequencePoints="1" numBranchPoints="0" visitedBranchPoints="0" sequenceCoverage="100" branchCoverage="100" maxCyclomaticComplexity="1" minCyclomaticComplexity="1" visitedClasses="0" numClasses="0" visitedMethods="1" numMethods="1" />
              <MetadataToken />
              <Name>System.Collections.Generic.IEnumerable`1&lt;System.Type&gt; Ignis.Containers.MicroResolverContainer`1::GetSystemTypes()</Name>
              <FileRef uid="10" />
              <SequencePoints>
                <SequencePoint vc="5" uspid="129" ordinal="0" sl="129" sc="1" el="129" ec="2" bec="0" bev="0" fileid="10" />
              </SequencePoints>
              <BranchPoints />
              <MethodPoint vc="1" uspid="0" p8:type="SequencePoint" ordinal="17" offset="17" sc="0" sl="129" ec="1" el="129" bec="0" bev="0" fileid="10" xmlns:p8="xsi" />
            </Method>
            <Method cyclomaticComplexity="1" nPathComplexity="0" sequenceCoverage="100" branchCoverage="100" isConstructor="False" isGetter="False" isSetter="False" isStatic="True">
              <Summary numSequencePoints="4" visitedSequencePoints="4" numBranchPoints="0" visitedBranchPoints="0" sequenceCoverage="100" branchCoverage="100" maxCyclomaticComplexity="1" minCyclomaticComplexity="1" visitedClasses="0" numClasses="0" visitedMethods="1" numMethods="1" />
              <MetadataToken />
              <Name>System.Void Ignis.Containers.MicroResolverContainer`1::InitializeSystems(TState)</Name>
              <FileRef uid="10" />
              <SequencePoints>
                <SequencePoint vc="1" uspid="132" ordinal="0" sl="132" sc="1" el="132" ec="2" bec="0" bev="0" fileid="10" />
                <SequencePoint vc="1" uspid="133" ordinal="1" sl="133" sc="1" el="133" ec="2" bec="0" bev="0" fileid="10" />
                <SequencePoint vc="1" uspid="134" ordinal="2" sl="134" sc="1" el="134" ec="2" bec="0" bev="0" fileid="10" />
                <SequencePoint vc="2" uspid="135" ordinal="3" sl="135" sc="1" el="135" ec="2" bec="0" bev="0" fileid="10" />
              </SequencePoints>
              <BranchPoints />
              <MethodPoint vc="4" uspid="0" p8:type="SequencePoint" ordinal="18" offset="18" sc="0" sl="132" ec="1" el="135" bec="0" bev="0" fileid="10" xmlns:p8="xsi" />
            </Method>
            <Method cyclomaticComplexity="6" nPathComplexity="0" sequenceCoverage="0" branchCoverage="0" isConstructor="False" isGetter="False" isSetter="False" isStatic="True">
              <Summary numSequencePoints="6" visitedSequencePoints="0" numBranchPoints="6" visitedBranchPoints="0" sequenceCoverage="0" branchCoverage="0" maxCyclomaticComplexity="6" minCyclomaticComplexity="6" visitedClasses="0" numClasses="0" visitedMethods="0" numMethods="1" />
              <MetadataToken />
              <Name>Ignis.IContainer`1&lt;TState&gt; Ignis.Containers.MicroResolverContainer`1::AddParallelSystems(System.Type[],System.Type[])</Name>
              <FileRef uid="10" />
              <SequencePoints>
                <SequencePoint vc="0" uspid="139" ordinal="0" sl="139" sc="1" el="139" ec="2" bec="2" bev="0" fileid="10" />
                <SequencePoint vc="0" uspid="140" ordinal="1" sl="140" sc="1" el="140" ec="2" bec="0" bev="0" fileid="10" />
                <SequencePoint vc="0" uspid="141" ordinal="2" sl="141" sc="1" el="141" ec="2" bec="4" bev="0" fileid="10" />
                <SequencePoint vc="0" uspid="142" ordinal="3" sl="142" sc="1" el="142" ec="2" bec="0" bev="0" fileid="10" />
                <SequencePoint vc="0" uspid="143" ordinal="4" sl="143" sc="1" el="143" ec="2" bec="0" bev="0" fileid="10" />
                <SequencePoint vc="0" uspid="144" ordinal="5" sl="144" sc="1" el="144" ec="2" bec="0" bev="0" fileid="10" />
              </SequencePoints>
              <BranchPoints>
                <BranchPoint vc="0" uspid="139" ordinal="1" path="1" offset="25" offsetend="6" sl="139" fileid="10" />
                <BranchPoint vc="0" uspid="139" ordinal="0" path="0" offset="25" offsetend="27" sl="139" fileid="10" />
                <BranchPoint vc="0" uspid="141" ordinal="2" path="0" offset="35" offsetend="37" sl="141" fileid="10" />
                <BranchPoint vc="0" uspid="141" ordinal="3" path="1" offset="35" offsetend="60" sl="141" fileid="10" />
                <BranchPoint vc="0" uspid="141" ordinal="5" path="1" offset="108" offsetend="73" sl="141" fileid="10" />
                <BranchPoint vc="0" uspid="141" ordinal="4" path="0" offset="108" offsetend="110" sl="141" fileid="10" />
              </BranchPoints>
              <MethodPoint vc="0" uspid="0" p8:type="SequencePoint" ordinal="19" offset="19" sc="0" sl="139" ec="1" el="144" bec="0" bev="0" fileid="10" xmlns:p8="xsi" />
            </Method>
            <Method cyclomaticComplexity="1" nPathComplexity="0" sequenceCoverage="100" branchCoverage="100" isConstructor="False" isGetter="False" isSetter="False" isStatic="True">
              <Summary numSequencePoints="1" visitedSequencePoints="1" numBranchPoints="0" visitedBranchPoints="0" sequenceCoverage="100" branchCoverage="100" maxCyclomaticComplexity="1" minCyclomaticComplexity="1" visitedClasses="0" numClasses="0" visitedMethods="1" numMethods="1" />
              <MetadataToken />
              <Name>Ignis.IContainer`1&lt;TState&gt; Ignis.Containers.MicroResolverContainer`1::Register(System.Type)</Name>
              <FileRef uid="10" />
              <SequencePoints>
                <SequencePoint vc="2" uspid="151" ordinal="0" sl="151" sc="1" el="151" ec="2" bec="0" bev="0" fileid="10" />
              </SequencePoints>
              <BranchPoints />
              <MethodPoint vc="1" uspid="0" p8:type="SequencePoint" ordinal="20" offset="20" sc="0" sl="151" ec="1" el="151" bec="0" bev="0" fileid="10" xmlns:p8="xsi" />
            </Method>
            <Method cyclomaticComplexity="8" nPathComplexity="0" sequenceCoverage="94.44" branchCoverage="87.5" isConstructor="False" isGetter="False" isSetter="False" isStatic="True">
              <Summary numSequencePoints="18" visitedSequencePoints="17" numBranchPoints="8" visitedBranchPoints="7" sequenceCoverage="94.44" branchCoverage="87.5" maxCyclomaticComplexity="8" minCyclomaticComplexity="8" visitedClasses="0" numClasses="0" visitedMethods="1" numMethods="1" />
              <MetadataToken />
              <Name>Ignis.IContainer`1&lt;TState&gt; Ignis.Containers.MicroResolverContainer`1::Register(System.Type,System.Type)</Name>
              <FileRef uid="10" />
              <SequencePoints>
                <SequencePoint vc="6" uspid="155" ordinal="0" sl="155" sc="1" el="155" ec="2" bec="0" bev="0" fileid="10" />
                <SequencePoint vc="6" uspid="156" ordinal="1" sl="156" sc="1" el="156" ec="2" bec="2" bev="2" fileid="10" />
                <SequencePoint vc="2" uspid="158" ordinal="2" sl="158" sc="1" el="158" ec="2" bec="0" bev="0" fileid="10" />
                <SequencePoint vc="2" uspid="159" ordinal="3" sl="159" sc="1" el="159" ec="2" bec="0" bev="0" fileid="10" />
                <SequencePoint vc="4" uspid="161" ordinal="4" sl="161" sc="1" el="161" ec="2" bec="2" bev="2" fileid="10" />
                <SequencePoint vc="2" uspid="163" ordinal="5" sl="163" sc="1" el="163" ec="2" bec="2" bev="2" fileid="10" />
                <SequencePoint vc="4" uspid="164" ordinal="6" sl="164" sc="1" el="164" ec="2" bec="0" bev="0" fileid="10" />
                <SequencePoint vc="2" uspid="165" ordinal="7" sl="165" sc="1" el="165" ec="2" bec="2" bev="1" fileid="10" />
                <SequencePoint vc="0" uspid="166" ordinal="8" sl="166" sc="1" el="166" ec="2" bec="0" bev="0" fileid="10" />
                <SequencePoint vc="2" uspid="167" ordinal="9" sl="167" sc="1" el="167" ec="2" bec="0" bev="0" fileid="10" />
                <SequencePoint vc="2" uspid="168" ordinal="10" sl="168" sc="1" el="168" ec="2" bec="0" bev="0" fileid="10" />
                <SequencePoint vc="2" uspid="169" ordinal="11" sl="169" sc="1" el="169" ec="2" bec="0" bev="0" fileid="10" />
                <SequencePoint vc="2" uspid="170" ordinal="12" sl="170" sc="1" el="170" ec="2" bec="0" bev="0" fileid="10" />
                <SequencePoint vc="2" uspid="171" ordinal="13" sl="171" sc="1" el="171" ec="2" bec="0" bev="0" fileid="10" />
                <SequencePoint vc="2" uspid="172" ordinal="14" sl="172" sc="1" el="172" ec="2" bec="0" bev="0" fileid="10" />
                <SequencePoint vc="2" uspid="175" ordinal="15" sl="175" sc="1" el="175" ec="2" bec="0" bev="0" fileid="10" />
                <SequencePoint vc="6" uspid="176" ordinal="16" sl="176" sc="1" el="176" ec="2" bec="0" bev="0" fileid="10" />
                <SequencePoint vc="6" uspid="177" ordinal="17" sl="177" sc="1" el="177" ec="2" bec="0" bev="0" fileid="10" />
              </SequencePoints>
              <BranchPoints>
                <BranchPoint vc="2" uspid="156" ordinal="0" path="0" offset="18" offsetend="20" sl="156" fileid="10" />
                <BranchPoint vc="4" uspid="156" ordinal="1" path="1" offset="18" offsetend="51" sl="156" fileid="10" />
                <BranchPoint vc="2" uspid="161" ordinal="2" path="0" offset="67" offsetend="69" sl="161" fileid="10" />
                <BranchPoint vc="1" uspid="163" ordinal="4" path="0" offset="81" offsetend="83" sl="163" fileid="10" />
                <BranchPoint vc="2" uspid="163" ordinal="5" path="1" offset="81" offsetend="106" sl="163" fileid="10" />
                <BranchPoint vc="0" uspid="165" ordinal="6" path="0" offset="118" offsetend="120" sl="165" fileid="10" />
                <BranchPoint vc="2" uspid="165" ordinal="7" path="1" offset="118" offsetend="131" sl="165" fileid="10" />
                <BranchPoint vc="2" uspid="161" ordinal="3" path="1" offset="67" offsetend="193" sl="161" fileid="10" />
              </BranchPoints>
              <MethodPoint vc="17" uspid="0" p8:type="SequencePoint" ordinal="21" offset="21" sc="0" sl="155" ec="1" el="177" bec="0" bev="0" fileid="10" xmlns:p8="xsi" />
            </Method>
            <Method cyclomaticComplexity="1" nPathComplexity="0" sequenceCoverage="100" branchCoverage="100" isConstructor="False" isGetter="False" isSetter="False" isStatic="True">
              <Summary numSequencePoints="1" visitedSequencePoints="1" numBranchPoints="0" visitedBranchPoints="0" sequenceCoverage="100" branchCoverage="100" maxCyclomaticComplexity="1" minCyclomaticComplexity="1" visitedClasses="0" numClasses="0" visitedMethods="1" numMethods="1" />
              <MetadataToken />
              <Name>System.Object Ignis.Containers.MicroResolverContainer`1::Resolve(System.Type)</Name>
              <FileRef uid="10" />
              <SequencePoints>
                <SequencePoint vc="1" uspid="181" ordinal="0" sl="181" sc="1" el="181" ec="2" bec="0" bev="0" fileid="10" />
              </SequencePoints>
              <BranchPoints />
              <MethodPoint vc="1" uspid="0" p8:type="SequencePoint" ordinal="22" offset="22" sc="0" sl="181" ec="1" el="181" bec="0" bev="0" fileid="10" xmlns:p8="xsi" />
            </Method>
            <Method cyclomaticComplexity="1" nPathComplexity="0" sequenceCoverage="0" branchCoverage="100" isConstructor="False" isGetter="False" isSetter="False" isStatic="True">
              <Summary numSequencePoints="1" visitedSequencePoints="0" numBranchPoints="0" visitedBranchPoints="0" sequenceCoverage="0" branchCoverage="100" maxCyclomaticComplexity="1" minCyclomaticComplexity="1" visitedClasses="0" numClasses="0" visitedMethods="0" numMethods="1" />
              <MetadataToken />
              <Name>Ignis.IContainer`1&lt;TState&gt; Ignis.Containers.MicroResolverContainer`1::AddParallelSystems(System.Type[])</Name>
              <FileRef uid="10" />
              <SequencePoints>
                <SequencePoint vc="0" uspid="194" ordinal="0" sl="194" sc="1" el="194" ec="2" bec="0" bev="0" fileid="10" />
              </SequencePoints>
              <BranchPoints />
              <MethodPoint vc="0" uspid="0" p8:type="SequencePoint" ordinal="23" offset="23" sc="0" sl="194" ec="1" el="194" bec="0" bev="0" fileid="10" xmlns:p8="xsi" />
            </Method>
            <Method cyclomaticComplexity="1" nPathComplexity="0" sequenceCoverage="0" branchCoverage="100" isConstructor="False" isGetter="False" isSetter="False" isStatic="True">
              <Summary numSequencePoints="1" visitedSequencePoints="0" numBranchPoints="0" visitedBranchPoints="0" sequenceCoverage="0" branchCoverage="100" maxCyclomaticComplexity="1" minCyclomaticComplexity="1" visitedClasses="0" numClasses="0" visitedMethods="0" numMethods="1" />
              <MetadataToken />
              <Name>System.Boolean Ignis.Containers.MicroResolverContainer`1::IsBuilt()</Name>
              <FileRef uid="10" />
              <SequencePoints>
                <SequencePoint vc="0" uspid="196" ordinal="0" sl="196" sc="1" el="196" ec="2" bec="0" bev="0" fileid="10" />
              </SequencePoints>
              <BranchPoints />
              <MethodPoint vc="0" uspid="0" p8:type="SequencePoint" ordinal="24" offset="24" sc="0" sl="196" ec="1" el="196" bec="0" bev="0" fileid="10" xmlns:p8="xsi" />
            </Method>
            <Method cyclomaticComplexity="1" nPathComplexity="0" sequenceCoverage="100" branchCoverage="100" isConstructor="True" isGetter="False" isSetter="False" isStatic="True">
              <Summary numSequencePoints="11" visitedSequencePoints="11" numBranchPoints="0" visitedBranchPoints="0" sequenceCoverage="100" branchCoverage="100" maxCyclomaticComplexity="1" minCyclomaticComplexity="1" visitedClasses="0" numClasses="0" visitedMethods="1" numMethods="1" />
              <MetadataToken />
              <Name>System.Void Ignis.Containers.MicroResolverContainer`1::.ctor()</Name>
              <FileRef uid="10" />
              <SequencePoints>
                <SequencePoint vc="2" uspid="14" ordinal="0" sl="14" sc="1" el="14" ec="2" bec="0" bev="0" fileid="10" />
                <SequencePoint vc="2" uspid="15" ordinal="1" sl="15" sc="1" el="15" ec="2" bec="0" bev="0" fileid="10" />
                <SequencePoint vc="2" uspid="17" ordinal="2" sl="17" sc="1" el="17" ec="2" bec="0" bev="0" fileid="10" />
                <SequencePoint vc="2" uspid="18" ordinal="3" sl="18" sc="1" el="18" ec="2" bec="0" bev="0" fileid="10" />
                <SequencePoint vc="2" uspid="20" ordinal="4" sl="20" sc="1" el="20" ec="2" bec="0" bev="0" fileid="10" />
                <SequencePoint vc="2" uspid="21" ordinal="5" sl="21" sc="1" el="21" ec="2" bec="0" bev="0" fileid="10" />
                <SequencePoint vc="2" uspid="23" ordinal="6" sl="23" sc="1" el="23" ec="2" bec="0" bev="0" fileid="10" />
                <SequencePoint vc="2" uspid="25" ordinal="7" sl="25" sc="1" el="25" ec="2" bec="0" bev="0" fileid="10" />
                <SequencePoint vc="2" uspid="26" ordinal="8" sl="26" sc="1" el="26" ec="2" bec="0" bev="0" fileid="10" />
                <SequencePoint vc="2" uspid="27" ordinal="9" sl="27" sc="1" el="27" ec="2" bec="0" bev="0" fileid="10" />
                <SequencePoint vc="2" uspid="28" ordinal="10" sl="28" sc="1" el="28" ec="2" bec="0" bev="0" fileid="10" />
              </SequencePoints>
              <BranchPoints />
              <MethodPoint vc="11" uspid="0" p8:type="SequencePoint" ordinal="25" offset="25" sc="0" sl="14" ec="1" el="28" bec="0" bev="0" fileid="10" xmlns:p8="xsi" />
            </Method>
          </Methods>
        </Class>
      </Classes>
    </Module>
  </Modules>
</CoverageSession>