<?xml version="1.0" encoding="utf-8"?>
<CoverageSession>
  <Summary numSequencePoints="746" visitedSequencePoints="633" numBranchPoints="354" visitedBranchPoints="291" sequenceCoverage="84.85" branchCoverage="82.2" maxCyclomaticComplexity="495" minCyclomaticComplexity="495" visitedClasses="24" numClasses="25" visitedMethods="175" numMethods="206" />
  <Modules>
    <Module hash="EB47099F-D5CF-4341-B9EC-509128DF478F">
      <ModulePath>Ignis.dll</ModulePath>
      <ModuleTime>2023-08-22T02:57:32</ModuleTime>
      <ModuleName>Ignis</ModuleName>
      <Files>
        <File uid="1" fullPath="/home/razer/vscode-projects/ignis/Ignis/CollectionEnumerable.cs" />
        <File uid="2" fullPath="/home/razer/vscode-projects/ignis/Ignis/CollectionEnumerator.cs" />
        <File uid="3" fullPath="/home/razer/vscode-projects/ignis/Ignis/EntityComponentEventArgs.cs" />
        <File uid="4" fullPath="/home/razer/vscode-projects/ignis/Ignis/EntityIdEventArgs.cs" />
        <File uid="5" fullPath="/home/razer/vscode-projects/ignis/Ignis/EntityManager.cs" />
        <File uid="6" fullPath="/home/razer/vscode-projects/ignis/Ignis/EntityView.cs" />
        <File uid="7" fullPath="/home/razer/vscode-projects/ignis/Ignis/IComponentCollection.cs" />
        <File uid="8" fullPath="/home/razer/vscode-projects/ignis/Ignis/IEntityManager.cs" />
        <File uid="9" fullPath="/home/razer/vscode-projects/ignis/Ignis/IgnisExtensions.cs" />
        <File uid="10" fullPath="/home/razer/vscode-projects/ignis/Ignis/SystemBase.cs" />
        <File uid="11" fullPath="/home/razer/vscode-projects/ignis/Ignis/Storage/DoubleListStorage.cs" />
        <File uid="12" fullPath="/home/razer/vscode-projects/ignis/Ignis/Storage/EntityValuePair.cs" />
        <File uid="13" fullPath="/home/razer/vscode-projects/ignis/Ignis/Storage/NullStorage.cs" />
        <File uid="14" fullPath="/home/razer/vscode-projects/ignis/Ignis/Storage/SparseArrayEnumerators.cs" />
        <File uid="15" fullPath="/home/razer/vscode-projects/ignis/Ignis/Storage/SparseArrayStorage.cs" />
        <File uid="16" fullPath="/home/razer/vscode-projects/ignis/Ignis/Containers/ContainerFactory.cs" />
        <File uid="17" fullPath="/home/razer/vscode-projects/ignis/Ignis/Containers/ContainerProvider.cs" />
        <File uid="18" fullPath="/home/razer/vscode-projects/ignis/Ignis/Containers/MEDIContainer.cs" />
      </Files>
      <Classes>
        <Class>
          <Summary numSequencePoints="29" visitedSequencePoints="27" numBranchPoints="8" visitedBranchPoints="6" sequenceCoverage="93.1" branchCoverage="75" maxCyclomaticComplexity="4" minCyclomaticComplexity="1" visitedClasses="1" numClasses="1" visitedMethods="5" numMethods="5" />
          <FullName>Ignis.CollectionEnumerable`1</FullName>
          <Methods>
            <Method cyclomaticComplexity="4" nPathComplexity="0" sequenceCoverage="85.71" branchCoverage="75" isConstructor="False" isGetter="False" isSetter="False" isStatic="True">
              <Summary numSequencePoints="7" visitedSequencePoints="6" numBranchPoints="4" visitedBranchPoints="3" sequenceCoverage="85.71" branchCoverage="75" maxCyclomaticComplexity="4" minCyclomaticComplexity="4" visitedClasses="0" numClasses="0" visitedMethods="1" numMethods="1" />
              <MetadataToken />
              <Name>Ignis.CollectionEnumerator`1&lt;T&gt; Ignis.CollectionEnumerable`1::GetEnumerator()</Name>
              <FileRef uid="1" />
              <SequencePoints>
                <SequencePoint vc="17" uspid="41" ordinal="0" sl="41" sc="1" el="41" ec="2" bec="4" bev="3" fileid="1" />
                <SequencePoint vc="17" uspid="42" ordinal="1" sl="42" sc="1" el="42" ec="2" bec="0" bev="0" fileid="1" />
                <SequencePoint vc="26" uspid="43" ordinal="2" sl="43" sc="1" el="43" ec="2" bec="0" bev="0" fileid="1" />
                <SequencePoint vc="20" uspid="44" ordinal="3" sl="44" sc="1" el="44" ec="2" bec="0" bev="0" fileid="1" />
                <SequencePoint vc="22" uspid="45" ordinal="4" sl="45" sc="1" el="45" ec="2" bec="0" bev="0" fileid="1" />
                <SequencePoint vc="0" uspid="46" ordinal="5" sl="46" sc="1" el="46" ec="2" bec="0" bev="0" fileid="1" />
                <SequencePoint vc="17" uspid="47" ordinal="6" sl="47" sc="1" el="47" ec="2" bec="0" bev="0" fileid="1" />
              </SequencePoints>
              <BranchPoints>
                <BranchPoint vc="9" uspid="41" ordinal="2" path="2" offset="10" offsetend="29" sl="41" fileid="1" />
                <BranchPoint vc="3" uspid="41" ordinal="1" path="1" offset="10" offsetend="43" sl="41" fileid="1" />
                <BranchPoint vc="5" uspid="41" ordinal="3" path="3" offset="10" offsetend="57" sl="41" fileid="1" />
                <BranchPoint vc="0" uspid="41" ordinal="0" path="0" offset="10" offsetend="71" sl="41" fileid="1" />
              </BranchPoints>
              <MethodPoint vc="6" uspid="0" p8:type="SequencePoint" ordinal="0" offset="0" sc="0" sl="41" ec="1" el="47" bec="0" bev="0" fileid="1" xmlns:p8="xsi" />
            </Method>
            <Method cyclomaticComplexity="4" nPathComplexity="0" sequenceCoverage="85.71" branchCoverage="75" isConstructor="False" isGetter="False" isSetter="False" isStatic="True">
              <Summary numSequencePoints="7" visitedSequencePoints="6" numBranchPoints="4" visitedBranchPoints="3" sequenceCoverage="85.71" branchCoverage="75" maxCyclomaticComplexity="4" minCyclomaticComplexity="4" visitedClasses="0" numClasses="0" visitedMethods="1" numMethods="1" />
              <MetadataToken />
              <Name>System.Collections.Generic.IEnumerable`1&lt;T&gt; Ignis.CollectionEnumerable`1::AsEnumerable()</Name>
              <FileRef uid="1" />
              <SequencePoints>
                <SequencePoint vc="19" uspid="52" ordinal="0" sl="52" sc="1" el="52" ec="2" bec="4" bev="3" fileid="1" />
                <SequencePoint vc="19" uspid="53" ordinal="1" sl="53" sc="1" el="53" ec="2" bec="0" bev="0" fileid="1" />
                <SequencePoint vc="34" uspid="54" ordinal="2" sl="54" sc="1" el="54" ec="2" bec="0" bev="0" fileid="1" />
                <SequencePoint vc="21" uspid="55" ordinal="3" sl="55" sc="1" el="55" ec="2" bec="0" bev="0" fileid="1" />
                <SequencePoint vc="21" uspid="56" ordinal="4" sl="56" sc="1" el="56" ec="2" bec="0" bev="0" fileid="1" />
                <SequencePoint vc="0" uspid="57" ordinal="5" sl="57" sc="1" el="57" ec="2" bec="0" bev="0" fileid="1" />
                <SequencePoint vc="19" uspid="58" ordinal="6" sl="58" sc="1" el="58" ec="2" bec="0" bev="0" fileid="1" />
              </SequencePoints>
              <BranchPoints>
                <BranchPoint vc="15" uspid="52" ordinal="2" path="2" offset="10" offsetend="29" sl="52" fileid="1" />
                <BranchPoint vc="2" uspid="52" ordinal="1" path="1" offset="10" offsetend="38" sl="52" fileid="1" />
                <BranchPoint vc="2" uspid="52" ordinal="3" path="3" offset="10" offsetend="47" sl="52" fileid="1" />
                <BranchPoint vc="0" uspid="52" ordinal="0" path="0" offset="10" offsetend="56" sl="52" fileid="1" />
              </BranchPoints>
              <MethodPoint vc="6" uspid="0" p8:type="SequencePoint" ordinal="1" offset="1" sc="0" sl="52" ec="1" el="58" bec="0" bev="0" fileid="1" xmlns:p8="xsi" />
            </Method>
            <Method cyclomaticComplexity="1" nPathComplexity="0" sequenceCoverage="100" branchCoverage="100" isConstructor="True" isGetter="False" isSetter="False" isStatic="True">
              <Summary numSequencePoints="5" visitedSequencePoints="5" numBranchPoints="0" visitedBranchPoints="0" sequenceCoverage="100" branchCoverage="100" maxCyclomaticComplexity="1" minCyclomaticComplexity="1" visitedClasses="0" numClasses="0" visitedMethods="1" numMethods="1" />
              <MetadataToken />
              <Name>System.Void Ignis.CollectionEnumerable`1::.ctor(ConcurrentCollections.ConcurrentHashSet`1&lt;T&gt;)</Name>
              <FileRef uid="1" />
              <SequencePoints>
                <SequencePoint vc="24" uspid="17" ordinal="0" sl="17" sc="1" el="17" ec="2" bec="0" bev="0" fileid="1" />
                <SequencePoint vc="24" uspid="18" ordinal="1" sl="18" sc="1" el="18" ec="2" bec="0" bev="0" fileid="1" />
                <SequencePoint vc="24" uspid="19" ordinal="2" sl="19" sc="1" el="19" ec="2" bec="0" bev="0" fileid="1" />
                <SequencePoint vc="24" uspid="20" ordinal="3" sl="20" sc="1" el="20" ec="2" bec="0" bev="0" fileid="1" />
                <SequencePoint vc="24" uspid="21" ordinal="4" sl="21" sc="1" el="21" ec="2" bec="0" bev="0" fileid="1" />
              </SequencePoints>
              <BranchPoints />
              <MethodPoint vc="5" uspid="0" p8:type="SequencePoint" ordinal="2" offset="2" sc="0" sl="17" ec="1" el="21" bec="0" bev="0" fileid="1" xmlns:p8="xsi" />
            </Method>
            <Method cyclomaticComplexity="1" nPathComplexity="0" sequenceCoverage="100" branchCoverage="100" isConstructor="True" isGetter="False" isSetter="False" isStatic="True">
              <Summary numSequencePoints="5" visitedSequencePoints="5" numBranchPoints="0" visitedBranchPoints="0" sequenceCoverage="100" branchCoverage="100" maxCyclomaticComplexity="1" minCyclomaticComplexity="1" visitedClasses="0" numClasses="0" visitedMethods="1" numMethods="1" />
              <MetadataToken />
              <Name>System.Void Ignis.CollectionEnumerable`1::.ctor(System.Collections.Generic.List`1&lt;T&gt;)</Name>
              <FileRef uid="1" />
              <SequencePoints>
                <SequencePoint vc="5" uspid="25" ordinal="0" sl="25" sc="1" el="25" ec="2" bec="0" bev="0" fileid="1" />
                <SequencePoint vc="5" uspid="26" ordinal="1" sl="26" sc="1" el="26" ec="2" bec="0" bev="0" fileid="1" />
                <SequencePoint vc="5" uspid="27" ordinal="2" sl="27" sc="1" el="27" ec="2" bec="0" bev="0" fileid="1" />
                <SequencePoint vc="5" uspid="28" ordinal="3" sl="28" sc="1" el="28" ec="2" bec="0" bev="0" fileid="1" />
                <SequencePoint vc="5" uspid="29" ordinal="4" sl="29" sc="1" el="29" ec="2" bec="0" bev="0" fileid="1" />
              </SequencePoints>
              <BranchPoints />
              <MethodPoint vc="5" uspid="0" p8:type="SequencePoint" ordinal="3" offset="3" sc="0" sl="25" ec="1" el="29" bec="0" bev="0" fileid="1" xmlns:p8="xsi" />
            </Method>
            <Method cyclomaticComplexity="1" nPathComplexity="0" sequenceCoverage="100" branchCoverage="100" isConstructor="True" isGetter="False" isSetter="False" isStatic="True">
              <Summary numSequencePoints="5" visitedSequencePoints="5" numBranchPoints="0" visitedBranchPoints="0" sequenceCoverage="100" branchCoverage="100" maxCyclomaticComplexity="1" minCyclomaticComplexity="1" visitedClasses="0" numClasses="0" visitedMethods="1" numMethods="1" />
              <MetadataToken />
              <Name>System.Void Ignis.CollectionEnumerable`1::.ctor(Ignis.Storage.SparseArrayEnumerable`1&lt;T&gt;)</Name>
              <FileRef uid="1" />
              <SequencePoints>
                <SequencePoint vc="7" uspid="33" ordinal="0" sl="33" sc="1" el="33" ec="2" bec="0" bev="0" fileid="1" />
                <SequencePoint vc="7" uspid="34" ordinal="1" sl="34" sc="1" el="34" ec="2" bec="0" bev="0" fileid="1" />
                <SequencePoint vc="7" uspid="35" ordinal="2" sl="35" sc="1" el="35" ec="2" bec="0" bev="0" fileid="1" />
                <SequencePoint vc="7" uspid="36" ordinal="3" sl="36" sc="1" el="36" ec="2" bec="0" bev="0" fileid="1" />
                <SequencePoint vc="7" uspid="37" ordinal="4" sl="37" sc="1" el="37" ec="2" bec="0" bev="0" fileid="1" />
              </SequencePoints>
              <BranchPoints />
              <MethodPoint vc="5" uspid="0" p8:type="SequencePoint" ordinal="4" offset="4" sc="0" sl="33" ec="1" el="37" bec="0" bev="0" fileid="1" xmlns:p8="xsi" />
            </Method>
          </Methods>
        </Class>
        <Class>
          <Summary numSequencePoints="46" visitedSequencePoints="34" numBranchPoints="16" visitedBranchPoints="9" sequenceCoverage="73.91" branchCoverage="56.25" maxCyclomaticComplexity="4" minCyclomaticComplexity="1" visitedClasses="1" numClasses="1" visitedMethods="6" numMethods="9" />
          <FullName>Ignis.CollectionEnumerator`1</FullName>
          <Methods>
            <Method cyclomaticComplexity="4" nPathComplexity="0" sequenceCoverage="85.71" branchCoverage="75" isConstructor="False" isGetter="True" isSetter="False" isStatic="True">
              <Summary numSequencePoints="7" visitedSequencePoints="6" numBranchPoints="4" visitedBranchPoints="3" sequenceCoverage="85.71" branchCoverage="75" maxCyclomaticComplexity="4" minCyclomaticComplexity="4" visitedClasses="0" numClasses="0" visitedMethods="1" numMethods="1" />
              <MetadataToken />
              <Name>T Ignis.CollectionEnumerator`1::get_Current()</Name>
              <FileRef uid="2" />
              <SequencePoints>
                <SequencePoint vc="46" uspid="54" ordinal="0" sl="54" sc="1" el="54" ec="2" bec="4" bev="3" fileid="2" />
                <SequencePoint vc="46" uspid="55" ordinal="1" sl="55" sc="1" el="55" ec="2" bec="0" bev="0" fileid="2" />
                <SequencePoint vc="56" uspid="56" ordinal="2" sl="56" sc="1" el="56" ec="2" bec="0" bev="0" fileid="2" />
                <SequencePoint vc="62" uspid="57" ordinal="3" sl="57" sc="1" el="57" ec="2" bec="0" bev="0" fileid="2" />
                <SequencePoint vc="66" uspid="58" ordinal="4" sl="58" sc="1" el="58" ec="2" bec="0" bev="0" fileid="2" />
                <SequencePoint vc="0" uspid="59" ordinal="5" sl="59" sc="1" el="59" ec="2" bec="0" bev="0" fileid="2" />
                <SequencePoint vc="46" uspid="60" ordinal="6" sl="60" sc="1" el="60" ec="2" bec="0" bev="0" fileid="2" />
              </SequencePoints>
              <BranchPoints>
                <BranchPoint vc="10" uspid="54" ordinal="1" path="1" offset="10" offsetend="29" sl="54" fileid="2" />
                <BranchPoint vc="16" uspid="54" ordinal="2" path="2" offset="10" offsetend="43" sl="54" fileid="2" />
                <BranchPoint vc="20" uspid="54" ordinal="3" path="3" offset="10" offsetend="57" sl="54" fileid="2" />
                <BranchPoint vc="0" uspid="54" ordinal="0" path="0" offset="10" offsetend="71" sl="54" fileid="2" />
              </BranchPoints>
              <MethodPoint vc="6" uspid="0" p8:type="SequencePoint" ordinal="0" offset="0" sc="0" sl="54" ec="1" el="60" bec="0" bev="0" fileid="2" xmlns:p8="xsi" />
            </Method>
            <Method cyclomaticComplexity="1" nPathComplexity="0" sequenceCoverage="0" branchCoverage="100" isConstructor="False" isGetter="True" isSetter="False" isStatic="True">
              <Summary numSequencePoints="1" visitedSequencePoints="0" numBranchPoints="0" visitedBranchPoints="0" sequenceCoverage="0" branchCoverage="100" maxCyclomaticComplexity="1" minCyclomaticComplexity="1" visitedClasses="0" numClasses="0" visitedMethods="0" numMethods="1" />
              <MetadataToken />
              <Name>System.Object Ignis.CollectionEnumerator`1::System.Collections.IEnumerator.get_Current()</Name>
              <FileRef uid="2" />
              <SequencePoints>
                <SequencePoint vc="0" uspid="64" ordinal="0" sl="64" sc="1" el="64" ec="2" bec="0" bev="0" fileid="2" />
              </SequencePoints>
              <BranchPoints />
              <MethodPoint vc="0" uspid="0" p8:type="SequencePoint" ordinal="1" offset="1" sc="0" sl="64" ec="1" el="64" bec="0" bev="0" fileid="2" xmlns:p8="xsi" />
            </Method>
            <Method cyclomaticComplexity="4" nPathComplexity="0" sequenceCoverage="100" branchCoverage="75" isConstructor="False" isGetter="False" isSetter="False" isStatic="True">
              <Summary numSequencePoints="7" visitedSequencePoints="7" numBranchPoints="4" visitedBranchPoints="3" sequenceCoverage="100" branchCoverage="75" maxCyclomaticComplexity="4" minCyclomaticComplexity="4" visitedClasses="0" numClasses="0" visitedMethods="1" numMethods="1" />
              <MetadataToken />
              <Name>System.Void Ignis.CollectionEnumerator`1::Dispose()</Name>
              <FileRef uid="2" />
              <SequencePoints>
                <SequencePoint vc="17" uspid="69" ordinal="0" sl="69" sc="1" el="69" ec="2" bec="4" bev="3" fileid="2" />
                <SequencePoint vc="3" uspid="72" ordinal="1" sl="72" sc="1" el="72" ec="2" bec="0" bev="0" fileid="2" />
                <SequencePoint vc="3" uspid="73" ordinal="2" sl="73" sc="1" el="73" ec="2" bec="0" bev="0" fileid="2" />
                <SequencePoint vc="9" uspid="75" ordinal="3" sl="75" sc="1" el="75" ec="2" bec="0" bev="0" fileid="2" />
                <SequencePoint vc="9" uspid="76" ordinal="4" sl="76" sc="1" el="76" ec="2" bec="0" bev="0" fileid="2" />
                <SequencePoint vc="5" uspid="78" ordinal="5" sl="78" sc="1" el="78" ec="2" bec="0" bev="0" fileid="2" />
                <SequencePoint vc="5" uspid="81" ordinal="6" sl="81" sc="1" el="81" ec="2" bec="0" bev="0" fileid="2" />
              </SequencePoints>
              <BranchPoints>
                <BranchPoint vc="0" uspid="69" ordinal="0" path="0" offset="10" offsetend="27" sl="69" fileid="2" />
                <BranchPoint vc="3" uspid="69" ordinal="1" path="1" offset="10" offsetend="28" sl="69" fileid="2" />
                <BranchPoint vc="9" uspid="69" ordinal="2" path="2" offset="10" offsetend="40" sl="69" fileid="2" />
                <BranchPoint vc="5" uspid="69" ordinal="3" path="3" offset="10" offsetend="52" sl="69" fileid="2" />
              </BranchPoints>
              <MethodPoint vc="7" uspid="0" p8:type="SequencePoint" ordinal="2" offset="2" sc="0" sl="69" ec="1" el="81" bec="0" bev="0" fileid="2" xmlns:p8="xsi" />
            </Method>
            <Method cyclomaticComplexity="4" nPathComplexity="0" sequenceCoverage="85.71" branchCoverage="75" isConstructor="False" isGetter="False" isSetter="False" isStatic="True">
              <Summary numSequencePoints="7" visitedSequencePoints="6" numBranchPoints="4" visitedBranchPoints="3" sequenceCoverage="85.71" branchCoverage="75" maxCyclomaticComplexity="4" minCyclomaticComplexity="4" visitedClasses="0" numClasses="0" visitedMethods="1" numMethods="1" />
              <MetadataToken />
              <Name>System.Boolean Ignis.CollectionEnumerator`1::MoveNext()</Name>
              <FileRef uid="2" />
              <SequencePoints>
                <SequencePoint vc="62" uspid="85" ordinal="0" sl="85" sc="1" el="85" ec="2" bec="4" bev="3" fileid="2" />
                <SequencePoint vc="62" uspid="86" ordinal="1" sl="86" sc="1" el="86" ec="2" bec="0" bev="0" fileid="2" />
                <SequencePoint vc="75" uspid="87" ordinal="2" sl="87" sc="1" el="87" ec="2" bec="0" bev="0" fileid="2" />
                <SequencePoint vc="87" uspid="88" ordinal="3" sl="88" sc="1" el="88" ec="2" bec="0" bev="0" fileid="2" />
                <SequencePoint vc="86" uspid="89" ordinal="4" sl="89" sc="1" el="89" ec="2" bec="0" bev="0" fileid="2" />
                <SequencePoint vc="0" uspid="90" ordinal="5" sl="90" sc="1" el="90" ec="2" bec="0" bev="0" fileid="2" />
                <SequencePoint vc="62" uspid="91" ordinal="6" sl="91" sc="1" el="91" ec="2" bec="0" bev="0" fileid="2" />
              </SequencePoints>
              <BranchPoints>
                <BranchPoint vc="13" uspid="85" ordinal="1" path="1" offset="10" offsetend="29" sl="85" fileid="2" />
                <BranchPoint vc="25" uspid="85" ordinal="2" path="2" offset="10" offsetend="43" sl="85" fileid="2" />
                <BranchPoint vc="24" uspid="85" ordinal="3" path="3" offset="10" offsetend="57" sl="85" fileid="2" />
                <BranchPoint vc="0" uspid="85" ordinal="0" path="0" offset="10" offsetend="71" sl="85" fileid="2" />
              </BranchPoints>
              <MethodPoint vc="6" uspid="0" p8:type="SequencePoint" ordinal="3" offset="3" sc="0" sl="85" ec="1" el="91" bec="0" bev="0" fileid="2" xmlns:p8="xsi" />
            </Method>
            <Method cyclomaticComplexity="1" nPathComplexity="0" sequenceCoverage="0" branchCoverage="100" isConstructor="False" isGetter="False" isSetter="False" isStatic="True">
              <Summary numSequencePoints="2" visitedSequencePoints="0" numBranchPoints="0" visitedBranchPoints="0" sequenceCoverage="0" branchCoverage="100" maxCyclomaticComplexity="1" minCyclomaticComplexity="1" visitedClasses="0" numClasses="0" visitedMethods="0" numMethods="1" />
              <MetadataToken />
              <Name>System.Void Ignis.CollectionEnumerator`1::ResetHelper(U)</Name>
              <FileRef uid="2" />
              <SequencePoints>
                <SequencePoint vc="0" uspid="97" ordinal="0" sl="97" sc="1" el="97" ec="2" bec="0" bev="0" fileid="2" />
                <SequencePoint vc="0" uspid="98" ordinal="1" sl="98" sc="1" el="98" ec="2" bec="0" bev="0" fileid="2" />
              </SequencePoints>
              <BranchPoints />
              <MethodPoint vc="0" uspid="0" p8:type="SequencePoint" ordinal="4" offset="4" sc="0" sl="97" ec="1" el="98" bec="0" bev="0" fileid="2" xmlns:p8="xsi" />
            </Method>
            <Method cyclomaticComplexity="4" nPathComplexity="0" sequenceCoverage="0" branchCoverage="0" isConstructor="False" isGetter="False" isSetter="False" isStatic="True">
              <Summary numSequencePoints="7" visitedSequencePoints="0" numBranchPoints="4" visitedBranchPoints="0" sequenceCoverage="0" branchCoverage="0" maxCyclomaticComplexity="4" minCyclomaticComplexity="4" visitedClasses="0" numClasses="0" visitedMethods="0" numMethods="1" />
              <MetadataToken />
              <Name>System.Void Ignis.CollectionEnumerator`1::System.Collections.IEnumerator.Reset()</Name>
              <FileRef uid="2" />
              <SequencePoints>
                <SequencePoint vc="0" uspid="102" ordinal="0" sl="102" sc="1" el="102" ec="2" bec="4" bev="0" fileid="2" />
                <SequencePoint vc="0" uspid="105" ordinal="1" sl="105" sc="1" el="105" ec="2" bec="0" bev="0" fileid="2" />
                <SequencePoint vc="0" uspid="106" ordinal="2" sl="106" sc="1" el="106" ec="2" bec="0" bev="0" fileid="2" />
                <SequencePoint vc="0" uspid="108" ordinal="3" sl="108" sc="1" el="108" ec="2" bec="0" bev="0" fileid="2" />
                <SequencePoint vc="0" uspid="109" ordinal="4" sl="109" sc="1" el="109" ec="2" bec="0" bev="0" fileid="2" />
                <SequencePoint vc="0" uspid="111" ordinal="5" sl="111" sc="1" el="111" ec="2" bec="0" bev="0" fileid="2" />
                <SequencePoint vc="0" uspid="114" ordinal="6" sl="114" sc="1" el="114" ec="2" bec="0" bev="0" fileid="2" />
              </SequencePoints>
              <BranchPoints>
                <BranchPoint vc="0" uspid="102" ordinal="0" path="0" offset="10" offsetend="27" sl="102" fileid="2" />
                <BranchPoint vc="0" uspid="102" ordinal="1" path="1" offset="10" offsetend="28" sl="102" fileid="2" />
                <BranchPoint vc="0" uspid="102" ordinal="2" path="2" offset="10" offsetend="41" sl="102" fileid="2" />
                <BranchPoint vc="0" uspid="102" ordinal="3" path="3" offset="10" offsetend="54" sl="102" fileid="2" />
              </BranchPoints>
              <MethodPoint vc="0" uspid="0" p8:type="SequencePoint" ordinal="5" offset="5" sc="0" sl="102" ec="1" el="114" bec="0" bev="0" fileid="2" xmlns:p8="xsi" />
            </Method>
            <Method cyclomaticComplexity="1" nPathComplexity="0" sequenceCoverage="100" branchCoverage="100" isConstructor="True" isGetter="False" isSetter="False" isStatic="True">
              <Summary numSequencePoints="5" visitedSequencePoints="5" numBranchPoints="0" visitedBranchPoints="0" sequenceCoverage="100" branchCoverage="100" maxCyclomaticComplexity="1" minCyclomaticComplexity="1" visitedClasses="0" numClasses="0" visitedMethods="1" numMethods="1" />
              <MetadataToken />
              <Name>System.Void Ignis.CollectionEnumerator`1::.ctor(System.Collections.Generic.List`1&lt;T&gt;)</Name>
              <FileRef uid="2" />
              <SequencePoints>
                <SequencePoint vc="3" uspid="28" ordinal="0" sl="28" sc="1" el="28" ec="2" bec="0" bev="0" fileid="2" />
                <SequencePoint vc="3" uspid="29" ordinal="1" sl="29" sc="1" el="29" ec="2" bec="0" bev="0" fileid="2" />
                <SequencePoint vc="3" uspid="30" ordinal="2" sl="30" sc="1" el="30" ec="2" bec="0" bev="0" fileid="2" />
                <SequencePoint vc="3" uspid="31" ordinal="3" sl="31" sc="1" el="31" ec="2" bec="0" bev="0" fileid="2" />
                <SequencePoint vc="3" uspid="32" ordinal="4" sl="32" sc="1" el="32" ec="2" bec="0" bev="0" fileid="2" />
              </SequencePoints>
              <BranchPoints />
              <MethodPoint vc="5" uspid="0" p8:type="SequencePoint" ordinal="6" offset="6" sc="0" sl="28" ec="1" el="32" bec="0" bev="0" fileid="2" xmlns:p8="xsi" />
            </Method>
            <Method cyclomaticComplexity="1" nPathComplexity="0" sequenceCoverage="100" branchCoverage="100" isConstructor="True" isGetter="False" isSetter="False" isStatic="True">
              <Summary numSequencePoints="5" visitedSequencePoints="5" numBranchPoints="0" visitedBranchPoints="0" sequenceCoverage="100" branchCoverage="100" maxCyclomaticComplexity="1" minCyclomaticComplexity="1" visitedClasses="0" numClasses="0" visitedMethods="1" numMethods="1" />
              <MetadataToken />
              <Name>System.Void Ignis.CollectionEnumerator`1::.ctor(ConcurrentCollections.ConcurrentHashSet`1&lt;T&gt;)</Name>
              <FileRef uid="2" />
              <SequencePoints>
                <SequencePoint vc="9" uspid="36" ordinal="0" sl="36" sc="1" el="36" ec="2" bec="0" bev="0" fileid="2" />
                <SequencePoint vc="9" uspid="37" ordinal="1" sl="37" sc="1" el="37" ec="2" bec="0" bev="0" fileid="2" />
                <SequencePoint vc="9" uspid="38" ordinal="2" sl="38" sc="1" el="38" ec="2" bec="0" bev="0" fileid="2" />
                <SequencePoint vc="9" uspid="39" ordinal="3" sl="39" sc="1" el="39" ec="2" bec="0" bev="0" fileid="2" />
                <SequencePoint vc="9" uspid="40" ordinal="4" sl="40" sc="1" el="40" ec="2" bec="0" bev="0" fileid="2" />
              </SequencePoints>
              <BranchPoints />
              <MethodPoint vc="5" uspid="0" p8:type="SequencePoint" ordinal="7" offset="7" sc="0" sl="36" ec="1" el="40" bec="0" bev="0" fileid="2" xmlns:p8="xsi" />
            </Method>
            <Method cyclomaticComplexity="1" nPathComplexity="0" sequenceCoverage="100" branchCoverage="100" isConstructor="True" isGetter="False" isSetter="False" isStatic="True">
              <Summary numSequencePoints="5" visitedSequencePoints="5" numBranchPoints="0" visitedBranchPoints="0" sequenceCoverage="100" branchCoverage="100" maxCyclomaticComplexity="1" minCyclomaticComplexity="1" visitedClasses="0" numClasses="0" visitedMethods="1" numMethods="1" />
              <MetadataToken />
              <Name>System.Void Ignis.CollectionEnumerator`1::.ctor(Ignis.Storage.SparseArrayEnumerable`1&lt;T&gt;)</Name>
              <FileRef uid="2" />
              <SequencePoints>
                <SequencePoint vc="5" uspid="44" ordinal="0" sl="44" sc="1" el="44" ec="2" bec="0" bev="0" fileid="2" />
                <SequencePoint vc="5" uspid="45" ordinal="1" sl="45" sc="1" el="45" ec="2" bec="0" bev="0" fileid="2" />
                <SequencePoint vc="5" uspid="46" ordinal="2" sl="46" sc="1" el="46" ec="2" bec="0" bev="0" fileid="2" />
                <SequencePoint vc="5" uspid="47" ordinal="3" sl="47" sc="1" el="47" ec="2" bec="0" bev="0" fileid="2" />
                <SequencePoint vc="5" uspid="48" ordinal="4" sl="48" sc="1" el="48" ec="2" bec="0" bev="0" fileid="2" />
              </SequencePoints>
              <BranchPoints />
              <MethodPoint vc="5" uspid="0" p8:type="SequencePoint" ordinal="8" offset="8" sc="0" sl="44" ec="1" el="48" bec="0" bev="0" fileid="2" xmlns:p8="xsi" />
            </Method>
          </Methods>
        </Class>
        <Class>
          <Summary numSequencePoints="4" visitedSequencePoints="3" numBranchPoints="0" visitedBranchPoints="0" sequenceCoverage="75" branchCoverage="100" maxCyclomaticComplexity="1" minCyclomaticComplexity="1" visitedClasses="1" numClasses="1" visitedMethods="2" numMethods="3" />
          <FullName>Ignis.EntityComponentEventArgs</FullName>
          <Methods>
            <Method cyclomaticComplexity="1" nPathComplexity="0" sequenceCoverage="100" branchCoverage="100" isConstructor="False" isGetter="True" isSetter="False" isStatic="True">
              <Summary numSequencePoints="1" visitedSequencePoints="1" numBranchPoints="0" visitedBranchPoints="0" sequenceCoverage="100" branchCoverage="100" maxCyclomaticComplexity="1" minCyclomaticComplexity="1" visitedClasses="0" numClasses="0" visitedMethods="1" numMethods="1" />
              <MetadataToken />
              <Name>System.Int32 Ignis.EntityComponentEventArgs::get_EntityID()</Name>
              <FileRef uid="3" />
              <SequencePoints>
                <SequencePoint vc="41" uspid="14" ordinal="0" sl="14" sc="1" el="14" ec="2" bec="0" bev="0" fileid="3" />
              </SequencePoints>
              <BranchPoints />
              <MethodPoint vc="1" uspid="0" p8:type="SequencePoint" ordinal="0" offset="0" sc="0" sl="14" ec="1" el="14" bec="0" bev="0" fileid="3" xmlns:p8="xsi" />
            </Method>
            <Method cyclomaticComplexity="1" nPathComplexity="0" sequenceCoverage="0" branchCoverage="100" isConstructor="False" isGetter="True" isSetter="False" isStatic="True">
              <Summary numSequencePoints="1" visitedSequencePoints="0" numBranchPoints="0" visitedBranchPoints="0" sequenceCoverage="0" branchCoverage="100" maxCyclomaticComplexity="1" minCyclomaticComplexity="1" visitedClasses="0" numClasses="0" visitedMethods="0" numMethods="1" />
              <MetadataToken />
              <Name>System.Type Ignis.EntityComponentEventArgs::get_ComponentType()</Name>
              <FileRef uid="3" />
              <SequencePoints>
                <SequencePoint vc="0" uspid="19" ordinal="0" sl="19" sc="1" el="19" ec="2" bec="0" bev="0" fileid="3" />
              </SequencePoints>
              <BranchPoints />
              <MethodPoint vc="0" uspid="0" p8:type="SequencePoint" ordinal="1" offset="1" sc="0" sl="19" ec="1" el="19" bec="0" bev="0" fileid="3" xmlns:p8="xsi" />
            </Method>
            <Method cyclomaticComplexity="1" nPathComplexity="0" sequenceCoverage="100" branchCoverage="100" isConstructor="True" isGetter="False" isSetter="False" isStatic="True">
              <Summary numSequencePoints="2" visitedSequencePoints="2" numBranchPoints="0" visitedBranchPoints="0" sequenceCoverage="100" branchCoverage="100" maxCyclomaticComplexity="1" minCyclomaticComplexity="1" visitedClasses="0" numClasses="0" visitedMethods="1" numMethods="1" />
              <MetadataToken />
              <Name>System.Void Ignis.EntityComponentEventArgs::.ctor(System.Int32,System.Type)</Name>
              <FileRef uid="3" />
              <SequencePoints>
                <SequencePoint vc="21" uspid="26" ordinal="0" sl="26" sc="1" el="26" ec="2" bec="0" bev="0" fileid="3" />
                <SequencePoint vc="21" uspid="27" ordinal="1" sl="27" sc="1" el="27" ec="2" bec="0" bev="0" fileid="3" />
              </SequencePoints>
              <BranchPoints />
              <MethodPoint vc="2" uspid="0" p8:type="SequencePoint" ordinal="2" offset="2" sc="0" sl="26" ec="1" el="27" bec="0" bev="0" fileid="3" xmlns:p8="xsi" />
            </Method>
          </Methods>
        </Class>
        <Class>
          <Summary numSequencePoints="3" visitedSequencePoints="3" numBranchPoints="0" visitedBranchPoints="0" sequenceCoverage="100" branchCoverage="100" maxCyclomaticComplexity="1" minCyclomaticComplexity="1" visitedClasses="1" numClasses="1" visitedMethods="2" numMethods="2" />
          <FullName>Ignis.EntityIdEventArgs</FullName>
          <Methods>
            <Method cyclomaticComplexity="1" nPathComplexity="0" sequenceCoverage="100" branchCoverage="100" isConstructor="False" isGetter="True" isSetter="False" isStatic="True">
              <Summary numSequencePoints="1" visitedSequencePoints="1" numBranchPoints="0" visitedBranchPoints="0" sequenceCoverage="100" branchCoverage="100" maxCyclomaticComplexity="1" minCyclomaticComplexity="1" visitedClasses="0" numClasses="0" visitedMethods="1" numMethods="1" />
              <MetadataToken />
              <Name>System.Int32 Ignis.EntityIdEventArgs::get_EntityID()</Name>
              <FileRef uid="4" />
              <SequencePoints>
                <SequencePoint vc="13" uspid="14" ordinal="0" sl="14" sc="1" el="14" ec="2" bec="0" bev="0" fileid="4" />
              </SequencePoints>
              <BranchPoints />
              <MethodPoint vc="1" uspid="0" p8:type="SequencePoint" ordinal="0" offset="0" sc="0" sl="14" ec="1" el="14" bec="0" bev="0" fileid="4" xmlns:p8="xsi" />
            </Method>
            <Method cyclomaticComplexity="1" nPathComplexity="0" sequenceCoverage="100" branchCoverage="100" isConstructor="True" isGetter="False" isSetter="False" isStatic="True">
              <Summary numSequencePoints="2" visitedSequencePoints="2" numBranchPoints="0" visitedBranchPoints="0" sequenceCoverage="100" branchCoverage="100" maxCyclomaticComplexity="1" minCyclomaticComplexity="1" visitedClasses="0" numClasses="0" visitedMethods="1" numMethods="1" />
              <MetadataToken />
              <Name>System.Void Ignis.EntityIdEventArgs::.ctor(System.Int32)</Name>
              <FileRef uid="4" />
              <SequencePoints>
                <SequencePoint vc="7" uspid="21" ordinal="0" sl="21" sc="1" el="21" ec="2" bec="0" bev="0" fileid="4" />
                <SequencePoint vc="7" uspid="22" ordinal="1" sl="22" sc="1" el="22" ec="2" bec="0" bev="0" fileid="4" />
              </SequencePoints>
              <BranchPoints />
              <MethodPoint vc="2" uspid="0" p8:type="SequencePoint" ordinal="1" offset="1" sc="0" sl="21" ec="1" el="22" bec="0" bev="0" fileid="4" xmlns:p8="xsi" />
            </Method>
          </Methods>
        </Class>
        <Class>
          <Summary numSequencePoints="220" visitedSequencePoints="210" numBranchPoints="194" visitedBranchPoints="182" sequenceCoverage="95.45" branchCoverage="93.81" maxCyclomaticComplexity="16" minCyclomaticComplexity="1" visitedClasses="1" numClasses="1" visitedMethods="40" numMethods="42" />
          <FullName>Ignis.EntityManager</FullName>
          <Methods>
            <Method cyclomaticComplexity="1" nPathComplexity="0" sequenceCoverage="100" branchCoverage="100" isConstructor="False" isGetter="True" isSetter="False" isStatic="True">
              <Summary numSequencePoints="1" visitedSequencePoints="1" numBranchPoints="0" visitedBranchPoints="0" sequenceCoverage="100" branchCoverage="100" maxCyclomaticComplexity="1" minCyclomaticComplexity="1" visitedClasses="0" numClasses="0" visitedMethods="1" numMethods="1" />
              <MetadataToken />
              <Name>System.EventHandler`1&lt;Ignis.EntityIdEventArgs&gt; Ignis.EntityManager::get_OnEntityCreated()</Name>
              <FileRef uid="5" />
              <SequencePoints>
                <SequencePoint vc="70" uspid="13" ordinal="0" sl="13" sc="1" el="13" ec="2" bec="0" bev="0" fileid="5" />
              </SequencePoints>
              <BranchPoints />
              <MethodPoint vc="1" uspid="0" p8:type="SequencePoint" ordinal="0" offset="0" sc="0" sl="13" ec="1" el="13" bec="0" bev="0" fileid="5" xmlns:p8="xsi" />
            </Method>
            <Method cyclomaticComplexity="1" nPathComplexity="0" sequenceCoverage="0" branchCoverage="100" isConstructor="False" isGetter="True" isSetter="False" isStatic="True">
              <Summary numSequencePoints="1" visitedSequencePoints="0" numBranchPoints="0" visitedBranchPoints="0" sequenceCoverage="0" branchCoverage="100" maxCyclomaticComplexity="1" minCyclomaticComplexity="1" visitedClasses="0" numClasses="0" visitedMethods="0" numMethods="1" />
              <MetadataToken />
              <Name>System.EventHandler`1&lt;Ignis.EntityIdEventArgs&gt; Ignis.EntityManager::get_OnEntityDestroying()</Name>
              <FileRef uid="5" />
              <SequencePoints>
                <SequencePoint vc="0" uspid="14" ordinal="0" sl="14" sc="1" el="14" ec="2" bec="0" bev="0" fileid="5" />
              </SequencePoints>
              <BranchPoints />
              <MethodPoint vc="0" uspid="0" p8:type="SequencePoint" ordinal="1" offset="1" sc="0" sl="14" ec="1" el="14" bec="0" bev="0" fileid="5" xmlns:p8="xsi" />
            </Method>
            <Method cyclomaticComplexity="1" nPathComplexity="0" sequenceCoverage="100" branchCoverage="100" isConstructor="False" isGetter="True" isSetter="False" isStatic="True">
              <Summary numSequencePoints="1" visitedSequencePoints="1" numBranchPoints="0" visitedBranchPoints="0" sequenceCoverage="100" branchCoverage="100" maxCyclomaticComplexity="1" minCyclomaticComplexity="1" visitedClasses="0" numClasses="0" visitedMethods="1" numMethods="1" />
              <MetadataToken />
              <Name>System.EventHandler`1&lt;Ignis.EntityIdEventArgs&gt; Ignis.EntityManager::get_OnEntityDestroyed()</Name>
              <FileRef uid="5" />
              <SequencePoints>
                <SequencePoint vc="25" uspid="15" ordinal="0" sl="15" sc="1" el="15" ec="2" bec="0" bev="0" fileid="5" />
              </SequencePoints>
              <BranchPoints />
              <MethodPoint vc="1" uspid="0" p8:type="SequencePoint" ordinal="2" offset="2" sc="0" sl="15" ec="1" el="15" bec="0" bev="0" fileid="5" xmlns:p8="xsi" />
            </Method>
            <Method cyclomaticComplexity="1" nPathComplexity="0" sequenceCoverage="100" branchCoverage="100" isConstructor="False" isGetter="True" isSetter="False" isStatic="True">
              <Summary numSequencePoints="1" visitedSequencePoints="1" numBranchPoints="0" visitedBranchPoints="0" sequenceCoverage="100" branchCoverage="100" maxCyclomaticComplexity="1" minCyclomaticComplexity="1" visitedClasses="0" numClasses="0" visitedMethods="1" numMethods="1" />
              <MetadataToken />
              <Name>System.EventHandler`1&lt;Ignis.EntityComponentEventArgs&gt; Ignis.EntityManager::get_OnEntityComponentAdded()</Name>
              <FileRef uid="5" />
              <SequencePoints>
                <SequencePoint vc="89" uspid="16" ordinal="0" sl="16" sc="1" el="16" ec="2" bec="0" bev="0" fileid="5" />
              </SequencePoints>
              <BranchPoints />
              <MethodPoint vc="1" uspid="0" p8:type="SequencePoint" ordinal="3" offset="3" sc="0" sl="16" ec="1" el="16" bec="0" bev="0" fileid="5" xmlns:p8="xsi" />
            </Method>
            <Method cyclomaticComplexity="1" nPathComplexity="0" sequenceCoverage="0" branchCoverage="100" isConstructor="False" isGetter="True" isSetter="False" isStatic="True">
              <Summary numSequencePoints="1" visitedSequencePoints="0" numBranchPoints="0" visitedBranchPoints="0" sequenceCoverage="0" branchCoverage="100" maxCyclomaticComplexity="1" minCyclomaticComplexity="1" visitedClasses="0" numClasses="0" visitedMethods="0" numMethods="1" />
              <MetadataToken />
              <Name>System.EventHandler`1&lt;Ignis.EntityComponentEventArgs&gt; Ignis.EntityManager::get_OnEntityComponentRemoving()</Name>
              <FileRef uid="5" />
              <SequencePoints>
                <SequencePoint vc="0" uspid="17" ordinal="0" sl="17" sc="1" el="17" ec="2" bec="0" bev="0" fileid="5" />
              </SequencePoints>
              <BranchPoints />
              <MethodPoint vc="0" uspid="0" p8:type="SequencePoint" ordinal="4" offset="4" sc="0" sl="17" ec="1" el="17" bec="0" bev="0" fileid="5" xmlns:p8="xsi" />
            </Method>
            <Method cyclomaticComplexity="1" nPathComplexity="0" sequenceCoverage="100" branchCoverage="100" isConstructor="False" isGetter="True" isSetter="False" isStatic="True">
              <Summary numSequencePoints="1" visitedSequencePoints="1" numBranchPoints="0" visitedBranchPoints="0" sequenceCoverage="100" branchCoverage="100" maxCyclomaticComplexity="1" minCyclomaticComplexity="1" visitedClasses="0" numClasses="0" visitedMethods="1" numMethods="1" />
              <MetadataToken />
              <Name>System.EventHandler`1&lt;Ignis.EntityComponentEventArgs&gt; Ignis.EntityManager::get_OnEntityComponentRemoved()</Name>
              <FileRef uid="5" />
              <SequencePoints>
                <SequencePoint vc="28" uspid="18" ordinal="0" sl="18" sc="1" el="18" ec="2" bec="0" bev="0" fileid="5" />
              </SequencePoints>
              <BranchPoints />
              <MethodPoint vc="1" uspid="0" p8:type="SequencePoint" ordinal="5" offset="5" sc="0" sl="18" ec="1" el="18" bec="0" bev="0" fileid="5" xmlns:p8="xsi" />
            </Method>
            <Method cyclomaticComplexity="1" nPathComplexity="0" sequenceCoverage="100" branchCoverage="100" isConstructor="False" isGetter="True" isSetter="False" isStatic="True">
              <Summary numSequencePoints="1" visitedSequencePoints="1" numBranchPoints="0" visitedBranchPoints="0" sequenceCoverage="100" branchCoverage="100" maxCyclomaticComplexity="1" minCyclomaticComplexity="1" visitedClasses="0" numClasses="0" visitedMethods="1" numMethods="1" />
              <MetadataToken />
              <Name>System.Int32 Ignis.EntityManager::get_EntityCount()</Name>
              <FileRef uid="5" />
              <SequencePoints>
                <SequencePoint vc="5" uspid="20" ordinal="0" sl="20" sc="1" el="20" ec="2" bec="0" bev="0" fileid="5" />
              </SequencePoints>
              <BranchPoints />
              <MethodPoint vc="1" uspid="0" p8:type="SequencePoint" ordinal="6" offset="6" sc="0" sl="20" ec="1" el="20" bec="0" bev="0" fileid="5" xmlns:p8="xsi" />
            </Method>
            <Method cyclomaticComplexity="1" nPathComplexity="0" sequenceCoverage="100" branchCoverage="100" isConstructor="False" isGetter="True" isSetter="False" isStatic="True">
              <Summary numSequencePoints="1" visitedSequencePoints="1" numBranchPoints="0" visitedBranchPoints="0" sequenceCoverage="100" branchCoverage="100" maxCyclomaticComplexity="1" minCyclomaticComplexity="1" visitedClasses="0" numClasses="0" visitedMethods="1" numMethods="1" />
              <MetadataToken />
              <Name>System.Int64 Ignis.EntityManager::get_EntityCountLong()</Name>
              <FileRef uid="5" />
              <SequencePoints>
                <SequencePoint vc="73" uspid="21" ordinal="0" sl="21" sc="1" el="21" ec="2" bec="0" bev="0" fileid="5" />
              </SequencePoints>
              <BranchPoints />
              <MethodPoint vc="1" uspid="0" p8:type="SequencePoint" ordinal="7" offset="7" sc="0" sl="21" ec="1" el="21" bec="0" bev="0" fileid="5" xmlns:p8="xsi" />
            </Method>
            <Method cyclomaticComplexity="8" nPathComplexity="0" sequenceCoverage="80" branchCoverage="62.5" isConstructor="False" isGetter="False" isSetter="False" isStatic="True">
              <Summary numSequencePoints="10" visitedSequencePoints="8" numBranchPoints="8" visitedBranchPoints="5" sequenceCoverage="80" branchCoverage="62.5" maxCyclomaticComplexity="8" minCyclomaticComplexity="8" visitedClasses="0" numClasses="0" visitedMethods="1" numMethods="1" />
              <MetadataToken />
              <Name>System.Int32 Ignis.EntityManager::Create()</Name>
              <FileRef uid="5" />
              <SequencePoints>
                <SequencePoint vc="68" uspid="45" ordinal="0" sl="45" sc="1" el="45" ec="2" bec="2" bev="1" fileid="5" />
                <SequencePoint vc="0" uspid="46" ordinal="1" sl="46" sc="1" el="46" ec="2" bec="0" bev="0" fileid="5" />
                <SequencePoint vc="68" uspid="48" ordinal="2" sl="48" sc="1" el="48" ec="2" bec="0" bev="0" fileid="5" />
                <SequencePoint vc="68" uspid="49" ordinal="3" sl="49" sc="1" el="49" ec="2" bec="4" bev="2" fileid="5" />
                <SequencePoint vc="0" uspid="52" ordinal="4" sl="52" sc="1" el="52" ec="2" bec="0" bev="0" fileid="5" />
                <SequencePoint vc="68" uspid="55" ordinal="5" sl="55" sc="1" el="55" ec="2" bec="0" bev="0" fileid="5" />
                <SequencePoint vc="68" uspid="56" ordinal="6" sl="56" sc="1" el="56" ec="2" bec="0" bev="0" fileid="5" />
                <SequencePoint vc="68" uspid="57" ordinal="7" sl="57" sc="1" el="57" ec="2" bec="0" bev="0" fileid="5" />
                <SequencePoint vc="68" uspid="58" ordinal="8" sl="58" sc="1" el="58" ec="2" bec="2" bev="2" fileid="5" />
                <SequencePoint vc="68" uspid="59" ordinal="9" sl="59" sc="1" el="59" ec="2" bec="0" bev="0" fileid="5" />
              </SequencePoints>
              <BranchPoints>
                <BranchPoint vc="0" uspid="45" ordinal="0" path="0" offset="15" offsetend="17" sl="45" fileid="5" />
                <BranchPoint vc="68" uspid="45" ordinal="1" path="1" offset="15" offsetend="28" sl="45" fileid="5" />
                <BranchPoint vc="0" uspid="49" ordinal="3" path="1" offset="50" offsetend="39" sl="49" fileid="5" />
                <BranchPoint vc="0" uspid="49" ordinal="5" path="1" offset="53" offsetend="39" sl="49" fileid="5" />
                <BranchPoint vc="68" uspid="49" ordinal="2" path="0" offset="50" offsetend="52" sl="49" fileid="5" />
                <BranchPoint vc="68" uspid="49" ordinal="4" path="0" offset="53" offsetend="55" sl="49" fileid="5" />
                <BranchPoint vc="66" uspid="58" ordinal="6" path="0" offset="94" offsetend="96" sl="58" fileid="5" />
                <BranchPoint vc="2" uspid="58" ordinal="7" path="1" offset="94" offsetend="99" sl="58" fileid="5" />
              </BranchPoints>
              <MethodPoint vc="8" uspid="0" p8:type="SequencePoint" ordinal="8" offset="8" sc="0" sl="45" ec="1" el="59" bec="0" bev="0" fileid="5" xmlns:p8="xsi" />
            </Method>
            <Method cyclomaticComplexity="4" nPathComplexity="0" sequenceCoverage="100" branchCoverage="100" isConstructor="False" isGetter="False" isSetter="False" isStatic="True">
              <Summary numSequencePoints="5" visitedSequencePoints="5" numBranchPoints="4" visitedBranchPoints="4" sequenceCoverage="100" branchCoverage="100" maxCyclomaticComplexity="4" minCyclomaticComplexity="4" visitedClasses="0" numClasses="0" visitedMethods="1" numMethods="1" />
              <MetadataToken />
              <Name>System.Boolean Ignis.EntityManager::Create(System.Int32)</Name>
              <FileRef uid="5" />
              <SequencePoints>
                <SequencePoint vc="8" uspid="64" ordinal="0" sl="64" sc="1" el="64" ec="2" bec="2" bev="2" fileid="5" />
                <SequencePoint vc="7" uspid="65" ordinal="1" sl="65" sc="1" el="65" ec="2" bec="2" bev="2" fileid="5" />
                <SequencePoint vc="5" uspid="66" ordinal="2" sl="66" sc="1" el="66" ec="2" bec="0" bev="0" fileid="5" />
                <SequencePoint vc="5" uspid="67" ordinal="3" sl="67" sc="1" el="67" ec="2" bec="0" bev="0" fileid="5" />
                <SequencePoint vc="5" uspid="68" ordinal="4" sl="68" sc="1" el="68" ec="2" bec="0" bev="0" fileid="5" />
              </SequencePoints>
              <BranchPoints>
                <BranchPoint vc="1" uspid="64" ordinal="0" path="0" offset="1" offsetend="3" sl="64" fileid="5" />
                <BranchPoint vc="6" uspid="64" ordinal="1" path="1" offset="1" offsetend="5" sl="64" fileid="5" />
                <BranchPoint vc="1" uspid="65" ordinal="2" path="0" offset="12" offsetend="14" sl="65" fileid="5" />
                <BranchPoint vc="5" uspid="65" ordinal="3" path="1" offset="12" offsetend="16" sl="65" fileid="5" />
              </BranchPoints>
              <MethodPoint vc="5" uspid="0" p8:type="SequencePoint" ordinal="9" offset="9" sc="0" sl="64" ec="1" el="68" bec="0" bev="0" fileid="5" xmlns:p8="xsi" />
            </Method>
            <Method cyclomaticComplexity="8" nPathComplexity="0" sequenceCoverage="100" branchCoverage="75" isConstructor="False" isGetter="False" isSetter="False" isStatic="True">
              <Summary numSequencePoints="9" visitedSequencePoints="9" numBranchPoints="8" visitedBranchPoints="6" sequenceCoverage="100" branchCoverage="75" maxCyclomaticComplexity="8" minCyclomaticComplexity="8" visitedClasses="0" numClasses="0" visitedMethods="1" numMethods="1" />
              <MetadataToken />
              <Name>System.Void Ignis.EntityManager::Destroy(System.Int32)</Name>
              <FileRef uid="5" />
              <SequencePoints>
                <SequencePoint vc="6" uspid="73" ordinal="0" sl="73" sc="1" el="73" ec="2" bec="2" bev="2" fileid="5" />
                <SequencePoint vc="1" uspid="74" ordinal="1" sl="74" sc="1" el="74" ec="2" bec="0" bev="0" fileid="5" />
                <SequencePoint vc="5" uspid="76" ordinal="2" sl="76" sc="1" el="76" ec="2" bec="2" bev="1" fileid="5" />
                <SequencePoint vc="5" uspid="77" ordinal="3" sl="77" sc="1" el="77" ec="2" bec="0" bev="0" fileid="5" />
                <SequencePoint vc="28" uspid="78" ordinal="4" sl="78" sc="1" el="78" ec="2" bec="2" bev="2" fileid="5" />
                <SequencePoint vc="9" uspid="79" ordinal="5" sl="79" sc="1" el="79" ec="2" bec="0" bev="0" fileid="5" />
                <SequencePoint vc="5" uspid="81" ordinal="6" sl="81" sc="1" el="81" ec="2" bec="0" bev="0" fileid="5" />
                <SequencePoint vc="5" uspid="82" ordinal="7" sl="82" sc="1" el="82" ec="2" bec="2" bev="1" fileid="5" />
                <SequencePoint vc="5" uspid="83" ordinal="8" sl="83" sc="1" el="83" ec="2" bec="0" bev="0" fileid="5" />
              </SequencePoints>
              <BranchPoints>
                <BranchPoint vc="1" uspid="73" ordinal="0" path="0" offset="7" offsetend="9" sl="73" fileid="5" />
                <BranchPoint vc="5" uspid="73" ordinal="1" path="1" offset="7" offsetend="10" sl="73" fileid="5" />
                <BranchPoint vc="5" uspid="76" ordinal="2" path="0" offset="17" offsetend="19" sl="76" fileid="5" />
                <BranchPoint vc="0" uspid="76" ordinal="3" path="1" offset="17" offsetend="22" sl="76" fileid="5" />
                <BranchPoint vc="9" uspid="78" ordinal="5" path="1" offset="90" offsetend="61" sl="78" fileid="5" />
                <BranchPoint vc="5" uspid="78" ordinal="4" path="0" offset="90" offsetend="92" sl="78" fileid="5" />
                <BranchPoint vc="0" uspid="82" ordinal="6" path="0" offset="127" offsetend="129" sl="82" fileid="5" />
                <BranchPoint vc="5" uspid="82" ordinal="7" path="1" offset="127" offsetend="131" sl="82" fileid="5" />
              </BranchPoints>
              <MethodPoint vc="9" uspid="0" p8:type="SequencePoint" ordinal="10" offset="10" sc="0" sl="73" ec="1" el="83" bec="0" bev="0" fileid="5" xmlns:p8="xsi" />
            </Method>
            <Method cyclomaticComplexity="1" nPathComplexity="0" sequenceCoverage="100" branchCoverage="100" isConstructor="False" isGetter="False" isSetter="False" isStatic="True">
              <Summary numSequencePoints="1" visitedSequencePoints="1" numBranchPoints="0" visitedBranchPoints="0" sequenceCoverage="100" branchCoverage="100" maxCyclomaticComplexity="1" minCyclomaticComplexity="1" visitedClasses="0" numClasses="0" visitedMethods="1" numMethods="1" />
              <MetadataToken />
              <Name>System.Boolean Ignis.EntityManager::Exists(System.Int32)</Name>
              <FileRef uid="5" />
              <SequencePoints>
                <SequencePoint vc="117" uspid="87" ordinal="0" sl="87" sc="1" el="87" ec="2" bec="0" bev="0" fileid="5" />
              </SequencePoints>
              <BranchPoints />
              <MethodPoint vc="1" uspid="0" p8:type="SequencePoint" ordinal="11" offset="11" sc="0" sl="87" ec="1" el="87" bec="0" bev="0" fileid="5" xmlns:p8="xsi" />
            </Method>
            <Method cyclomaticComplexity="4" nPathComplexity="0" sequenceCoverage="100" branchCoverage="100" isConstructor="False" isGetter="False" isSetter="False" isStatic="True">
              <Summary numSequencePoints="7" visitedSequencePoints="7" numBranchPoints="4" visitedBranchPoints="4" sequenceCoverage="100" branchCoverage="100" maxCyclomaticComplexity="4" minCyclomaticComplexity="4" visitedClasses="0" numClasses="0" visitedMethods="1" numMethods="1" />
              <MetadataToken />
              <Name>Ignis.IComponentCollectionStorage Ignis.EntityManager::GetStorage(System.Type)</Name>
              <FileRef uid="5" />
              <SequencePoints>
                <SequencePoint vc="77" uspid="94" ordinal="0" sl="94" sc="1" el="94" ec="2" bec="2" bev="2" fileid="5" />
                <SequencePoint vc="14" uspid="95" ordinal="1" sl="95" sc="1" el="95" ec="2" bec="0" bev="0" fileid="5" />
                <SequencePoint vc="14" uspid="97" ordinal="2" sl="97" sc="1" el="97" ec="2" bec="2" bev="2" fileid="5" />
                <SequencePoint vc="14" uspid="99" ordinal="3" sl="99" sc="1" el="99" ec="2" bec="0" bev="0" fileid="5" />
                <SequencePoint vc="14" uspid="100" ordinal="4" sl="100" sc="1" el="100" ec="2" bec="0" bev="0" fileid="5" />
                <SequencePoint vc="14" uspid="102" ordinal="5" sl="102" sc="1" el="102" ec="2" bec="0" bev="0" fileid="5" />
                <SequencePoint vc="77" uspid="104" ordinal="6" sl="104" sc="1" el="104" ec="2" bec="0" bev="0" fileid="5" />
              </SequencePoints>
              <BranchPoints>
                <BranchPoint vc="14" uspid="94" ordinal="0" path="0" offset="12" offsetend="14" sl="94" fileid="5" />
                <BranchPoint vc="14" uspid="97" ordinal="2" path="0" offset="43" offsetend="45" sl="97" fileid="5" />
                <BranchPoint vc="14" uspid="97" ordinal="3" path="1" offset="43" offsetend="71" sl="97" fileid="5" />
                <BranchPoint vc="77" uspid="94" ordinal="1" path="1" offset="12" offsetend="83" sl="94" fileid="5" />
              </BranchPoints>
              <MethodPoint vc="7" uspid="0" p8:type="SequencePoint" ordinal="12" offset="12" sc="0" sl="94" ec="1" el="104" bec="0" bev="0" fileid="5" xmlns:p8="xsi" />
            </Method>
            <Method cyclomaticComplexity="4" nPathComplexity="0" sequenceCoverage="83.33" branchCoverage="75" isConstructor="False" isGetter="False" isSetter="False" isStatic="True">
              <Summary numSequencePoints="6" visitedSequencePoints="5" numBranchPoints="4" visitedBranchPoints="3" sequenceCoverage="83.33" branchCoverage="75" maxCyclomaticComplexity="4" minCyclomaticComplexity="4" visitedClasses="0" numClasses="0" visitedMethods="1" numMethods="1" />
              <MetadataToken />
              <Name>System.Void Ignis.EntityManager::AddComponent(System.Int32,System.Type)</Name>
              <FileRef uid="5" />
              <SequencePoints>
                <SequencePoint vc="0" uspid="109" ordinal="0" sl="109" sc="1" el="109" ec="2" bec="2" bev="1" fileid="5" />
                <SequencePoint vc="69" uspid="110" ordinal="1" sl="110" sc="1" el="110" ec="2" bec="0" bev="0" fileid="5" />
                <SequencePoint vc="69" uspid="111" ordinal="2" sl="111" sc="1" el="111" ec="2" bec="0" bev="0" fileid="5" />
                <SequencePoint vc="69" uspid="112" ordinal="3" sl="112" sc="1" el="112" ec="2" bec="0" bev="0" fileid="5" />
                <SequencePoint vc="69" uspid="113" ordinal="4" sl="113" sc="1" el="113" ec="2" bec="2" bev="2" fileid="5" />
                <SequencePoint vc="17" uspid="114" ordinal="5" sl="114" sc="1" el="114" ec="2" bec="0" bev="0" fileid="5" />
              </SequencePoints>
              <BranchPoints>
                <BranchPoint vc="0" uspid="109" ordinal="0" path="0" offset="8" offsetend="10" sl="109" fileid="5" />
                <BranchPoint vc="69" uspid="109" ordinal="1" path="1" offset="8" offsetend="11" sl="109" fileid="5" />
                <BranchPoint vc="52" uspid="113" ordinal="2" path="0" offset="52" offsetend="54" sl="113" fileid="5" />
                <BranchPoint vc="17" uspid="113" ordinal="3" path="1" offset="52" offsetend="56" sl="113" fileid="5" />
              </BranchPoints>
              <MethodPoint vc="5" uspid="0" p8:type="SequencePoint" ordinal="13" offset="13" sc="0" sl="109" ec="1" el="114" bec="0" bev="0" fileid="5" xmlns:p8="xsi" />
            </Method>
            <Method cyclomaticComplexity="1" nPathComplexity="0" sequenceCoverage="100" branchCoverage="100" isConstructor="False" isGetter="False" isSetter="False" isStatic="True">
              <Summary numSequencePoints="2" visitedSequencePoints="2" numBranchPoints="0" visitedBranchPoints="0" sequenceCoverage="100" branchCoverage="100" maxCyclomaticComplexity="1" minCyclomaticComplexity="1" visitedClasses="0" numClasses="0" visitedMethods="1" numMethods="1" />
              <MetadataToken />
              <Name>System.Void Ignis.EntityManager::AddComponent(System.Int32)</Name>
              <FileRef uid="5" />
              <SequencePoints>
                <SequencePoint vc="69" uspid="118" ordinal="0" sl="118" sc="1" el="118" ec="2" bec="0" bev="0" fileid="5" />
                <SequencePoint vc="69" uspid="119" ordinal="1" sl="119" sc="1" el="119" ec="2" bec="0" bev="0" fileid="5" />
              </SequencePoints>
              <BranchPoints />
              <MethodPoint vc="2" uspid="0" p8:type="SequencePoint" ordinal="14" offset="14" sc="0" sl="118" ec="1" el="119" bec="0" bev="0" fileid="5" xmlns:p8="xsi" />
            </Method>
            <Method cyclomaticComplexity="6" nPathComplexity="0" sequenceCoverage="100" branchCoverage="83.33" isConstructor="False" isGetter="False" isSetter="False" isStatic="True">
              <Summary numSequencePoints="7" visitedSequencePoints="7" numBranchPoints="6" visitedBranchPoints="5" sequenceCoverage="100" branchCoverage="83.33" maxCyclomaticComplexity="6" minCyclomaticComplexity="6" visitedClasses="0" numClasses="0" visitedMethods="1" numMethods="1" />
              <MetadataToken />
              <Name>System.Void Ignis.EntityManager::RemoveComponent(System.Int32,System.Type)</Name>
              <FileRef uid="5" />
              <SequencePoints>
                <SequencePoint vc="20" uspid="123" ordinal="0" sl="123" sc="1" el="123" ec="2" bec="2" bev="2" fileid="5" />
                <SequencePoint vc="8" uspid="124" ordinal="1" sl="124" sc="1" el="124" ec="2" bec="2" bev="1" fileid="5" />
                <SequencePoint vc="8" uspid="125" ordinal="2" sl="125" sc="1" el="125" ec="2" bec="0" bev="0" fileid="5" />
                <SequencePoint vc="8" uspid="126" ordinal="3" sl="126" sc="1" el="126" ec="2" bec="0" bev="0" fileid="5" />
                <SequencePoint vc="8" uspid="127" ordinal="4" sl="127" sc="1" el="127" ec="2" bec="0" bev="0" fileid="5" />
                <SequencePoint vc="8" uspid="128" ordinal="5" sl="128" sc="1" el="128" ec="2" bec="2" bev="2" fileid="5" />
                <SequencePoint vc="4" uspid="129" ordinal="6" sl="129" sc="1" el="129" ec="2" bec="0" bev="0" fileid="5" />
              </SequencePoints>
              <BranchPoints>
                <BranchPoint vc="6" uspid="123" ordinal="0" path="0" offset="8" offsetend="10" sl="123" fileid="5" />
                <BranchPoint vc="8" uspid="123" ordinal="1" path="1" offset="8" offsetend="11" sl="123" fileid="5" />
                <BranchPoint vc="8" uspid="124" ordinal="2" path="0" offset="18" offsetend="20" sl="124" fileid="5" />
                <BranchPoint vc="0" uspid="124" ordinal="3" path="1" offset="18" offsetend="23" sl="124" fileid="5" />
                <BranchPoint vc="4" uspid="128" ordinal="4" path="0" offset="77" offsetend="79" sl="128" fileid="5" />
                <BranchPoint vc="4" uspid="128" ordinal="5" path="1" offset="77" offsetend="81" sl="128" fileid="5" />
              </BranchPoints>
              <MethodPoint vc="7" uspid="0" p8:type="SequencePoint" ordinal="15" offset="15" sc="0" sl="123" ec="1" el="129" bec="0" bev="0" fileid="5" xmlns:p8="xsi" />
            </Method>
            <Method cyclomaticComplexity="1" nPathComplexity="0" sequenceCoverage="100" branchCoverage="100" isConstructor="False" isGetter="False" isSetter="False" isStatic="True">
              <Summary numSequencePoints="2" visitedSequencePoints="2" numBranchPoints="0" visitedBranchPoints="0" sequenceCoverage="100" branchCoverage="100" maxCyclomaticComplexity="1" minCyclomaticComplexity="1" visitedClasses="0" numClasses="0" visitedMethods="1" numMethods="1" />
              <MetadataToken />
              <Name>System.Void Ignis.EntityManager::RemoveComponent(System.Int32)</Name>
              <FileRef uid="5" />
              <SequencePoints>
                <SequencePoint vc="5" uspid="133" ordinal="0" sl="133" sc="1" el="133" ec="2" bec="0" bev="0" fileid="5" />
                <SequencePoint vc="5" uspid="134" ordinal="1" sl="134" sc="1" el="134" ec="2" bec="0" bev="0" fileid="5" />
              </SequencePoints>
              <BranchPoints />
              <MethodPoint vc="2" uspid="0" p8:type="SequencePoint" ordinal="16" offset="16" sc="0" sl="133" ec="1" el="134" bec="0" bev="0" fileid="5" xmlns:p8="xsi" />
            </Method>
            <Method cyclomaticComplexity="1" nPathComplexity="0" sequenceCoverage="100" branchCoverage="100" isConstructor="False" isGetter="False" isSetter="False" isStatic="True">
              <Summary numSequencePoints="1" visitedSequencePoints="1" numBranchPoints="0" visitedBranchPoints="0" sequenceCoverage="100" branchCoverage="100" maxCyclomaticComplexity="1" minCyclomaticComplexity="1" visitedClasses="0" numClasses="0" visitedMethods="1" numMethods="1" />
              <MetadataToken />
              <Name>System.Boolean Ignis.EntityManager::HasComponent(System.Int32,System.Type)</Name>
              <FileRef uid="5" />
              <SequencePoints>
                <SequencePoint vc="394" uspid="138" ordinal="0" sl="138" sc="1" el="138" ec="2" bec="0" bev="0" fileid="5" />
              </SequencePoints>
              <BranchPoints />
              <MethodPoint vc="1" uspid="0" p8:type="SequencePoint" ordinal="17" offset="17" sc="0" sl="138" ec="1" el="138" bec="0" bev="0" fileid="5" xmlns:p8="xsi" />
            </Method>
            <Method cyclomaticComplexity="1" nPathComplexity="0" sequenceCoverage="100" branchCoverage="100" isConstructor="False" isGetter="False" isSetter="False" isStatic="True">
              <Summary numSequencePoints="1" visitedSequencePoints="1" numBranchPoints="0" visitedBranchPoints="0" sequenceCoverage="100" branchCoverage="100" maxCyclomaticComplexity="1" minCyclomaticComplexity="1" visitedClasses="0" numClasses="0" visitedMethods="1" numMethods="1" />
              <MetadataToken />
              <Name>System.Boolean Ignis.EntityManager::HasComponent(System.Int32)</Name>
              <FileRef uid="5" />
              <SequencePoints>
                <SequencePoint vc="35" uspid="143" ordinal="0" sl="143" sc="1" el="143" ec="2" bec="0" bev="0" fileid="5" />
              </SequencePoints>
              <BranchPoints />
              <MethodPoint vc="1" uspid="0" p8:type="SequencePoint" ordinal="18" offset="18" sc="0" sl="143" ec="1" el="143" bec="0" bev="0" fileid="5" xmlns:p8="xsi" />
            </Method>
            <Method cyclomaticComplexity="1" nPathComplexity="0" sequenceCoverage="100" branchCoverage="100" isConstructor="False" isGetter="False" isSetter="False" isStatic="True">
              <Summary numSequencePoints="1" visitedSequencePoints="1" numBranchPoints="0" visitedBranchPoints="0" sequenceCoverage="100" branchCoverage="100" maxCyclomaticComplexity="1" minCyclomaticComplexity="1" visitedClasses="0" numClasses="0" visitedMethods="1" numMethods="1" />
              <MetadataToken />
              <Name>System.Int64 Ignis.EntityManager::HashPair(System.Int32,System.Type)</Name>
              <FileRef uid="5" />
              <SequencePoints>
                <SequencePoint vc="471" uspid="148" ordinal="0" sl="148" sc="1" el="148" ec="2" bec="0" bev="0" fileid="5" />
              </SequencePoints>
              <BranchPoints />
              <MethodPoint vc="1" uspid="0" p8:type="SequencePoint" ordinal="19" offset="19" sc="0" sl="148" ec="1" el="148" bec="0" bev="0" fileid="5" xmlns:p8="xsi" />
            </Method>
            <Method cyclomaticComplexity="1" nPathComplexity="0" sequenceCoverage="100" branchCoverage="100" isConstructor="False" isGetter="False" isSetter="False" isStatic="True">
              <Summary numSequencePoints="1" visitedSequencePoints="1" numBranchPoints="0" visitedBranchPoints="0" sequenceCoverage="100" branchCoverage="100" maxCyclomaticComplexity="1" minCyclomaticComplexity="1" visitedClasses="0" numClasses="0" visitedMethods="1" numMethods="1" />
              <MetadataToken />
              <Name>Ignis.CollectionEnumerable`1&lt;System.Int32&gt; Ignis.EntityManager::GetEntityIds()</Name>
              <FileRef uid="5" />
              <SequencePoints>
                <SequencePoint vc="18" uspid="153" ordinal="0" sl="153" sc="1" el="153" ec="2" bec="0" bev="0" fileid="5" />
              </SequencePoints>
              <BranchPoints />
              <MethodPoint vc="1" uspid="0" p8:type="SequencePoint" ordinal="20" offset="20" sc="0" sl="153" ec="1" el="153" bec="0" bev="0" fileid="5" xmlns:p8="xsi" />
            </Method>
            <Method cyclomaticComplexity="14" nPathComplexity="0" sequenceCoverage="100" branchCoverage="100" isConstructor="False" isGetter="False" isSetter="False" isStatic="True">
              <Summary numSequencePoints="13" visitedSequencePoints="13" numBranchPoints="14" visitedBranchPoints="14" sequenceCoverage="100" branchCoverage="100" maxCyclomaticComplexity="14" minCyclomaticComplexity="14" visitedClasses="0" numClasses="0" visitedMethods="1" numMethods="1" />
              <MetadataToken />
              <Name>System.ReadOnlySpan`1&lt;System.Int32&gt; Ignis.EntityManager::QuerySubset(System.ReadOnlySpan`1&lt;System.Int32&gt;,System.Span`1&lt;System.Int32&gt;,System.ReadOnlySpan`1&lt;System.Type&gt;,System.Boolean)</Name>
              <FileRef uid="5" />
              <SequencePoints>
                <SequencePoint vc="1" uspid="178" ordinal="0" sl="178" sc="1" el="178" ec="2" bec="0" bev="0" fileid="5" />
                <SequencePoint vc="6" uspid="179" ordinal="1" sl="179" sc="1" el="179" ec="2" bec="2" bev="2" fileid="5" />
                <SequencePoint vc="2" uspid="181" ordinal="2" sl="181" sc="1" el="181" ec="2" bec="0" bev="0" fileid="5" />
                <SequencePoint vc="2" uspid="182" ordinal="3" sl="182" sc="1" el="182" ec="2" bec="2" bev="2" fileid="5" />
                <SequencePoint vc="2" uspid="183" ordinal="4" sl="183" sc="1" el="183" ec="2" bec="4" bev="4" fileid="5" />
                <SequencePoint vc="2" uspid="185" ordinal="5" sl="185" sc="1" el="185" ec="2" bec="0" bev="0" fileid="5" />
                <SequencePoint vc="6" uspid="186" ordinal="6" sl="186" sc="1" el="186" ec="2" bec="2" bev="2" fileid="5" />
                <SequencePoint vc="2" uspid="187" ordinal="7" sl="187" sc="1" el="187" ec="2" bec="2" bev="2" fileid="5" />
                <SequencePoint vc="1" uspid="189" ordinal="8" sl="189" sc="1" el="189" ec="2" bec="0" bev="0" fileid="5" />
                <SequencePoint vc="1" uspid="190" ordinal="9" sl="190" sc="1" el="190" ec="2" bec="0" bev="0" fileid="5" />
                <SequencePoint vc="2" uspid="193" ordinal="10" sl="193" sc="1" el="193" ec="2" bec="2" bev="2" fileid="5" />
                <SequencePoint vc="1" uspid="194" ordinal="11" sl="194" sc="1" el="194" ec="2" bec="0" bev="0" fileid="5" />
                <SequencePoint vc="1" uspid="197" ordinal="12" sl="197" sc="1" el="197" ec="2" bec="0" bev="0" fileid="5" />
              </SequencePoints>
              <BranchPoints>
                <BranchPoint vc="2" uspid="179" ordinal="13" path="1" offset="115" offsetend="6" sl="179" fileid="5" />
                <BranchPoint vc="2" uspid="182" ordinal="0" path="0" offset="24" offsetend="26" sl="182" fileid="5" />
                <BranchPoint vc="2" uspid="183" ordinal="2" path="0" offset="28" offsetend="30" sl="183" fileid="5" />
                <BranchPoint vc="2" uspid="183" ordinal="3" path="1" offset="28" offsetend="39" sl="183" fileid="5" />
                <BranchPoint vc="2" uspid="183" ordinal="4" path="0" offset="37" offsetend="39" sl="183" fileid="5" />
                <BranchPoint vc="2" uspid="186" ordinal="9" path="1" offset="84" offsetend="46" sl="186" fileid="5" />
                <BranchPoint vc="1" uspid="187" ordinal="6" path="0" offset="63" offsetend="65" sl="187" fileid="5" />
                <BranchPoint vc="1" uspid="187" ordinal="7" path="1" offset="63" offsetend="69" sl="187" fileid="5" />
                <BranchPoint vc="2" uspid="186" ordinal="8" path="0" offset="84" offsetend="86" sl="186" fileid="5" />
                <BranchPoint vc="1" uspid="193" ordinal="10" path="0" offset="87" offsetend="89" sl="193" fileid="5" />
                <BranchPoint vc="2" uspid="183" ordinal="5" path="1" offset="37" offsetend="103" sl="183" fileid="5" />
                <BranchPoint vc="2" uspid="193" ordinal="11" path="1" offset="87" offsetend="103" sl="193" fileid="5" />
                <BranchPoint vc="1" uspid="182" ordinal="1" path="1" offset="24" offsetend="117" sl="182" fileid="5" />
                <BranchPoint vc="1" uspid="179" ordinal="12" path="0" offset="115" offsetend="117" sl="179" fileid="5" />
              </BranchPoints>
              <MethodPoint vc="13" uspid="0" p8:type="SequencePoint" ordinal="21" offset="21" sc="0" sl="178" ec="1" el="197" bec="0" bev="0" fileid="5" xmlns:p8="xsi" />
            </Method>
            <Method cyclomaticComplexity="10" nPathComplexity="0" sequenceCoverage="90.9" branchCoverage="90" isConstructor="False" isGetter="False" isSetter="False" isStatic="True">
              <Summary numSequencePoints="11" visitedSequencePoints="10" numBranchPoints="10" visitedBranchPoints="9" sequenceCoverage="90.9" branchCoverage="90" maxCyclomaticComplexity="10" minCyclomaticComplexity="10" visitedClasses="0" numClasses="0" visitedMethods="1" numMethods="1" />
              <MetadataToken />
              <Name>System.ReadOnlySpan`1&lt;System.Int32&gt; Ignis.EntityManager::Query(System.Span`1&lt;System.Int32&gt;,System.ReadOnlySpan`1&lt;System.Type&gt;)</Name>
              <FileRef uid="5" />
              <SequencePoints>
                <SequencePoint vc="6" uspid="202" ordinal="0" sl="202" sc="1" el="202" ec="2" bec="0" bev="0" fileid="5" />
                <SequencePoint vc="48" uspid="203" ordinal="1" sl="203" sc="1" el="203" ec="2" bec="2" bev="2" fileid="5" />
                <SequencePoint vc="0" uspid="205" ordinal="2" sl="205" sc="1" el="205" ec="2" bec="2" bev="1" fileid="5" />
                <SequencePoint vc="18" uspid="206" ordinal="3" sl="206" sc="1" el="206" ec="2" bec="0" bev="0" fileid="5" />
                <SequencePoint vc="98" uspid="207" ordinal="4" sl="207" sc="1" el="207" ec="2" bec="2" bev="2" fileid="5" />
                <SequencePoint vc="38" uspid="208" ordinal="5" sl="208" sc="1" el="208" ec="2" bec="2" bev="2" fileid="5" />
                <SequencePoint vc="7" uspid="210" ordinal="6" sl="210" sc="1" el="210" ec="2" bec="0" bev="0" fileid="5" />
                <SequencePoint vc="7" uspid="211" ordinal="7" sl="211" sc="1" el="211" ec="2" bec="0" bev="0" fileid="5" />
                <SequencePoint vc="18" uspid="214" ordinal="8" sl="214" sc="1" el="214" ec="2" bec="2" bev="2" fileid="5" />
                <SequencePoint vc="11" uspid="215" ordinal="9" sl="215" sc="1" el="215" ec="2" bec="0" bev="0" fileid="5" />
                <SequencePoint vc="6" uspid="218" ordinal="10" sl="218" sc="1" el="218" ec="2" bec="0" bev="0" fileid="5" />
              </SequencePoints>
              <BranchPoints>
                <BranchPoint vc="18" uspid="203" ordinal="9" path="1" offset="107" offsetend="16" sl="203" fileid="5" />
                <BranchPoint vc="0" uspid="205" ordinal="0" path="0" offset="32" offsetend="34" sl="205" fileid="5" />
                <BranchPoint vc="18" uspid="205" ordinal="1" path="1" offset="32" offsetend="36" sl="205" fileid="5" />
                <BranchPoint vc="38" uspid="207" ordinal="5" path="1" offset="81" offsetend="43" sl="207" fileid="5" />
                <BranchPoint vc="7" uspid="208" ordinal="2" path="0" offset="60" offsetend="62" sl="208" fileid="5" />
                <BranchPoint vc="31" uspid="208" ordinal="3" path="1" offset="60" offsetend="66" sl="208" fileid="5" />
                <BranchPoint vc="18" uspid="207" ordinal="4" path="0" offset="81" offsetend="83" sl="207" fileid="5" />
                <BranchPoint vc="11" uspid="214" ordinal="6" path="0" offset="84" offsetend="86" sl="214" fileid="5" />
                <BranchPoint vc="24" uspid="214" ordinal="7" path="1" offset="84" offsetend="100" sl="214" fileid="5" />
                <BranchPoint vc="6" uspid="203" ordinal="8" path="0" offset="107" offsetend="109" sl="203" fileid="5" />
              </BranchPoints>
              <MethodPoint vc="10" uspid="0" p8:type="SequencePoint" ordinal="22" offset="22" sc="0" sl="202" ec="1" el="218" bec="0" bev="0" fileid="5" xmlns:p8="xsi" />
            </Method>
            <Method cyclomaticComplexity="6" nPathComplexity="0" sequenceCoverage="83.33" branchCoverage="83.33" isConstructor="False" isGetter="False" isSetter="False" isStatic="True">
              <Summary numSequencePoints="6" visitedSequencePoints="5" numBranchPoints="6" visitedBranchPoints="5" sequenceCoverage="83.33" branchCoverage="83.33" maxCyclomaticComplexity="6" minCyclomaticComplexity="6" visitedClasses="0" numClasses="0" visitedMethods="1" numMethods="1" />
              <MetadataToken />
              <Name>System.ReadOnlySpan`1&lt;System.Int32&gt; Ignis.EntityManager::Query(System.Span`1&lt;System.Int32&gt;,System.Type)</Name>
              <FileRef uid="5" />
              <SequencePoints>
                <SequencePoint vc="2" uspid="223" ordinal="0" sl="223" sc="1" el="223" ec="2" bec="0" bev="0" fileid="5" />
                <SequencePoint vc="14" uspid="224" ordinal="1" sl="224" sc="1" el="224" ec="2" bec="2" bev="2" fileid="5" />
                <SequencePoint vc="0" uspid="226" ordinal="2" sl="226" sc="1" el="226" ec="2" bec="2" bev="1" fileid="5" />
                <SequencePoint vc="5" uspid="227" ordinal="3" sl="227" sc="1" el="227" ec="2" bec="2" bev="2" fileid="5" />
                <SequencePoint vc="4" uspid="228" ordinal="4" sl="228" sc="1" el="228" ec="2" bec="0" bev="0" fileid="5" />
                <SequencePoint vc="2" uspid="231" ordinal="5" sl="231" sc="1" el="231" ec="2" bec="0" bev="0" fileid="5" />
              </SequencePoints>
              <BranchPoints>
                <BranchPoint vc="5" uspid="224" ordinal="5" path="1" offset="67" offsetend="16" sl="224" fileid="5" />
                <BranchPoint vc="0" uspid="226" ordinal="0" path="0" offset="32" offsetend="34" sl="226" fileid="5" />
                <BranchPoint vc="5" uspid="226" ordinal="1" path="1" offset="32" offsetend="36" sl="226" fileid="5" />
                <BranchPoint vc="4" uspid="227" ordinal="2" path="0" offset="44" offsetend="46" sl="227" fileid="5" />
                <BranchPoint vc="7" uspid="227" ordinal="3" path="1" offset="44" offsetend="60" sl="227" fileid="5" />
                <BranchPoint vc="2" uspid="224" ordinal="4" path="0" offset="67" offsetend="69" sl="224" fileid="5" />
              </BranchPoints>
              <MethodPoint vc="5" uspid="0" p8:type="SequencePoint" ordinal="23" offset="23" sc="0" sl="223" ec="1" el="231" bec="0" bev="0" fileid="5" xmlns:p8="xsi" />
            </Method>
            <Method cyclomaticComplexity="8" nPathComplexity="0" sequenceCoverage="85.71" branchCoverage="87.5" isConstructor="False" isGetter="False" isSetter="False" isStatic="True">
              <Summary numSequencePoints="7" visitedSequencePoints="6" numBranchPoints="8" visitedBranchPoints="7" sequenceCoverage="85.71" branchCoverage="87.5" maxCyclomaticComplexity="8" minCyclomaticComplexity="8" visitedClasses="0" numClasses="0" visitedMethods="1" numMethods="1" />
              <MetadataToken />
              <Name>System.ReadOnlySpan`1&lt;System.Int32&gt; Ignis.EntityManager::Query(System.Span`1&lt;System.Int32&gt;,System.Type,System.Type)</Name>
              <FileRef uid="5" />
              <SequencePoints>
                <SequencePoint vc="1" uspid="236" ordinal="0" sl="236" sc="1" el="236" ec="2" bec="0" bev="0" fileid="5" />
                <SequencePoint vc="10" uspid="237" ordinal="1" sl="237" sc="1" el="237" ec="2" bec="2" bev="2" fileid="5" />
                <SequencePoint vc="0" uspid="239" ordinal="2" sl="239" sc="1" el="239" ec="2" bec="2" bev="1" fileid="5" />
                <SequencePoint vc="4" uspid="240" ordinal="3" sl="240" sc="1" el="240" ec="2" bec="2" bev="2" fileid="5" />
                <SequencePoint vc="4" uspid="241" ordinal="4" sl="241" sc="1" el="241" ec="2" bec="2" bev="2" fileid="5" />
                <SequencePoint vc="3" uspid="242" ordinal="5" sl="242" sc="1" el="242" ec="2" bec="0" bev="0" fileid="5" />
                <SequencePoint vc="1" uspid="245" ordinal="6" sl="245" sc="1" el="245" ec="2" bec="0" bev="0" fileid="5" />
              </SequencePoints>
              <BranchPoints>
                <BranchPoint vc="4" uspid="237" ordinal="7" path="1" offset="77" offsetend="16" sl="237" fileid="5" />
                <BranchPoint vc="0" uspid="239" ordinal="0" path="0" offset="32" offsetend="34" sl="239" fileid="5" />
                <BranchPoint vc="4" uspid="239" ordinal="1" path="1" offset="32" offsetend="36" sl="239" fileid="5" />
                <BranchPoint vc="4" uspid="240" ordinal="2" path="0" offset="44" offsetend="46" sl="240" fileid="5" />
                <BranchPoint vc="3" uspid="241" ordinal="4" path="0" offset="54" offsetend="56" sl="241" fileid="5" />
                <BranchPoint vc="5" uspid="240" ordinal="3" path="1" offset="44" offsetend="70" sl="240" fileid="5" />
                <BranchPoint vc="5" uspid="241" ordinal="5" path="1" offset="54" offsetend="70" sl="241" fileid="5" />
                <BranchPoint vc="1" uspid="237" ordinal="6" path="0" offset="77" offsetend="79" sl="237" fileid="5" />
              </BranchPoints>
              <MethodPoint vc="6" uspid="0" p8:type="SequencePoint" ordinal="24" offset="24" sc="0" sl="236" ec="1" el="245" bec="0" bev="0" fileid="5" xmlns:p8="xsi" />
            </Method>
            <Method cyclomaticComplexity="10" nPathComplexity="0" sequenceCoverage="87.5" branchCoverage="90" isConstructor="False" isGetter="False" isSetter="False" isStatic="True">
              <Summary numSequencePoints="8" visitedSequencePoints="7" numBranchPoints="10" visitedBranchPoints="9" sequenceCoverage="87.5" branchCoverage="90" maxCyclomaticComplexity="10" minCyclomaticComplexity="10" visitedClasses="0" numClasses="0" visitedMethods="1" numMethods="1" />
              <MetadataToken />
              <Name>System.ReadOnlySpan`1&lt;System.Int32&gt; Ignis.EntityManager::Query(System.Span`1&lt;System.Int32&gt;,System.Type,System.Type,System.Type)</Name>
              <FileRef uid="5" />
              <SequencePoints>
                <SequencePoint vc="1" uspid="251" ordinal="0" sl="251" sc="1" el="251" ec="2" bec="0" bev="0" fileid="5" />
[...]
              <MetadataToken />
              <Name>T Ignis.Containers.MEDIContainer`1::GetSystem()</Name>
              <FileRef uid="18" />
              <SequencePoints>
                <SequencePoint vc="1" uspid="122" ordinal="0" sl="122" sc="1" el="122" ec="2" bec="2" bev="1" fileid="18" />
                <SequencePoint vc="0" uspid="123" ordinal="1" sl="123" sc="1" el="123" ec="2" bec="0" bev="0" fileid="18" />
                <SequencePoint vc="1" uspid="124" ordinal="2" sl="124" sc="1" el="124" ec="2" bec="0" bev="0" fileid="18" />
              </SequencePoints>
              <BranchPoints>
                <BranchPoint vc="0" uspid="122" ordinal="0" path="0" offset="21" offsetend="23" sl="122" fileid="18" />
                <BranchPoint vc="1" uspid="122" ordinal="1" path="1" offset="21" offsetend="87" sl="122" fileid="18" />
              </BranchPoints>
              <MethodPoint vc="2" uspid="0" p8:type="SequencePoint" ordinal="11" offset="11" sc="0" sl="122" ec="1" el="124" bec="0" bev="0" fileid="18" xmlns:p8="xsi" />
            </Method>
            <Method cyclomaticComplexity="1" nPathComplexity="0" sequenceCoverage="100" branchCoverage="100" isConstructor="False" isGetter="False" isSetter="False" isStatic="True">
              <Summary numSequencePoints="4" visitedSequencePoints="4" numBranchPoints="0" visitedBranchPoints="0" sequenceCoverage="100" branchCoverage="100" maxCyclomaticComplexity="1" minCyclomaticComplexity="1" visitedClasses="0" numClasses="0" visitedMethods="1" numMethods="1" />
              <MetadataToken />
              <Name>Ignis.IContainer`1&lt;TState&gt; Ignis.Containers.MEDIContainer`1::Register()</Name>
              <FileRef uid="18" />
              <SequencePoints>
                <SequencePoint vc="4" uspid="131" ordinal="0" sl="131" sc="1" el="131" ec="2" bec="0" bev="0" fileid="18" />
                <SequencePoint vc="4" uspid="132" ordinal="1" sl="132" sc="1" el="132" ec="2" bec="0" bev="0" fileid="18" />
                <SequencePoint vc="4" uspid="133" ordinal="2" sl="133" sc="1" el="133" ec="2" bec="0" bev="0" fileid="18" />
                <SequencePoint vc="3" uspid="176" ordinal="3" sl="176" sc="1" el="176" ec="2" bec="0" bev="0" fileid="18" />
              </SequencePoints>
              <BranchPoints />
              <MethodPoint vc="4" uspid="0" p8:type="SequencePoint" ordinal="12" offset="12" sc="0" sl="131" ec="1" el="176" bec="0" bev="0" fileid="18" xmlns:p8="xsi" />
            </Method>
            <Method cyclomaticComplexity="1" nPathComplexity="0" sequenceCoverage="100" branchCoverage="100" isConstructor="False" isGetter="False" isSetter="False" isStatic="True">
              <Summary numSequencePoints="1" visitedSequencePoints="1" numBranchPoints="0" visitedBranchPoints="0" sequenceCoverage="100" branchCoverage="100" maxCyclomaticComplexity="1" minCyclomaticComplexity="1" visitedClasses="0" numClasses="0" visitedMethods="1" numMethods="1" />
              <MetadataToken />
              <Name>TInterface Ignis.Containers.MEDIContainer`1::Resolve()</Name>
              <FileRef uid="18" />
              <SequencePoints>
                <SequencePoint vc="5" uspid="138" ordinal="0" sl="138" sc="1" el="138" ec="2" bec="0" bev="0" fileid="18" />
              </SequencePoints>
              <BranchPoints />
              <MethodPoint vc="1" uspid="0" p8:type="SequencePoint" ordinal="13" offset="13" sc="0" sl="138" ec="1" el="138" bec="0" bev="0" fileid="18" xmlns:p8="xsi" />
            </Method>
            <Method cyclomaticComplexity="1" nPathComplexity="0" sequenceCoverage="100" branchCoverage="100" isConstructor="False" isGetter="False" isSetter="False" isStatic="True">
              <Summary numSequencePoints="3" visitedSequencePoints="3" numBranchPoints="0" visitedBranchPoints="0" sequenceCoverage="100" branchCoverage="100" maxCyclomaticComplexity="1" minCyclomaticComplexity="1" visitedClasses="0" numClasses="0" visitedMethods="1" numMethods="1" />
              <MetadataToken />
              <Name>Ignis.IComponentCollection Ignis.Containers.MEDIContainer`1::GetStorageFor(System.Type)</Name>
              <FileRef uid="18" />
              <SequencePoints>
                <SequencePoint vc="1" uspid="144" ordinal="0" sl="144" sc="1" el="144" ec="2" bec="0" bev="0" fileid="18" />
                <SequencePoint vc="1" uspid="145" ordinal="1" sl="145" sc="1" el="145" ec="2" bec="0" bev="0" fileid="18" />
                <SequencePoint vc="1" uspid="146" ordinal="2" sl="146" sc="1" el="146" ec="2" bec="0" bev="0" fileid="18" />
              </SequencePoints>
              <BranchPoints />
              <MethodPoint vc="3" uspid="0" p8:type="SequencePoint" ordinal="14" offset="14" sc="0" sl="144" ec="1" el="146" bec="0" bev="0" fileid="18" xmlns:p8="xsi" />
            </Method>
            <Method cyclomaticComplexity="1" nPathComplexity="0" sequenceCoverage="100" branchCoverage="100" isConstructor="False" isGetter="False" isSetter="False" isStatic="True">
              <Summary numSequencePoints="1" visitedSequencePoints="1" numBranchPoints="0" visitedBranchPoints="0" sequenceCoverage="100" branchCoverage="100" maxCyclomaticComplexity="1" minCyclomaticComplexity="1" visitedClasses="0" numClasses="0" visitedMethods="1" numMethods="1" />
              <MetadataToken />
              <Name>Ignis.SystemBase`1&lt;TState&gt; Ignis.Containers.MEDIContainer`1::GetSystem(System.Type)</Name>
              <FileRef uid="18" />
              <SequencePoints>
                <SequencePoint vc="4" uspid="152" ordinal="0" sl="152" sc="1" el="152" ec="2" bec="0" bev="0" fileid="18" />
              </SequencePoints>
              <BranchPoints />
              <MethodPoint vc="1" uspid="0" p8:type="SequencePoint" ordinal="15" offset="15" sc="0" sl="152" ec="1" el="152" bec="0" bev="0" fileid="18" xmlns:p8="xsi" />
            </Method>
            <Method cyclomaticComplexity="1" nPathComplexity="0" sequenceCoverage="100" branchCoverage="100" isConstructor="False" isGetter="False" isSetter="False" isStatic="True">
              <Summary numSequencePoints="1" visitedSequencePoints="1" numBranchPoints="0" visitedBranchPoints="0" sequenceCoverage="100" branchCoverage="100" maxCyclomaticComplexity="1" minCyclomaticComplexity="1" visitedClasses="0" numClasses="0" visitedMethods="1" numMethods="1" />
              <MetadataToken />
              <Name>System.Collections.Generic.IEnumerable`1&lt;System.Type&gt; Ignis.Containers.MEDIContainer`1::GetComponentTypes()</Name>
              <FileRef uid="18" />
              <SequencePoints>
                <SequencePoint vc="2" uspid="157" ordinal="0" sl="157" sc="1" el="157" ec="2" bec="0" bev="0" fileid="18" />
              </SequencePoints>
              <BranchPoints />
              <MethodPoint vc="1" uspid="0" p8:type="SequencePoint" ordinal="16" offset="16" sc="0" sl="157" ec="1" el="157" bec="0" bev="0" fileid="18" xmlns:p8="xsi" />
            </Method>
            <Method cyclomaticComplexity="1" nPathComplexity="0" sequenceCoverage="100" branchCoverage="100" isConstructor="False" isGetter="False" isSetter="False" isStatic="True">
              <Summary numSequencePoints="1" visitedSequencePoints="1" numBranchPoints="0" visitedBranchPoints="0" sequenceCoverage="100" branchCoverage="100" maxCyclomaticComplexity="1" minCyclomaticComplexity="1" visitedClasses="0" numClasses="0" visitedMethods="1" numMethods="1" />
              <MetadataToken />
              <Name>System.Collections.Generic.IEnumerable`1&lt;System.Type&gt; Ignis.Containers.MEDIContainer`1::GetSystemTypes()</Name>
              <FileRef uid="18" />
              <SequencePoints>
                <SequencePoint vc="2" uspid="162" ordinal="0" sl="162" sc="1" el="162" ec="2" bec="0" bev="0" fileid="18" />
              </SequencePoints>
              <BranchPoints />
              <MethodPoint vc="1" uspid="0" p8:type="SequencePoint" ordinal="17" offset="17" sc="0" sl="162" ec="1" el="162" bec="0" bev="0" fileid="18" xmlns:p8="xsi" />
            </Method>
            <Method cyclomaticComplexity="2" nPathComplexity="0" sequenceCoverage="100" branchCoverage="100" isConstructor="False" isGetter="False" isSetter="False" isStatic="True">
              <Summary numSequencePoints="4" visitedSequencePoints="4" numBranchPoints="2" visitedBranchPoints="2" sequenceCoverage="100" branchCoverage="100" maxCyclomaticComplexity="2" minCyclomaticComplexity="2" visitedClasses="0" numClasses="0" visitedMethods="1" numMethods="1" />
              <MetadataToken />
              <Name>System.Void Ignis.Containers.MEDIContainer`1::InitializeSystems(TState)</Name>
              <FileRef uid="18" />
              <SequencePoints>
                <SequencePoint vc="4" uspid="167" ordinal="0" sl="167" sc="1" el="167" ec="2" bec="2" bev="2" fileid="18" />
                <SequencePoint vc="1" uspid="169" ordinal="1" sl="169" sc="1" el="169" ec="2" bec="0" bev="0" fileid="18" />
                <SequencePoint vc="1" uspid="170" ordinal="2" sl="170" sc="1" el="170" ec="2" bec="0" bev="0" fileid="18" />
                <SequencePoint vc="1" uspid="172" ordinal="3" sl="172" sc="1" el="172" ec="2" bec="0" bev="0" fileid="18" />
              </SequencePoints>
              <BranchPoints>
                <BranchPoint vc="1" uspid="167" ordinal="1" path="1" offset="42" offsetend="14" sl="167" fileid="18" />
                <BranchPoint vc="1" uspid="167" ordinal="0" path="0" offset="42" offsetend="44" sl="167" fileid="18" />
              </BranchPoints>
              <MethodPoint vc="4" uspid="0" p8:type="SequencePoint" ordinal="18" offset="18" sc="0" sl="167" ec="1" el="172" bec="0" bev="0" fileid="18" xmlns:p8="xsi" />
            </Method>
            <Method cyclomaticComplexity="1" nPathComplexity="0" sequenceCoverage="100" branchCoverage="100" isConstructor="False" isGetter="False" isSetter="False" isStatic="True">
              <Summary numSequencePoints="1" visitedSequencePoints="1" numBranchPoints="0" visitedBranchPoints="0" sequenceCoverage="100" branchCoverage="100" maxCyclomaticComplexity="1" minCyclomaticComplexity="1" visitedClasses="0" numClasses="0" visitedMethods="1" numMethods="1" />
              <MetadataToken />
              <Name>Ignis.IContainer`1&lt;TState&gt; Ignis.Containers.MEDIContainer`1::Register(System.Type)</Name>
              <FileRef uid="18" />
              <SequencePoints>
                <SequencePoint vc="1" uspid="183" ordinal="0" sl="183" sc="1" el="183" ec="2" bec="0" bev="0" fileid="18" />
              </SequencePoints>
              <BranchPoints />
              <MethodPoint vc="1" uspid="0" p8:type="SequencePoint" ordinal="19" offset="19" sc="0" sl="183" ec="1" el="183" bec="0" bev="0" fileid="18" xmlns:p8="xsi" />
            </Method>
            <Method cyclomaticComplexity="8" nPathComplexity="0" sequenceCoverage="83.33" branchCoverage="75" isConstructor="False" isGetter="False" isSetter="False" isStatic="True">
              <Summary numSequencePoints="18" visitedSequencePoints="15" numBranchPoints="8" visitedBranchPoints="6" sequenceCoverage="83.33" branchCoverage="75" maxCyclomaticComplexity="8" minCyclomaticComplexity="8" visitedClasses="0" numClasses="0" visitedMethods="1" numMethods="1" />
              <MetadataToken />
              <Name>Ignis.IContainer`1&lt;TState&gt; Ignis.Containers.MEDIContainer`1::Register(System.Type,System.Type)</Name>
              <FileRef uid="18" />
              <SequencePoints>
                <SequencePoint vc="2" uspid="192" ordinal="0" sl="192" sc="1" el="192" ec="2" bec="0" bev="0" fileid="18" />
                <SequencePoint vc="2" uspid="193" ordinal="1" sl="193" sc="1" el="193" ec="2" bec="2" bev="2" fileid="18" />
                <SequencePoint vc="1" uspid="195" ordinal="2" sl="195" sc="1" el="195" ec="2" bec="0" bev="0" fileid="18" />
                <SequencePoint vc="1" uspid="196" ordinal="3" sl="196" sc="1" el="196" ec="2" bec="0" bev="0" fileid="18" />
                <SequencePoint vc="1" uspid="198" ordinal="4" sl="198" sc="1" el="198" ec="2" bec="2" bev="1" fileid="18" />
                <SequencePoint vc="1" uspid="200" ordinal="5" sl="200" sc="1" el="200" ec="2" bec="2" bev="2" fileid="18" />
                <SequencePoint vc="1" uspid="201" ordinal="6" sl="201" sc="1" el="201" ec="2" bec="0" bev="0" fileid="18" />
                <SequencePoint vc="2" uspid="202" ordinal="7" sl="202" sc="1" el="202" ec="2" bec="0" bev="0" fileid="18" />
                <SequencePoint vc="2" uspid="203" ordinal="8" sl="203" sc="1" el="203" ec="2" bec="0" bev="0" fileid="18" />
                <SequencePoint vc="1" uspid="204" ordinal="9" sl="204" sc="1" el="204" ec="2" bec="2" bev="1" fileid="18" />
                <SequencePoint vc="0" uspid="205" ordinal="10" sl="205" sc="1" el="205" ec="2" bec="0" bev="0" fileid="18" />
                <SequencePoint vc="0" uspid="206" ordinal="11" sl="206" sc="1" el="206" ec="2" bec="0" bev="0" fileid="18" />
                <SequencePoint vc="1" uspid="207" ordinal="12" sl="207" sc="1" el="207" ec="2" bec="0" bev="0" fileid="18" />
                <SequencePoint vc="1" uspid="208" ordinal="13" sl="208" sc="1" el="208" ec="2" bec="0" bev="0" fileid="18" />
                <SequencePoint vc="1" uspid="209" ordinal="14" sl="209" sc="1" el="209" ec="2" bec="0" bev="0" fileid="18" />
                <SequencePoint vc="0" uspid="213" ordinal="15" sl="213" sc="1" el="213" ec="2" bec="0" bev="0" fileid="18" />
                <SequencePoint vc="2" uspid="216" ordinal="16" sl="216" sc="1" el="216" ec="2" bec="0" bev="0" fileid="18" />
                <SequencePoint vc="2" uspid="217" ordinal="17" sl="217" sc="1" el="217" ec="2" bec="0" bev="0" fileid="18" />
              </SequencePoints>
              <BranchPoints>
                <BranchPoint vc="1" uspid="193" ordinal="0" path="0" offset="18" offsetend="20" sl="193" fileid="18" />
                <BranchPoint vc="1" uspid="193" ordinal="1" path="1" offset="18" offsetend="51" sl="193" fileid="18" />
                <BranchPoint vc="1" uspid="198" ordinal="2" path="0" offset="67" offsetend="69" sl="198" fileid="18" />
                <BranchPoint vc="1" uspid="200" ordinal="4" path="0" offset="81" offsetend="83" sl="200" fileid="18" />
                <BranchPoint vc="1" uspid="200" ordinal="5" path="1" offset="81" offsetend="106" sl="200" fileid="18" />
                <BranchPoint vc="0" uspid="204" ordinal="6" path="0" offset="118" offsetend="120" sl="204" fileid="18" />
                <BranchPoint vc="1" uspid="204" ordinal="7" path="1" offset="118" offsetend="131" sl="204" fileid="18" />
                <BranchPoint vc="0" uspid="198" ordinal="3" path="1" offset="67" offsetend="168" sl="198" fileid="18" />
              </BranchPoints>
              <MethodPoint vc="15" uspid="0" p8:type="SequencePoint" ordinal="20" offset="20" sc="0" sl="192" ec="1" el="217" bec="0" bev="0" fileid="18" xmlns:p8="xsi" />
            </Method>
            <Method cyclomaticComplexity="2" nPathComplexity="0" sequenceCoverage="66.66" branchCoverage="50" isConstructor="False" isGetter="False" isSetter="False" isStatic="True">
              <Summary numSequencePoints="3" visitedSequencePoints="2" numBranchPoints="2" visitedBranchPoints="1" sequenceCoverage="66.66" branchCoverage="50" maxCyclomaticComplexity="2" minCyclomaticComplexity="2" visitedClasses="0" numClasses="0" visitedMethods="1" numMethods="1" />
              <MetadataToken />
              <Name>System.Object Ignis.Containers.MEDIContainer`1::Resolve(System.Type)</Name>
              <FileRef uid="18" />
              <SequencePoints>
                <SequencePoint vc="29" uspid="222" ordinal="0" sl="222" sc="1" el="222" ec="2" bec="2" bev="1" fileid="18" />
                <SequencePoint vc="0" uspid="223" ordinal="1" sl="223" sc="1" el="223" ec="2" bec="0" bev="0" fileid="18" />
                <SequencePoint vc="29" uspid="224" ordinal="2" sl="224" sc="1" el="224" ec="2" bec="0" bev="0" fileid="18" />
              </SequencePoints>
              <BranchPoints>
                <BranchPoint vc="0" uspid="222" ordinal="0" path="0" offset="6" offsetend="8" sl="222" fileid="18" />
                <BranchPoint vc="29" uspid="222" ordinal="1" path="1" offset="6" offsetend="19" sl="222" fileid="18" />
              </BranchPoints>
              <MethodPoint vc="2" uspid="0" p8:type="SequencePoint" ordinal="21" offset="21" sc="0" sl="222" ec="1" el="224" bec="0" bev="0" fileid="18" xmlns:p8="xsi" />
            </Method>
            <Method cyclomaticComplexity="1" nPathComplexity="0" sequenceCoverage="100" branchCoverage="100" isConstructor="False" isGetter="False" isSetter="False" isStatic="True">
              <Summary numSequencePoints="1" visitedSequencePoints="1" numBranchPoints="0" visitedBranchPoints="0" sequenceCoverage="100" branchCoverage="100" maxCyclomaticComplexity="1" minCyclomaticComplexity="1" visitedClasses="0" numClasses="0" visitedMethods="1" numMethods="1" />
              <MetadataToken />
              <Name>System.Boolean Ignis.Containers.MEDIContainer`1::IsBuilt()</Name>
              <FileRef uid="18" />
              <SequencePoints>
                <SequencePoint vc="2" uspid="239" ordinal="0" sl="239" sc="1" el="239" ec="2" bec="0" bev="0" fileid="18" />
              </SequencePoints>
              <BranchPoints />
              <MethodPoint vc="1" uspid="0" p8:type="SequencePoint" ordinal="22" offset="22" sc="0" sl="239" ec="1" el="239" bec="0" bev="0" fileid="18" xmlns:p8="xsi" />
            </Method>
            <Method cyclomaticComplexity="1" nPathComplexity="0" sequenceCoverage="100" branchCoverage="100" isConstructor="True" isGetter="False" isSetter="False" isStatic="True">
              <Summary numSequencePoints="11" visitedSequencePoints="11" numBranchPoints="0" visitedBranchPoints="0" sequenceCoverage="100" branchCoverage="100" maxCyclomaticComplexity="1" minCyclomaticComplexity="1" visitedClasses="0" numClasses="0" visitedMethods="1" numMethods="1" />
              <MetadataToken />
              <Name>System.Void Ignis.Containers.MEDIContainer`1::.ctor()</Name>
              <FileRef uid="18" />
              <SequencePoints>
                <SequencePoint vc="3" uspid="15" ordinal="0" sl="15" sc="1" el="15" ec="2" bec="0" bev="0" fileid="18" />
                <SequencePoint vc="3" uspid="17" ordinal="1" sl="17" sc="1" el="17" ec="2" bec="0" bev="0" fileid="18" />
                <SequencePoint vc="3" uspid="18" ordinal="2" sl="18" sc="1" el="18" ec="2" bec="0" bev="0" fileid="18" />
                <SequencePoint vc="3" uspid="20" ordinal="3" sl="20" sc="1" el="20" ec="2" bec="0" bev="0" fileid="18" />
                <SequencePoint vc="3" uspid="21" ordinal="4" sl="21" sc="1" el="21" ec="2" bec="0" bev="0" fileid="18" />
                <SequencePoint vc="3" uspid="26" ordinal="5" sl="26" sc="1" el="26" ec="2" bec="0" bev="0" fileid="18" />
                <SequencePoint vc="3" uspid="28" ordinal="6" sl="28" sc="1" el="28" ec="2" bec="0" bev="0" fileid="18" />
                <SequencePoint vc="3" uspid="29" ordinal="7" sl="29" sc="1" el="29" ec="2" bec="0" bev="0" fileid="18" />
                <SequencePoint vc="3" uspid="30" ordinal="8" sl="30" sc="1" el="30" ec="2" bec="0" bev="0" fileid="18" />
                <SequencePoint vc="3" uspid="31" ordinal="9" sl="31" sc="1" el="31" ec="2" bec="0" bev="0" fileid="18" />
                <SequencePoint vc="3" uspid="32" ordinal="10" sl="32" sc="1" el="32" ec="2" bec="0" bev="0" fileid="18" />
              </SequencePoints>
              <BranchPoints />
              <MethodPoint vc="11" uspid="0" p8:type="SequencePoint" ordinal="23" offset="23" sc="0" sl="15" ec="1" el="32" bec="0" bev="0" fileid="18" xmlns:p8="xsi" />
            </Method>
          </Methods>
        </Class>
      </Classes>
    </Module>
  </Modules>
</CoverageSession>